Log file open, 10/01/19 09:48:54
LogWindows: Failed to load 'aqProf.dll' (GetLastError=126)
LogWindows: File 'aqProf.dll' does not exist
LogWindows: Failed to load 'VtuneApi.dll' (GetLastError=126)
LogWindows: File 'VtuneApi.dll' does not exist
LogWindows: Failed to load 'VtuneApi32e.dll' (GetLastError=126)
LogWindows: File 'VtuneApi32e.dll' does not exist
LogConsoleResponse: Display: Failed to find resolution value strings in scalability ini. Falling back to default.
LogInit: Display: Running engine for game: ProjectBronze
LogPlatformFile: Not using cached read wrapper
LogTaskGraph: Started task graph with 5 named threads and 35 total threads with 3 sets of task threads.
LogStats: Stats thread started at 0.061800
LogD3D11RHI: Loaded GFSDK_Aftermath_Lib.x64.dll
LogICUInternationalization: ICU TimeZone Detection - Raw Offset: -5:00, Platform Override: ''
LogPluginManager: Mounting plugin Paper2D
LogPluginManager: Mounting plugin AISupport
LogPluginManager: Mounting plugin LightPropagationVolume
LogPluginManager: Mounting plugin ActorLayerUtilities
LogPluginManager: Mounting plugin AnimationSharing
LogPluginManager: Mounting plugin CLionSourceCodeAccess
LogPluginManager: Mounting plugin CodeLiteSourceCodeAccess
LogPluginManager: Mounting plugin GitSourceControl
LogPluginManager: Mounting plugin KDevelopSourceCodeAccess
LogPluginManager: Mounting plugin NullSourceCodeAccess
LogPluginManager: Mounting plugin PerforceSourceControl
LogPluginManager: Mounting plugin SubversionSourceControl
LogPluginManager: Mounting plugin UObjectPlugin
LogPluginManager: Mounting plugin VisualStudioCodeSourceCodeAccess
LogPluginManager: Mounting plugin VisualStudioSourceCodeAccess
LogPluginManager: Mounting plugin XCodeSourceCodeAccess
LogPluginManager: Mounting plugin AssetManagerEditor
LogPluginManager: Mounting plugin CryptoKeys
LogPluginManager: Mounting plugin CurveEditorTools
LogPluginManager: Mounting plugin DataValidation
LogPluginManager: Mounting plugin FacialAnimation
LogPluginManager: Mounting plugin GameplayTagsEditor
LogPluginManager: Mounting plugin MacGraphicsSwitching
LogPluginManager: Mounting plugin MaterialAnalyzer
LogPluginManager: Mounting plugin MobileLauncherProfileWizard
LogPluginManager: Mounting plugin PluginBrowser
LogPluginManager: Mounting plugin SpeedTreeImporter
LogPluginManager: Mounting plugin DatasmithContent
LogPluginManager: Mounting plugin VariantManagerContent
LogPluginManager: Mounting plugin AlembicImporter
LogPluginManager: Mounting plugin AutomationUtils
LogPluginManager: Mounting plugin BackChannel
LogPluginManager: Mounting plugin CharacterAI
LogPluginManager: Mounting plugin GeometryCache
LogPluginManager: Mounting plugin HTML5Networking
LogPluginManager: Mounting plugin PlatformCrypto
LogPluginManager: Mounting plugin ProxyLODPlugin
LogPluginManager: Mounting plugin SkeletalReduction
LogPluginManager: Mounting plugin MagicLeap
LogPluginManager: Mounting plugin MagicLeapMedia
LogPluginManager: Mounting plugin AndroidMedia
LogPluginManager: Mounting plugin AvfMedia
LogPluginManager: Mounting plugin ImgMedia
LogPluginManager: Mounting plugin MediaCompositing
LogPluginManager: Mounting plugin MediaPlayerEditor
LogPluginManager: Mounting plugin WebMMedia
LogPluginManager: Mounting plugin WmfMedia
LogPluginManager: Mounting plugin TcpMessaging
LogPluginManager: Mounting plugin UdpMessaging
LogPluginManager: Mounting plugin ActorSequence
LogPluginManager: Mounting plugin LevelSequenceEditor
LogPluginManager: Mounting plugin MatineeToLevelSequence
LogPluginManager: Mounting plugin NetcodeUnitTest
LogPluginManager: Mounting plugin NUTUnrealEngine4
LogPluginManager: Mounting plugin OnlineSubsystemGooglePlay
LogPluginManager: Mounting plugin OnlineSubsystemIOS
LogPluginManager: Mounting plugin OnlineSubsystem
LogPluginManager: Mounting plugin OnlineSubsystemNull
LogPluginManager: Mounting plugin OnlineSubsystemUtils
LogPluginManager: Mounting plugin LauncherChunkInstaller
LogPluginManager: Mounting plugin AndroidDeviceProfileSelector
LogPluginManager: Mounting plugin AndroidMoviePlayer
LogPluginManager: Mounting plugin AndroidPermission
LogPluginManager: Mounting plugin AppleImageUtils
LogPluginManager: Mounting plugin AppleMoviePlayer
LogPluginManager: Mounting plugin ArchVisCharacter
LogPluginManager: Mounting plugin AudioCapture
LogPluginManager: Mounting plugin CableComponent
LogPluginManager: Mounting plugin CustomMeshComponent
LogPluginManager: Mounting plugin EditableMesh
LogPluginManager: Mounting plugin ExampleDeviceProfileSelector
LogPluginManager: Mounting plugin GoogleCloudMessaging
LogPluginManager: Mounting plugin IOSDeviceProfileSelector
LogPluginManager: Mounting plugin LinuxDeviceProfileSelector
LogPluginManager: Mounting plugin LocationServicesBPLibrary
LogPluginManager: Mounting plugin MobilePatchingUtils
LogPluginManager: Mounting plugin OculusVR
LogPluginManager: Mounting plugin PhysXVehicles
LogPluginManager: Mounting plugin ProceduralMeshComponent
LogPluginManager: Mounting plugin RuntimePhysXCooking
LogPluginManager: Mounting plugin SignificanceManager
LogPluginManager: Mounting plugin SteamVR
LogPluginManager: Mounting plugin WebMMoviePlayer
LogPluginManager: Mounting plugin WindowsMoviePlayer
LogPluginManager: Mounting plugin ScreenshotTools
LogInit: Using libcurl 7.55.1-DEV
LogInit:  - built for x86_64-pc-win32
LogInit:  - supports SSL with OpenSSL/1.1.1
LogInit:  - supports HTTP deflate (compression) using libz 1.2.8
LogInit:  - other features:
LogInit:      CURL_VERSION_SSL
LogInit:      CURL_VERSION_LIBZ
LogInit:      CURL_VERSION_IPV6
LogInit:      CURL_VERSION_ASYNCHDNS
LogInit:      CURL_VERSION_LARGEFILE
LogInit:      CURL_VERSION_IDN
LogInit:  CurlRequestOptions (configurable via config and command line):
LogInit:  - bVerifyPeer = true  - Libcurl will verify peer certificate
LogInit:  - bUseHttpProxy = false  - Libcurl will NOT use HTTP proxy
LogInit:  - bDontReuseConnections = false  - Libcurl will reuse connections
LogInit:  - MaxHostConnections = 16  - Libcurl will limit the number of connections to a host
LogInit:  - LocalHostAddr = Default
LogInit:  - BufferSize = 65536
LogOnline: OSS: Creating online subsystem instance for: NULL
LogInit: WinSock: version 1.1 (2.2), MaxSocks=32767, MaxUdp=65467
LogInit: Build: ++UE4+Release-4.23-CL-8386587
LogInit: Engine Version: 4.23.0-8386587+++UE4+Release-4.23
LogInit: Compatible Engine Version: 4.23.0-8386587+++UE4+Release-4.23
LogInit: Net CL: 8386587
LogInit: OS: Windows 10 (Release 1809) (), CPU: Intel(R) Core(TM) i7-8750H CPU @ 2.20GHz, GPU: NVIDIA GeForce GTX 1070
LogInit: Compiled (64-bit): Aug 31 2019 02:04:44
LogInit: Compiled with Visual C++: 19.16.27030.01
LogInit: Build Configuration: Development
LogInit: Branch Name: ++UE4+Release-4.23
LogInit: Command Line:  -EpicPortal -epicusername=SeniorProject -epicuserid=98adff1fe0394c61940536c63b93d1ae -epiclocale=en-US
LogInit: Base Directory: D:/Epic Games/UE_4.23/Engine/Binaries/Win64/
LogInit: Installed Engine Build: 1
LogDevObjectVersion: Number of dev versions registered: 23
LogDevObjectVersion:   Dev-Blueprints (B0D832E4-1F89-4F0D-ACCF-7EB736FD4AA2): 10
LogDevObjectVersion:   Dev-Build (E1C64328-A22C-4D53-A36C-8E866417BD8C): 0
LogDevObjectVersion:   Dev-Core (375EC13C-06E4-48FB-B500-84F0262A717E): 3
LogDevObjectVersion:   Dev-Editor (E4B068ED-F494-42E9-A231-DA0B2E46BB41): 34
LogDevObjectVersion:   Dev-Framework (CFFC743F-43B0-4480-9391-14DF171D2073): 35
LogDevObjectVersion:   Dev-Mobile (B02B49B5-BB20-44E9-A304-32B752E40360): 2
LogDevObjectVersion:   Dev-Networking (A4E4105C-59A1-49B5-A7C5-40C4547EDFEE): 0
LogDevObjectVersion:   Dev-Online (39C831C9-5AE6-47DC-9A44-9C173E1C8E7C): 0
LogDevObjectVersion:   Dev-Physics (78F01B33-EBEA-4F98-B9B4-84EACCB95AA2): 0
LogDevObjectVersion:   Dev-Platform (6631380F-2D4D-43E0-8009-CF276956A95A): 0
LogDevObjectVersion:   Dev-Rendering (12F88B9F-8875-4AFC-A67C-D90C383ABD29): 31
LogDevObjectVersion:   Dev-Sequencer (7B5AE74C-D270-4C10-A958-57980B212A5A): 11
LogDevObjectVersion:   Dev-VR (D7296918-1DD6-4BDD-9DE2-64A83CC13884): 2
LogDevObjectVersion:   Dev-LoadTimes (C2A15278-BFE7-4AFE-6C17-90FF531DF755): 1
LogDevObjectVersion:   Private-Geometry (6EACA3D4-40EC-4CC1-B786-8BED09428FC5): 3
LogDevObjectVersion:   Dev-AnimPhys (29E575DD-E0A3-4627-9D10-D276232CDCEA): 17
LogDevObjectVersion:   Dev-Anim (AF43A65D-7FD3-4947-9873-3E8ED9C1BB05): 2
LogDevObjectVersion:   Dev-ReflectionCapture (6B266CEC-1EC7-4B8F-A30B-E4D90942FC07): 1
LogDevObjectVersion:   Dev-Automation (0DF73D61-A23F-47EA-B727-89E90C41499A): 1
LogDevObjectVersion:   FortniteMain (601D1886-AC64-4F84-AA16-D3DE0DEAC7D6): 27
LogDevObjectVersion:   Dev-Enterprise (9DFFBCD6-494F-0158-E221-12823C92A888): 6
LogDevObjectVersion:   Dev-Niagara (F2AED0AC-9AFE-416F-8664-AA7FFA26D6FC): 1
LogDevObjectVersion:   Dev-Destruction (174F1F0B-B4C6-45A5-B13F-2EE8D0FB917D): 9
LogInit: Presizing for max 16777216 objects, including 0 objects not considered by GC, pre-allocating 0 bytes for permanent pool.
LogInit: Object subsystem initialized
LogConfig: Setting CVar [[con.DebugEarlyDefault:1]]
LogConfig: Setting CVar [[r.setres:1280x720]]
[2019.10.01-13.48.54:171][  0]LogConfig: Setting CVar [[r.VSync:0]]
[2019.10.01-13.48.54:171][  0]LogConfig: Setting CVar [[r.RHICmdBypass:0]]
[2019.10.01-13.48.54:171][  0]LogConfig: Applying CVar settings from Section [/Script/Engine.RendererSettings] File [D:/REPOS/ProjectBronze/ProjectBronze/Saved/Config/Windows/Engine.ini]
[2019.10.01-13.48.54:171][  0]LogConfig: Setting CVar [[r.GPUCrashDebugging:0]]
[2019.10.01-13.48.54:171][  0]LogConfig: Applying CVar settings from Section [/Script/Engine.RendererOverrideSettings] File [D:/REPOS/ProjectBronze/ProjectBronze/Saved/Config/Windows/Engine.ini]
[2019.10.01-13.48.54:171][  0]LogConfig: Applying CVar settings from Section [/Script/Engine.StreamingSettings] File [D:/REPOS/ProjectBronze/ProjectBronze/Saved/Config/Windows/Engine.ini]
[2019.10.01-13.48.54:172][  0]LogConfig: Setting CVar [[s.MinBulkDataSizeForAsyncLoading:131072]]
[2019.10.01-13.48.54:172][  0]LogConfig: Setting CVar [[s.AsyncLoadingThreadEnabled:0]]
[2019.10.01-13.48.54:172][  0]LogConfig: Setting CVar [[s.EventDrivenLoaderEnabled:1]]
[2019.10.01-13.48.54:172][  0]LogConfig: Setting CVar [[s.WarnIfTimeLimitExceeded:0]]
[2019.10.01-13.48.54:172][  0]LogConfig: Setting CVar [[s.TimeLimitExceededMultiplier:1.5]]
[2019.10.01-13.48.54:172][  0]LogConfig: Setting CVar [[s.TimeLimitExceededMinTime:0.005]]
[2019.10.01-13.48.54:172][  0]LogConfig: Setting CVar [[s.UseBackgroundLevelStreaming:1]]
[2019.10.01-13.48.54:172][  0]LogConfig: Setting CVar [[s.PriorityAsyncLoadingExtraTime:15.0]]
[2019.10.01-13.48.54:172][  0]LogConfig: Setting CVar [[s.LevelStreamingActorsUpdateTimeLimit:5.0]]
[2019.10.01-13.48.54:172][  0]LogConfig: Setting CVar [[s.PriorityLevelStreamingActorsUpdateExtraTime:5.0]]
[2019.10.01-13.48.54:172][  0]LogConfig: Setting CVar [[s.LevelStreamingComponentsRegistrationGranularity:10]]
[2019.10.01-13.48.54:172][  0]LogConfig: Setting CVar [[s.UnregisterComponentsTimeLimit:1.0]]
[2019.10.01-13.48.54:172][  0]LogConfig: Setting CVar [[s.LevelStreamingComponentsUnregistrationGranularity:5]]
[2019.10.01-13.48.54:172][  0]LogConfig: Applying CVar settings from Section [/Script/Engine.GarbageCollectionSettings] File [D:/REPOS/ProjectBronze/ProjectBronze/Saved/Config/Windows/Engine.ini]
[2019.10.01-13.48.54:172][  0]LogConfig: Setting CVar [[gc.MaxObjectsNotConsideredByGC:1]]
[2019.10.01-13.48.54:172][  0]LogConfig: Setting CVar [[gc.SizeOfPermanentObjectPool:0]]
[2019.10.01-13.48.54:172][  0]LogConfig: Setting CVar [[gc.FlushStreamingOnGC:0]]
[2019.10.01-13.48.54:172][  0]LogConfig: Setting CVar [[gc.NumRetriesBeforeForcingGC:10]]
[2019.10.01-13.48.54:172][  0]LogConfig: Setting CVar [[gc.AllowParallelGC:1]]
[2019.10.01-13.48.54:172][  0]LogConfig: Setting CVar [[gc.TimeBetweenPurgingPendingKillObjects:61.1]]
[2019.10.01-13.48.54:172][  0]LogConfig: Setting CVar [[gc.MaxObjectsInEditor:16777216]]
[2019.10.01-13.48.54:172][  0]LogConfig: Setting CVar [[gc.IncrementalBeginDestroyEnabled:1]]
[2019.10.01-13.48.54:172][  0]LogConfig: Setting CVar [[gc.CreateGCClusters:1]]
[2019.10.01-13.48.54:172][  0]LogConfig: Setting CVar [[gc.MinGCClusterSize:5]]
[2019.10.01-13.48.54:172][  0]LogConfig: Setting CVar [[gc.ActorClusteringEnabled:0]]
[2019.10.01-13.48.54:172][  0]LogConfig: Setting CVar [[gc.BlueprintClusteringEnabled:0]]
[2019.10.01-13.48.54:172][  0]LogConfig: Setting CVar [[gc.UseDisregardForGCOnDedicatedServers:0]]
[2019.10.01-13.48.54:172][  0]LogConfig: Applying CVar settings from Section [/Script/Engine.NetworkSettings] File [D:/REPOS/ProjectBronze/ProjectBronze/Saved/Config/Windows/Engine.ini]
[2019.10.01-13.48.54:172][  0]LogConfig: Applying CVar settings from Section [/Script/UnrealEd.CookerSettings] File [D:/REPOS/ProjectBronze/ProjectBronze/Saved/Config/Windows/Engine.ini]
[2019.10.01-13.48.54:174][  0]LogConfig: Applying CVar settings from Section [ViewDistanceQuality@3] File [D:/REPOS/ProjectBronze/ProjectBronze/Saved/Config/Windows/Scalability.ini]
[2019.10.01-13.48.54:174][  0]LogConfig: Setting CVar [[r.SkeletalMeshLODBias:0]]
[2019.10.01-13.48.54:174][  0]LogConfig: Setting CVar [[r.ViewDistanceScale:1.0]]
[2019.10.01-13.48.54:174][  0]LogConfig: Applying CVar settings from Section [AntiAliasingQuality@3] File [D:/REPOS/ProjectBronze/ProjectBronze/Saved/Config/Windows/Scalability.ini]
[2019.10.01-13.48.54:174][  0]LogConfig: Setting CVar [[r.PostProcessAAQuality:4]]
[2019.10.01-13.48.54:174][  0]LogConfig: Applying CVar settings from Section [ShadowQuality@3] File [D:/REPOS/ProjectBronze/ProjectBronze/Saved/Config/Windows/Scalability.ini]
[2019.10.01-13.48.54:174][  0]LogConfig: Setting CVar [[r.LightFunctionQuality:1]]
[2019.10.01-13.48.54:174][  0]LogConfig: Setting CVar [[r.ShadowQuality:5]]
[2019.10.01-13.48.54:174][  0]LogConfig: Setting CVar [[r.Shadow.CSM.MaxCascades:10]]
[2019.10.01-13.48.54:174][  0]LogConfig: Setting CVar [[r.Shadow.MaxResolution:2048]]
[2019.10.01-13.48.54:174][  0]LogConfig: Setting CVar [[r.Shadow.MaxCSMResolution:2048]]
[2019.10.01-13.48.54:174][  0]LogConfig: Setting CVar [[r.Shadow.RadiusThreshold:0.01]]
[2019.10.01-13.48.54:175][  0]LogConfig: Setting CVar [[r.Shadow.DistanceScale:1.0]]
[2019.10.01-13.48.54:175][  0]LogConfig: Setting CVar [[r.Shadow.CSM.TransitionScale:1.0]]
[2019.10.01-13.48.54:175][  0]LogConfig: Setting CVar [[r.Shadow.PreShadowResolutionFactor:1.0]]
[2019.10.01-13.48.54:175][  0]LogConfig: Setting CVar [[r.DistanceFieldShadowing:1]]
[2019.10.01-13.48.54:175][  0]LogConfig: Setting CVar [[r.DistanceFieldAO:1]]
[2019.10.01-13.48.54:175][  0]LogConfig: Setting CVar [[r.AOQuality:2]]
[2019.10.01-13.48.54:175][  0]LogConfig: Setting CVar [[r.VolumetricFog:1]]
[2019.10.01-13.48.54:175][  0]LogConfig: Setting CVar [[r.VolumetricFog.GridPixelSize:8]]
[2019.10.01-13.48.54:175][  0]LogConfig: Setting CVar [[r.VolumetricFog.GridSizeZ:128]]
[2019.10.01-13.48.54:175][  0]LogConfig: Setting CVar [[r.VolumetricFog.HistoryMissSupersampleCount:4]]
[2019.10.01-13.48.54:175][  0]LogConfig: Setting CVar [[r.LightMaxDrawDistanceScale:1]]
[2019.10.01-13.48.54:175][  0]LogConfig: Setting CVar [[r.CapsuleShadows:1]]
[2019.10.01-13.48.54:175][  0]LogConfig: Applying CVar settings from Section [PostProcessQuality@3] File [D:/REPOS/ProjectBronze/ProjectBronze/Saved/Config/Windows/Scalability.ini]
[2019.10.01-13.48.54:175][  0]LogConfig: Setting CVar [[r.MotionBlurQuality:4]]
[2019.10.01-13.48.54:175][  0]LogConfig: Setting CVar [[r.AmbientOcclusionMipLevelFactor:0.4]]
[2019.10.01-13.48.54:175][  0]LogConfig: Setting CVar [[r.AmbientOcclusionMaxQuality:100]]
[2019.10.01-13.48.54:175][  0]LogConfig: Setting CVar [[r.AmbientOcclusionLevels:-1]]
[2019.10.01-13.48.54:175][  0]LogConfig: Setting CVar [[r.AmbientOcclusionRadiusScale:1.0]]
[2019.10.01-13.48.54:175][  0]LogConfig: Setting CVar [[r.DepthOfFieldQuality:2]]
[2019.10.01-13.48.54:175][  0]LogConfig: Setting CVar [[r.RenderTargetPoolMin:400]]
[2019.10.01-13.48.54:175][  0]LogConfig: Setting CVar [[r.LensFlareQuality:2]]
[2019.10.01-13.48.54:175][  0]LogConfig: Setting CVar [[r.SceneColorFringeQuality:1]]
[2019.10.01-13.48.54:175][  0]LogConfig: Setting CVar [[r.EyeAdaptationQuality:2]]
[2019.10.01-13.48.54:175][  0]LogConfig: Setting CVar [[r.BloomQuality:5]]
[2019.10.01-13.48.54:175][  0]LogConfig: Setting CVar [[r.FastBlurThreshold:100]]
[2019.10.01-13.48.54:175][  0]LogConfig: Setting CVar [[r.Upscale.Quality:3]]
[2019.10.01-13.48.54:175][  0]LogConfig: Setting CVar [[r.Tonemapper.GrainQuantization:1]]
[2019.10.01-13.48.54:175][  0]LogConfig: Setting CVar [[r.LightShaftQuality:1]]
[2019.10.01-13.48.54:175][  0]LogConfig: Setting CVar [[r.Filter.SizeScale:1]]
[2019.10.01-13.48.54:175][  0]LogConfig: Setting CVar [[r.Tonemapper.Quality:5]]
[2019.10.01-13.48.54:175][  0]LogConfig: Setting CVar [[r.DOF.Gather.AccumulatorQuality:1        ; higher gathering accumulator quality]]
[2019.10.01-13.48.54:175][  0]LogConfig: Setting CVar [[r.DOF.Gather.PostfilterMethod:1          ; Median3x3 postfilering method]]
[2019.10.01-13.48.54:175][  0]LogConfig: Setting CVar [[r.DOF.Gather.EnableBokehSettings:0       ; no bokeh simulation when gathering]]
[2019.10.01-13.48.54:175][  0]LogConfig: Setting CVar [[r.DOF.Gather.RingCount:4                 ; medium number of samples when gathering]]
[2019.10.01-13.48.54:175][  0]LogConfig: Setting CVar [[r.DOF.Scatter.ForegroundCompositing:1    ; additive foreground scattering]]
[2019.10.01-13.48.54:175][  0]LogConfig: Setting CVar [[r.DOF.Scatter.BackgroundCompositing:2    ; additive background scattering]]
[2019.10.01-13.48.54:175][  0]LogConfig: Setting CVar [[r.DOF.Scatter.EnableBokehSettings:1      ; bokeh simulation when scattering]]
[2019.10.01-13.48.54:175][  0]LogConfig: Setting CVar [[r.DOF.Scatter.MaxSpriteRatio:0.1         ; only a maximum of 10% of scattered bokeh]]
[2019.10.01-13.48.54:175][  0]LogConfig: Setting CVar [[r.DOF.Recombine.Quality:1                ; cheap slight out of focus]]
[2019.10.01-13.48.54:175][  0]LogConfig: Setting CVar [[r.DOF.Recombine.EnableBokehSettings:0    ; no bokeh simulation on slight out of focus]]
[2019.10.01-13.48.54:175][  0]LogConfig: Setting CVar [[r.DOF.TemporalAAQuality:1                ; more stable temporal accumulation]]
[2019.10.01-13.48.54:175][  0]LogConfig: Setting CVar [[r.DOF.Kernel.MaxForegroundRadius:0.025]]
[2019.10.01-13.48.54:175][  0]LogConfig: Setting CVar [[r.DOF.Kernel.MaxBackgroundRadius:0.025]]
[2019.10.01-13.48.54:175][  0]LogConfig: Applying CVar settings from Section [TextureQuality@3] File [D:/REPOS/ProjectBronze/ProjectBronze/Saved/Config/Windows/Scalability.ini]
[2019.10.01-13.48.54:175][  0]LogConfig: Setting CVar [[r.Streaming.MipBias:0]]
[2019.10.01-13.48.54:175][  0]LogConfig: Setting CVar [[r.Streaming.AmortizeCPUToGPUCopy:0]]
[2019.10.01-13.48.54:175][  0]LogConfig: Setting CVar [[r.Streaming.MaxNumTexturesToStreamPerFrame:0]]
[2019.10.01-13.48.54:175][  0]LogConfig: Setting CVar [[r.Streaming.Boost:1]]
[2019.10.01-13.48.54:175][  0]LogConfig: Setting CVar [[r.MaxAnisotropy:8]]
[2019.10.01-13.48.54:175][  0]LogConfig: Setting CVar [[r.Streaming.LimitPoolSizeToVRAM:0]]
[2019.10.01-13.48.54:175][  0]LogConfig: Setting CVar [[r.Streaming.PoolSize:1000]]
[2019.10.01-13.48.54:175][  0]LogConfig: Setting CVar [[r.Streaming.MaxEffectiveScreenSize:0]]
[2019.10.01-13.48.54:175][  0]LogConfig: Applying CVar settings from Section [EffectsQuality@3] File [D:/REPOS/ProjectBronze/ProjectBronze/Saved/Config/Windows/Scalability.ini]
[2019.10.01-13.48.54:175][  0]LogConfig: Setting CVar [[r.TranslucencyLightingVolumeDim:64]]
[2019.10.01-13.48.54:175][  0]LogConfig: Setting CVar [[r.RefractionQuality:2]]
[2019.10.01-13.48.54:175][  0]LogConfig: Setting CVar [[r.SSR.Quality:3]]
[2019.10.01-13.48.54:175][  0]LogConfig: Setting CVar [[r.SceneColorFormat:4]]
[2019.10.01-13.48.54:175][  0]LogConfig: Setting CVar [[r.DetailMode:2]]
[2019.10.01-13.48.54:175][  0]LogConfig: Setting CVar [[r.TranslucencyVolumeBlur:1]]
[2019.10.01-13.48.54:175][  0]LogConfig: Setting CVar [[r.MaterialQualityLevel:1 ; High quality]]
[2019.10.01-13.48.54:175][  0]LogConfig: Setting CVar [[r.SSS.Scale:1]]
[2019.10.01-13.48.54:175][  0]LogConfig: Setting CVar [[r.SSS.SampleSet:2]]
[2019.10.01-13.48.54:175][  0]LogConfig: Setting CVar [[r.SSS.Quality:1]]
[2019.10.01-13.48.54:175][  0]LogConfig: Setting CVar [[r.SSS.HalfRes:1]]
[2019.10.01-13.48.54:175][  0]LogConfig: Setting CVar [[r.EmitterSpawnRateScale:1.0]]
[2019.10.01-13.48.54:175][  0]LogConfig: Setting CVar [[r.ParticleLightQuality:2]]
[2019.10.01-13.48.54:175][  0]LogConfig: Applying CVar settings from Section [FoliageQuality@3] File [D:/REPOS/ProjectBronze/ProjectBronze/Saved/Config/Windows/Scalability.ini]
[2019.10.01-13.48.54:175][  0]LogConfig: Setting CVar [[foliage.DensityScale:1.0]]
[2019.10.01-13.48.54:175][  0]LogConfig: Setting CVar [[grass.DensityScale:1.0]]
[2019.10.01-13.48.54:176][  0]LogInit: Selected Device Profile: [Windows]
[2019.10.01-13.48.54:176][  0]LogInit: Applying CVar settings loaded from the selected device profile: [Windows]
[2019.10.01-13.48.54:178][  0]LogHAL: Display: Platform has ~ 16 GB [17031884800 / 17179869184 / 16], which maps to Larger [LargestMinGB=32, LargerMinGB=12, DefaultMinGB=8, SmallerMinGB=6, SmallestMinGB=0)
[2019.10.01-13.48.54:178][  0]LogInit: Going up to parent DeviceProfile []
[2019.10.01-13.48.54:178][  0]LogConfig: Applying CVar settings from Section [ViewDistanceQuality@3] File [D:/REPOS/ProjectBronze/ProjectBronze/Saved/Config/Windows/Scalability.ini]
[2019.10.01-13.48.54:178][  0]LogConfig: Setting CVar [[r.SkeletalMeshLODBias:0]]
[2019.10.01-13.48.54:178][  0]LogConfig: Setting CVar [[r.ViewDistanceScale:1.0]]
[2019.10.01-13.48.54:178][  0]LogConfig: Applying CVar settings from Section [AntiAliasingQuality@3] File [D:/REPOS/ProjectBronze/ProjectBronze/Saved/Config/Windows/Scalability.ini]
[2019.10.01-13.48.54:178][  0]LogConfig: Setting CVar [[r.PostProcessAAQuality:4]]
[2019.10.01-13.48.54:178][  0]LogConfig: Applying CVar settings from Section [ShadowQuality@3] File [D:/REPOS/ProjectBronze/ProjectBronze/Saved/Config/Windows/Scalability.ini]
[2019.10.01-13.48.54:178][  0]LogConfig: Setting CVar [[r.LightFunctionQuality:1]]
[2019.10.01-13.48.54:178][  0]LogConfig: Setting CVar [[r.ShadowQuality:5]]
[2019.10.01-13.48.54:178][  0]LogConfig: Setting CVar [[r.Shadow.CSM.MaxCascades:10]]
[2019.10.01-13.48.54:178][  0]LogConfig: Setting CVar [[r.Shadow.MaxResolution:2048]]
[2019.10.01-13.48.54:178][  0]LogConfig: Setting CVar [[r.Shadow.MaxCSMResolution:2048]]
[2019.10.01-13.48.54:178][  0]LogConfig: Setting CVar [[r.Shadow.RadiusThreshold:0.01]]
[2019.10.01-13.48.54:178][  0]LogConfig: Setting CVar [[r.Shadow.DistanceScale:1.0]]
[2019.10.01-13.48.54:178][  0]LogConfig: Setting CVar [[r.Shadow.CSM.TransitionScale:1.0]]
[2019.10.01-13.48.54:178][  0]LogConfig: Setting CVar [[r.Shadow.PreShadowResolutionFactor:1.0]]
[2019.10.01-13.48.54:178][  0]LogConfig: Setting CVar [[r.DistanceFieldShadowing:1]]
[2019.10.01-13.48.54:178][  0]LogConfig: Setting CVar [[r.DistanceFieldAO:1]]
[2019.10.01-13.48.54:178][  0]LogConfig: Setting CVar [[r.AOQuality:2]]
[2019.10.01-13.48.54:178][  0]LogConfig: Setting CVar [[r.VolumetricFog:1]]
[2019.10.01-13.48.54:178][  0]LogConfig: Setting CVar [[r.VolumetricFog.GridPixelSize:8]]
[2019.10.01-13.48.54:178][  0]LogConfig: Setting CVar [[r.VolumetricFog.GridSizeZ:128]]
[2019.10.01-13.48.54:178][  0]LogConfig: Setting CVar [[r.VolumetricFog.HistoryMissSupersampleCount:4]]
[2019.10.01-13.48.54:178][  0]LogConfig: Setting CVar [[r.LightMaxDrawDistanceScale:1]]
[2019.10.01-13.48.54:178][  0]LogConfig: Setting CVar [[r.CapsuleShadows:1]]
[2019.10.01-13.48.54:178][  0]LogConfig: Applying CVar settings from Section [PostProcessQuality@3] File [D:/REPOS/ProjectBronze/ProjectBronze/Saved/Config/Windows/Scalability.ini]
[2019.10.01-13.48.54:178][  0]LogConfig: Setting CVar [[r.MotionBlurQuality:4]]
[2019.10.01-13.48.54:178][  0]LogConfig: Setting CVar [[r.AmbientOcclusionMipLevelFactor:0.4]]
[2019.10.01-13.48.54:178][  0]LogConfig: Setting CVar [[r.AmbientOcclusionMaxQuality:100]]
[2019.10.01-13.48.54:178][  0]LogConfig: Setting CVar [[r.AmbientOcclusionLevels:-1]]
[2019.10.01-13.48.54:178][  0]LogConfig: Setting CVar [[r.AmbientOcclusionRadiusScale:1.0]]
[2019.10.01-13.48.54:178][  0]LogConfig: Setting CVar [[r.DepthOfFieldQuality:2]]
[2019.10.01-13.48.54:178][  0]LogConfig: Setting CVar [[r.RenderTargetPoolMin:400]]
[2019.10.01-13.48.54:178][  0]LogConfig: Setting CVar [[r.LensFlareQuality:2]]
[2019.10.01-13.48.54:178][  0]LogConfig: Setting CVar [[r.SceneColorFringeQuality:1]]
[2019.10.01-13.48.54:178][  0]LogConfig: Setting CVar [[r.EyeAdaptationQuality:2]]
[2019.10.01-13.48.54:178][  0]LogConfig: Setting CVar [[r.BloomQuality:5]]
[2019.10.01-13.48.54:178][  0]LogConfig: Setting CVar [[r.FastBlurThreshold:100]]
[2019.10.01-13.48.54:178][  0]LogConfig: Setting CVar [[r.Upscale.Quality:3]]
[2019.10.01-13.48.54:178][  0]LogConfig: Setting CVar [[r.Tonemapper.GrainQuantization:1]]
[2019.10.01-13.48.54:178][  0]LogConfig: Setting CVar [[r.LightShaftQuality:1]]
[2019.10.01-13.48.54:178][  0]LogConfig: Setting CVar [[r.Filter.SizeScale:1]]
[2019.10.01-13.48.54:178][  0]LogConfig: Setting CVar [[r.Tonemapper.Quality:5]]
[2019.10.01-13.48.54:178][  0]LogConfig: Setting CVar [[r.DOF.Gather.AccumulatorQuality:1        ; higher gathering accumulator quality]]
[2019.10.01-13.48.54:178][  0]LogConfig: Setting CVar [[r.DOF.Gather.PostfilterMethod:1          ; Median3x3 postfilering method]]
[2019.10.01-13.48.54:178][  0]LogConfig: Setting CVar [[r.DOF.Gather.EnableBokehSettings:0       ; no bokeh simulation when gathering]]
[2019.10.01-13.48.54:178][  0]LogConfig: Setting CVar [[r.DOF.Gather.RingCount:4                 ; medium number of samples when gathering]]
[2019.10.01-13.48.54:178][  0]LogConfig: Setting CVar [[r.DOF.Scatter.ForegroundCompositing:1    ; additive foreground scattering]]
[2019.10.01-13.48.54:178][  0]LogConfig: Setting CVar [[r.DOF.Scatter.BackgroundCompositing:2    ; additive background scattering]]
[2019.10.01-13.48.54:178][  0]LogConfig: Setting CVar [[r.DOF.Scatter.EnableBokehSettings:1      ; bokeh simulation when scattering]]
[2019.10.01-13.48.54:178][  0]LogConfig: Setting CVar [[r.DOF.Scatter.MaxSpriteRatio:0.1         ; only a maximum of 10% of scattered bokeh]]
[2019.10.01-13.48.54:178][  0]LogConfig: Setting CVar [[r.DOF.Recombine.Quality:1                ; cheap slight out of focus]]
[2019.10.01-13.48.54:178][  0]LogConfig: Setting CVar [[r.DOF.Recombine.EnableBokehSettings:0    ; no bokeh simulation on slight out of focus]]
[2019.10.01-13.48.54:178][  0]LogConfig: Setting CVar [[r.DOF.TemporalAAQuality:1                ; more stable temporal accumulation]]
[2019.10.01-13.48.54:178][  0]LogConfig: Setting CVar [[r.DOF.Kernel.MaxForegroundRadius:0.025]]
[2019.10.01-13.48.54:178][  0]LogConfig: Setting CVar [[r.DOF.Kernel.MaxBackgroundRadius:0.025]]
[2019.10.01-13.48.54:178][  0]LogConfig: Applying CVar settings from Section [TextureQuality@3] File [D:/REPOS/ProjectBronze/ProjectBronze/Saved/Config/Windows/Scalability.ini]
[2019.10.01-13.48.54:178][  0]LogConfig: Setting CVar [[r.Streaming.MipBias:0]]
[2019.10.01-13.48.54:178][  0]LogConfig: Setting CVar [[r.Streaming.AmortizeCPUToGPUCopy:0]]
[2019.10.01-13.48.54:178][  0]LogConfig: Setting CVar [[r.Streaming.MaxNumTexturesToStreamPerFrame:0]]
[2019.10.01-13.48.54:178][  0]LogConfig: Setting CVar [[r.Streaming.Boost:1]]
[2019.10.01-13.48.54:178][  0]LogConfig: Setting CVar [[r.MaxAnisotropy:8]]
[2019.10.01-13.48.54:178][  0]LogConfig: Setting CVar [[r.Streaming.LimitPoolSizeToVRAM:0]]
[2019.10.01-13.48.54:179][  0]LogConfig: Setting CVar [[r.Streaming.PoolSize:1000]]
[2019.10.01-13.48.54:179][  0]LogConfig: Setting CVar [[r.Streaming.MaxEffectiveScreenSize:0]]
[2019.10.01-13.48.54:179][  0]LogConfig: Applying CVar settings from Section [EffectsQuality@3] File [D:/REPOS/ProjectBronze/ProjectBronze/Saved/Config/Windows/Scalability.ini]
[2019.10.01-13.48.54:179][  0]LogConfig: Setting CVar [[r.TranslucencyLightingVolumeDim:64]]
[2019.10.01-13.48.54:179][  0]LogConfig: Setting CVar [[r.RefractionQuality:2]]
[2019.10.01-13.48.54:179][  0]LogConfig: Setting CVar [[r.SSR.Quality:3]]
[2019.10.01-13.48.54:179][  0]LogConfig: Setting CVar [[r.SceneColorFormat:4]]
[2019.10.01-13.48.54:179][  0]LogConfig: Setting CVar [[r.DetailMode:2]]
[2019.10.01-13.48.54:179][  0]LogConfig: Setting CVar [[r.TranslucencyVolumeBlur:1]]
[2019.10.01-13.48.54:179][  0]LogConfig: Setting CVar [[r.MaterialQualityLevel:1 ; High quality]]
[2019.10.01-13.48.54:179][  0]LogConfig: Setting CVar [[r.SSS.Scale:1]]
[2019.10.01-13.48.54:179][  0]LogConfig: Setting CVar [[r.SSS.SampleSet:2]]
[2019.10.01-13.48.54:179][  0]LogConfig: Setting CVar [[r.SSS.Quality:1]]
[2019.10.01-13.48.54:179][  0]LogConfig: Setting CVar [[r.SSS.HalfRes:1]]
[2019.10.01-13.48.54:179][  0]LogConfig: Setting CVar [[r.EmitterSpawnRateScale:1.0]]
[2019.10.01-13.48.54:179][  0]LogConfig: Setting CVar [[r.ParticleLightQuality:2]]
[2019.10.01-13.48.54:179][  0]LogConfig: Applying CVar settings from Section [FoliageQuality@3] File [D:/REPOS/ProjectBronze/ProjectBronze/Saved/Config/Windows/Scalability.ini]
[2019.10.01-13.48.54:179][  0]LogConfig: Setting CVar [[foliage.DensityScale:1.0]]
[2019.10.01-13.48.54:179][  0]LogConfig: Setting CVar [[grass.DensityScale:1.0]]
[2019.10.01-13.48.54:179][  0]LogConfig: Applying CVar settings from Section [Startup] File [../../../Engine/Config/ConsoleVariables.ini]
[2019.10.01-13.48.54:179][  0]LogConfig: Setting CVar [[net.UseAdaptiveNetUpdateFrequency:0]]
[2019.10.01-13.48.54:179][  0]LogConfig: Setting CVar [[p.chaos.AllowCreatePhysxBodies:1]]
[2019.10.01-13.48.54:179][  0]LogConfig: Applying CVar settings from Section [ConsoleVariables] File [D:/REPOS/ProjectBronze/ProjectBronze/Saved/Config/Windows/Engine.ini]
[2019.10.01-13.48.54:179][  0]LogInit: Computer: DESKTOP-J2AS69Q
[2019.10.01-13.48.54:179][  0]LogInit: User: Tiffany
[2019.10.01-13.48.54:179][  0]LogInit: CPU Page size=4096, Cores=6
[2019.10.01-13.48.54:179][  0]LogInit: High frequency timer resolution =10.000000 MHz
[2019.10.01-13.48.54:179][  0]LogMemory: Memory total: Physical=15.9GB (16GB approx)
[2019.10.01-13.48.54:179][  0]LogMemory: Platform Memory Stats for Windows
[2019.10.01-13.48.54:179][  0]LogMemory: Process Physical Memory: 101.90 MB used, 101.90 MB peak
[2019.10.01-13.48.54:179][  0]LogMemory: Process Virtual Memory: 100.16 MB used, 100.16 MB peak
[2019.10.01-13.48.54:179][  0]LogMemory: Physical Memory: 6362.39 MB used,  9880.48 MB free, 16242.87 MB total
[2019.10.01-13.48.54:179][  0]LogMemory: Virtual Memory: 4699.45 MB used,  134213032.00 MB free, 134217728.00 MB total
[2019.10.01-13.48.54:230][  0]LogWindows: WindowsPlatformFeatures enabled
[2019.10.01-13.48.54:245][  0]LogInit: Using OS detected language (en-US).
[2019.10.01-13.48.54:245][  0]LogInit: Using OS detected locale (en-CA).
[2019.10.01-13.48.54:246][  0]LogTextLocalizationManager: No specific localization for 'en-US' exists, so the 'en' localization will be used.
[2019.10.01-13.48.54:397][  0]LogInit: Setting process to per monitor DPI aware
[2019.10.01-13.48.54:453][  0]LogSlate: New Slate User Created.  User Index 0, Is Virtual User: 0
[2019.10.01-13.48.54:453][  0]LogSlate: Slate User Registered.  User Index 0, Is Virtual User: 0
[2019.10.01-13.48.54:564][  0]LogHMD: Failed to initialize OpenVR with code 100
[2019.10.01-13.48.54:564][  0]LogD3D11RHI: D3D11 adapters:
[2019.10.01-13.48.54:638][  0]LogD3D11RHI:    0. 'NVIDIA GeForce GTX 1070' (Feature Level 11_0)
[2019.10.01-13.48.54:638][  0]LogD3D11RHI:       8082/0/8121 MB DedicatedVideo/DedicatedSystem/SharedSystem, Outputs:1, VendorId:0x10de
[2019.10.01-13.48.54:665][  0]LogD3D11RHI:    1. 'Intel(R) UHD Graphics 630' (Feature Level 11_0)
[2019.10.01-13.48.54:665][  0]LogD3D11RHI:       128/0/8121 MB DedicatedVideo/DedicatedSystem/SharedSystem, Outputs:0, VendorId:0x8086
[2019.10.01-13.48.54:667][  0]LogD3D11RHI:    2. 'Microsoft Basic Render Driver' (Feature Level 11_0)
[2019.10.01-13.48.54:667][  0]LogD3D11RHI:       0/0/8121 MB DedicatedVideo/DedicatedSystem/SharedSystem, Outputs:0, VendorId:0x1414
[2019.10.01-13.48.54:667][  0]LogD3D11RHI: Chosen D3D11 Adapter: 0
[2019.10.01-13.48.54:678][  0]LogD3D11RHI: Creating new Direct3DDevice
[2019.10.01-13.48.54:678][  0]LogD3D11RHI:     GPU DeviceId: 0x1ba1 (for the marketing name, search the web for "GPU Device Id")
[2019.10.01-13.48.54:678][  0]LogWindows: EnumDisplayDevices:
[2019.10.01-13.48.54:678][  0]LogWindows:    0. 'NVIDIA GeForce GTX 1070' (P:1 D:1)
[2019.10.01-13.48.54:679][  0]LogWindows:    1. 'NVIDIA GeForce GTX 1070' (P:0 D:0)
[2019.10.01-13.48.54:679][  0]LogWindows:    2. 'NVIDIA GeForce GTX 1070' (P:0 D:0)
[2019.10.01-13.48.54:680][  0]LogWindows:    3. 'NVIDIA GeForce GTX 1070' (P:0 D:0)
[2019.10.01-13.48.54:680][  0]LogWindows:    4. 'Intel(R) UHD Graphics 630' (P:0 D:0)
[2019.10.01-13.48.54:680][  0]LogWindows:    5. 'Intel(R) UHD Graphics 630' (P:0 D:0)
[2019.10.01-13.48.54:680][  0]LogWindows:    6. 'Intel(R) UHD Graphics 630' (P:0 D:0)
[2019.10.01-13.48.54:681][  0]LogWindows: DebugString: PrimaryIsNotTheChoosenAdapter PrimaryIsNotTheChoosenAdapter PrimaryIsNotTheChoosenAdapter FoundDriverCount:4 
[2019.10.01-13.48.54:681][  0]LogD3D11RHI:     Adapter Name: NVIDIA GeForce GTX 1070
[2019.10.01-13.48.54:681][  0]LogD3D11RHI:   Driver Version: 436.30 (internal:26.21.14.3630, unified:436.30)
[2019.10.01-13.48.54:681][  0]LogD3D11RHI:      Driver Date: 9-5-2019
[2019.10.01-13.48.54:681][  0]LogRHI: Texture pool is 5657 MB (70% of 8082 MB)
[2019.10.01-13.48.54:729][  0]LogD3D11RHI: Async texture creation enabled
[2019.10.01-13.48.54:763][  0]LogD3D11RHI: GPU Timing Frequency: 1000.000000 (Debug: 2 1)
[2019.10.01-13.48.55:098][  0]LogTemp: Display: Module 'AllDesktopTargetPlatform' loaded TargetPlatform 'AllDesktop'
[2019.10.01-13.48.55:105][  0]LogTemp: Display: Module 'MacClientTargetPlatform' loaded TargetPlatform 'MacClient'
[2019.10.01-13.48.55:111][  0]LogTemp: Display: Module 'MacNoEditorTargetPlatform' loaded TargetPlatform 'MacNoEditor'
[2019.10.01-13.48.55:117][  0]LogTemp: Display: Module 'MacServerTargetPlatform' loaded TargetPlatform 'MacServer'
[2019.10.01-13.48.55:123][  0]LogTemp: Display: Module 'MacTargetPlatform' loaded TargetPlatform 'Mac'
[2019.10.01-13.48.55:130][  0]LogTemp: Display: Module 'WindowsClientTargetPlatform' loaded TargetPlatform 'WindowsClient'
[2019.10.01-13.48.55:136][  0]LogTemp: Display: Module 'WindowsNoEditorTargetPlatform' loaded TargetPlatform 'WindowsNoEditor'
[2019.10.01-13.48.55:143][  0]LogTemp: Display: Module 'WindowsServerTargetPlatform' loaded TargetPlatform 'WindowsServer'
[2019.10.01-13.48.55:146][  0]LogTemp: Display: Module 'WindowsTargetPlatform' loaded TargetPlatform 'Windows'
[2019.10.01-13.48.55:173][  0]LogTemp: Display: Module 'AndroidTargetPlatform' loaded TargetPlatform 'Android'
[2019.10.01-13.48.55:173][  0]LogTemp: Display: Module 'AndroidTargetPlatform' loaded TargetPlatform 'Android_ASTC'
[2019.10.01-13.48.55:173][  0]LogTemp: Display: Module 'AndroidTargetPlatform' loaded TargetPlatform 'Android_ATC'
[2019.10.01-13.48.55:173][  0]LogTemp: Display: Module 'AndroidTargetPlatform' loaded TargetPlatform 'Android_DXT'
[2019.10.01-13.48.55:173][  0]LogTemp: Display: Module 'AndroidTargetPlatform' loaded TargetPlatform 'Android_ETC1'
[2019.10.01-13.48.55:173][  0]LogTemp: Display: Module 'AndroidTargetPlatform' loaded TargetPlatform 'Android_ETC1a'
[2019.10.01-13.48.55:173][  0]LogTemp: Display: Module 'AndroidTargetPlatform' loaded TargetPlatform 'Android_ETC2'
[2019.10.01-13.48.55:173][  0]LogTemp: Display: Module 'AndroidTargetPlatform' loaded TargetPlatform 'Android_PVRTC'
[2019.10.01-13.48.55:173][  0]LogTemp: Display: Module 'AndroidTargetPlatform' loaded TargetPlatform 'AndroidClient'
[2019.10.01-13.48.55:173][  0]LogTemp: Display: Module 'AndroidTargetPlatform' loaded TargetPlatform 'Android_ASTCClient'
[2019.10.01-13.48.55:173][  0]LogTemp: Display: Module 'AndroidTargetPlatform' loaded TargetPlatform 'Android_ATCClient'
[2019.10.01-13.48.55:173][  0]LogTemp: Display: Module 'AndroidTargetPlatform' loaded TargetPlatform 'Android_DXTClient'
[2019.10.01-13.48.55:173][  0]LogTemp: Display: Module 'AndroidTargetPlatform' loaded TargetPlatform 'Android_ETC1Client'
[2019.10.01-13.48.55:173][  0]LogTemp: Display: Module 'AndroidTargetPlatform' loaded TargetPlatform 'Android_ETC1aClient'
[2019.10.01-13.48.55:173][  0]LogTemp: Display: Module 'AndroidTargetPlatform' loaded TargetPlatform 'Android_ETC2Client'
[2019.10.01-13.48.55:173][  0]LogTemp: Display: Module 'AndroidTargetPlatform' loaded TargetPlatform 'Android_PVRTCClient'
[2019.10.01-13.48.55:174][  0]LogTemp: Display: Module 'AndroidTargetPlatform' loaded TargetPlatform 'Android_Multi'
[2019.10.01-13.48.55:174][  0]LogTemp: Display: Module 'AndroidTargetPlatform' loaded TargetPlatform 'Android_MultiClient'
[2019.10.01-13.48.55:175][  0]LogTemp: Display: Module 'HTML5TargetPlatform' loaded TargetPlatform 'HTML5'
[2019.10.01-13.48.55:191][  0]LogTemp: Display: Module 'IOSTargetPlatform' loaded TargetPlatform 'IOSClient'
[2019.10.01-13.48.55:191][  0]LogTemp: Display: Module 'IOSTargetPlatform' loaded TargetPlatform 'IOS'
[2019.10.01-13.48.55:202][  0]LogTemp: Display: Module 'TVOSTargetPlatform' loaded TargetPlatform 'TVOSClient'
[2019.10.01-13.48.55:203][  0]LogTemp: Display: Module 'TVOSTargetPlatform' loaded TargetPlatform 'TVOS'
[2019.10.01-13.48.55:208][  0]LogTemp: Display: Module 'LinuxClientTargetPlatform' loaded TargetPlatform 'LinuxClient'
[2019.10.01-13.48.55:213][  0]LogTemp: Display: Module 'LinuxNoEditorTargetPlatform' loaded TargetPlatform 'LinuxNoEditor'
[2019.10.01-13.48.55:219][  0]LogTemp: Display: Module 'LinuxServerTargetPlatform' loaded TargetPlatform 'LinuxServer'
[2019.10.01-13.48.55:225][  0]LogTemp: Display: Module 'LinuxTargetPlatform' loaded TargetPlatform 'Linux'
[2019.10.01-13.48.55:243][  0]LogTemp: Display: Module 'LuminTargetPlatform' loaded TargetPlatform 'Lumin'
[2019.10.01-13.48.55:243][  0]LogTemp: Display: Module 'LuminTargetPlatform' loaded TargetPlatform 'LuminClient'
[2019.10.01-13.48.55:243][  0]LogTargetPlatformManager: Display: Building Assets For Windows
[2019.10.01-13.48.55:249][  0]LogAudioDebug: Display: Lib vorbis DLL was dynamically loaded.
[2019.10.01-13.48.55:279][  0]LogShaderCompilers: Guid format shader working directory is -1 characters bigger than the processId version (../../../../../REPOS/ProjectBronze/ProjectBronze/Intermediate/Shaders/WorkingDirectory/23768/).
[2019.10.01-13.48.55:279][  0]LogShaderCompilers: Cleaned the shader compiler working directory 'C:/Users/Tiffany/AppData/Local/Temp/UnrealShaderWorkingDir/1070866D417C94D0884A9F9DE0A6992F/'.
[2019.10.01-13.48.55:280][  0]LogXGEController: Cannot use XGE Controller as Incredibuild is not installed on this machine.
[2019.10.01-13.48.55:280][  0]LogShaderCompilers: Cannot use XGE Shader Compiler as Incredibuild is not installed on this machine.
[2019.10.01-13.48.55:281][  0]LogShaderCompilers: Display: Using Local Shader Compiler.
[2019.10.01-13.48.55:793][  0]LogDerivedDataCache: Display: Max Cache Size: 512 MB
[2019.10.01-13.48.55:837][  0]LogDerivedDataCache: Loaded boot cache 0.04s 73MB C:/Users/Tiffany/AppData/Local/UnrealEngine/4.23/DerivedDataCache/Boot.ddc.
[2019.10.01-13.48.55:837][  0]LogDerivedDataCache: Display: Loaded Boot cache: C:/Users/Tiffany/AppData/Local/UnrealEngine/4.23/DerivedDataCache/Boot.ddc
[2019.10.01-13.48.55:837][  0]LogDerivedDataCache: FDerivedDataBackendGraph:  Pak pak cache file ../../../../../REPOS/ProjectBronze/ProjectBronze/DerivedDataCache/DDC.ddp not found, will not use a pak cache.
[2019.10.01-13.48.55:837][  0]LogDerivedDataCache: Unable to find inner node Pak for hierarchical cache Hierarchy.
[2019.10.01-13.48.55:837][  0]LogDerivedDataCache: FDerivedDataBackendGraph:  CompressedPak pak cache file ../../../../../REPOS/ProjectBronze/ProjectBronze/DerivedDataCache/Compressed.ddp not found, will not use a pak cache.
[2019.10.01-13.48.55:837][  0]LogDerivedDataCache: Unable to find inner node CompressedPak for hierarchical cache Hierarchy.
[2019.10.01-13.48.55:847][  0]LogDerivedDataCache: Display: Pak cache opened for reading ../../../Engine/DerivedDataCache/Compressed.ddp.
[2019.10.01-13.48.55:847][  0]LogDerivedDataCache: FDerivedDataBackendGraph:  EnterprisePak pak cache file ../../../Enterprise/DerivedDataCache/Compressed.ddp not found, will not use a pak cache.
[2019.10.01-13.48.55:847][  0]LogDerivedDataCache: Unable to find inner node EnterprisePak for hierarchical cache Hierarchy.
[2019.10.01-13.48.55:848][  0]LogDerivedDataCache: Using Local data cache path C:/Users/Tiffany/AppData/Local/UnrealEngine/Common/DerivedDataCache: Writable
[2019.10.01-13.48.55:848][  0]LogDerivedDataCache: Shared data cache path not found in *engine.ini, will not use an Shared cache.
[2019.10.01-13.48.55:848][  0]LogDerivedDataCache: Unable to find inner node Shared for hierarchical cache Hierarchy.
[2019.10.01-13.48.55:867][  0]LogMaterial: Verifying Global Shaders for PCD3D_SM5
[2019.10.01-13.48.55:869][  0]LogSlate: Using FreeType 2.6.0
[2019.10.01-13.48.55:869][  0]LogSlate: SlateFontServices - WITH_FREETYPE: 1, WITH_HARFBUZZ: 1
[2019.10.01-13.48.55:911][  0]LogAssetRegistry: FAssetRegistry took 0.0022 seconds to start up
[2019.10.01-13.48.56:129][  0]LogInit: Selected Device Profile: [Windows]
[2019.10.01-13.48.56:247][  0]LogMeshReduction: Using QuadricMeshReduction for automatic static mesh reduction
[2019.10.01-13.48.56:247][  0]LogMeshReduction: Using SimplygonMeshReduction for automatic skeletal mesh reduction
[2019.10.01-13.48.56:247][  0]LogMeshReduction: Using ProxyLODMeshReduction for automatic mesh merging
[2019.10.01-13.48.56:247][  0]LogMeshReduction: No distributed automatic mesh merging module available
[2019.10.01-13.48.56:247][  0]LogMeshMerging: No distributed automatic mesh merging module available
[2019.10.01-13.48.56:255][  0]LogNetVersion: ProjectBronze 1.0.0, NetCL: 8386587, EngineNetVer: 11, GameNetVer: 0 (Checksum: 1510744189)
[2019.10.01-13.48.56:611][  0]LogPackageLocalizationCache: Processed 12 localized package path(s) for 1 prioritized culture(s) in 0.049714 seconds
[2019.10.01-13.48.56:623][  0]LogUObjectArray: 43444 objects as part of root set at end of initial load.
[2019.10.01-13.48.56:623][  0]LogUObjectAllocator: 7548648 out of 0 bytes used by permanent object pool.
[2019.10.01-13.48.56:623][  0]LogUObjectArray: CloseDisregardForGC: 0/0 objects in disregard for GC pool
[2019.10.01-13.48.57:279][  0]LogTcpMessaging: Initializing TcpMessaging bridge
[2019.10.01-13.48.57:281][  0]LogUdpMessaging: Initializing bridge on interface 0.0.0.0:0 to multicast group 230.0.0.1:6666.
[2019.10.01-13.48.57:320][  0]SourceControl: Source control is disabled
[2019.10.01-13.48.57:320][  0]SourceControl: Source control is disabled
[2019.10.01-13.48.57:321][  0]SourceControl: Source control is disabled
[2019.10.01-13.48.57:321][  0]SourceControl: Source control is disabled
[2019.10.01-13.48.57:382][  0]LogAndroidPermission: UAndroidPermissionCallbackProxy::GetInstance
[2019.10.01-13.48.57:777][  0]LogOcInput: OculusInput pre-init called
[2019.10.01-13.48.57:781][  0]LogWindows: Failed to load 'OVRPlugin.dll' (GetLastError=126)
[2019.10.01-13.48.57:781][  0]LogWindows: File 'OVRPlugin.dll' does not exist
[2019.10.01-13.48.57:838][  0]LogEngine: Initializing Engine...
[2019.10.01-13.48.57:839][  0]LogHMD: Failed to initialize OpenVR with code 100
[2019.10.01-13.48.57:840][  0]LogStats: UGameplayTagsManager::InitializeManager -  0.000 s
[2019.10.01-13.48.58:023][  0]LogInit: Initializing FReadOnlyCVARCache
[2019.10.01-13.48.58:032][  0]LogAIModule: Creating AISystem for world Untitled
[2019.10.01-13.48.58:059][  0]LogInit: XAudio2 using 'Speakers/Headphones (Realtek(R) Audio)' : 6 channels at 48 kHz using 32 bits per sample (channel mask 0x3f)
[2019.10.01-13.48.58:078][  0]LogInit: FAudioDevice initialized.
[2019.10.01-13.48.58:078][  0]LogNetVersion: Set ProjectVersion to 1.0.0.0. Version Checksum will be recalculated on next use.
[2019.10.01-13.48.58:233][  0]LogDerivedDataCache: Saved boot cache 0.15s 73MB C:/Users/Tiffany/AppData/Local/UnrealEngine/4.23/DerivedDataCache/Boot.ddc.
[2019.10.01-13.48.58:242][  0]LogInit: Texture streaming: Enabled
[2019.10.01-13.48.58:254][  0]LogEngineSessionManager: EngineSessionManager initialized
[2019.10.01-13.48.58:322][  0]LogInit: Transaction tracking system initialized
[2019.10.01-13.48.58:341][  0]BlueprintLog: New page: Editor Load
[2019.10.01-13.48.58:384][  0]LocalizationService: Localization service is disabled
[2019.10.01-13.48.58:571][  0]LogFileCache: Scanning file cache for directory 'D:/REPOS/ProjectBronze/ProjectBronze/Content/' took 0.00s
[2019.10.01-13.48.58:571][  0]LogCook: Display: Max memory allowance for cook 16384mb min free memory 0mb
[2019.10.01-13.48.58:571][  0]LogCook: Display: Mobile HDR setting 1
[2019.10.01-13.48.58:691][  0]SourceControl: Source control is disabled
[2019.10.01-13.48.58:692][  0]Cmd: MAP LOAD FILE="../../../../../REPOS/ProjectBronze/ProjectBronze/Content/ThirdPersonBP/Maps/ThirdPersonExampleMap.umap" TEMPLATE=0 SHOWPROGRESS=1 FEATURELEVEL=3
[2019.10.01-13.48.58:692][  0]LightingResults: New page: Lighting Build
[2019.10.01-13.48.58:693][  0]LogWorld: UWorld::CleanupWorld for Untitled, bSessionEnded=true, bCleanupResources=true
[2019.10.01-13.48.58:694][  0]MapCheck: New page: Map Check
[2019.10.01-13.48.58:694][  0]LightingResults: New page: Lighting Build
[2019.10.01-13.48.58:723][  0]LogUObjectHash: Compacting FUObjectHashTables data took   1.49ms
[2019.10.01-13.49.02:722][  0]LogAIModule: Creating AISystem for world ThirdPersonExampleMap
[2019.10.01-13.49.02:827][  0]LogEditorServer: Finished looking for orphan Actors (0.000 secs)
[2019.10.01-13.49.02:888][  0]LogUObjectHash: Compacting FUObjectHashTables data took   1.85ms
[2019.10.01-13.49.02:888][  0]Cmd: MAP CHECKDEP NOCLEARLOG
[2019.10.01-13.49.02:888][  0]MapCheck: Map check complete: 0 Error(s), 0 Warning(s), took 0.077ms to complete.
[2019.10.01-13.49.02:889][  0]LogFileHelpers: Loading map 'ThirdPersonExampleMap' took 4.197
[2019.10.01-13.49.03:286][  0]LogCollectionManager: Loaded 0 collections in 0.000831 seconds
[2019.10.01-13.49.03:424][  0]LogFileCache: Scanning file cache for directory 'D:/REPOS/ProjectBronze/ProjectBronze/Saved/Collections/' took 0.00s
[2019.10.01-13.49.03:424][  0]LogFileCache: Scanning file cache for directory 'D:/REPOS/ProjectBronze/ProjectBronze/Content/Developers/Tiffany/Collections/' took 0.00s
[2019.10.01-13.49.03:424][  0]LogFileCache: Scanning file cache for directory 'D:/REPOS/ProjectBronze/ProjectBronze/Content/Collections/' took 0.00s
[2019.10.01-13.49.03:424][  0]LogCollectionManager: Rebuilt the GUID cache for 0 collections in 0.000003 seconds
[2019.10.01-13.49.03:433][  0]LogContentBrowser: Native class hierarchy populated in 0.0080 seconds. Added 2863 classes and 680 folders.
[2019.10.01-13.49.03:480][  0]LogContentBrowser: Native class hierarchy updated for 'WidgetCarousel' in 0.0002 seconds. Added 0 classes and 0 folders.
[2019.10.01-13.49.04:058][  0]LogContentBrowser: Native class hierarchy updated for 'AddContentDialog' in 0.0002 seconds. Added 0 classes and 0 folders.
[2019.10.01-13.49.04:336][  0]LogSlate: Updating window title bar state: overlay mode, drag disabled, window buttons hidden, title bar hidden
[2019.10.01-13.49.04:356][  0]LogSlate: Updating window title bar state: overlay mode, drag disabled, window buttons hidden, title bar hidden
[2019.10.01-13.49.04:362][  0]LogSlate: Updating window title bar state: overlay mode, drag disabled, window buttons hidden, title bar hidden
[2019.10.01-13.49.04:368][  0]LogSlate: Updating window title bar state: overlay mode, drag disabled, window buttons hidden, title bar hidden
[2019.10.01-13.49.04:433][  0]LogContentBrowser: Native class hierarchy updated for 'SceneOutliner' in 0.0002 seconds. Added 1 classes and 2 folders.
[2019.10.01-13.49.04:607][  0]LogContentBrowser: Native class hierarchy updated for 'WorldBrowser' in 0.0002 seconds. Added 2 classes and 3 folders.
[2019.10.01-13.49.05:331][  0]LogSlate: Took 0.000097 seconds to synchronously load lazily loaded font '../../../Engine/Content/Slate/Fonts/Roboto-Regular.ttf' (155K)
[2019.10.01-13.49.05:349][  0]LogSlate: Took 0.015379 seconds to synchronously load lazily loaded font '../../../Engine/Content/Editor/Slate/Fonts/FontAwesome.ttf' (139K)
[2019.10.01-13.49.05:353][  0]LogSlate: Took 0.000108 seconds to synchronously load lazily loaded font '../../../Engine/Content/Slate/Fonts/Roboto-Bold.ttf' (160K)
[2019.10.01-13.49.05:666][  0]LogRenderer: Reallocating scene render targets to support 1212x924 Format 10 NumSamples 1 (Frame:1).
[2019.10.01-13.49.05:896][  0]LogContentBrowser: Native class hierarchy updated for 'HierarchicalLODOutliner' in 0.0002 seconds. Added 0 classes and 0 folders.
[2019.10.01-13.49.05:896][  0]LogLoad: (Engine Initialization) Total time: 12.55 seconds
[2019.10.01-13.49.05:896][  0]LogLoad: (Engine Initialization) Total Blueprint compile time: 0.00 seconds
[2019.10.01-13.49.06:016][  0]LogContentStreaming: Texture pool size now 1000 MB
[2019.10.01-13.49.06:083][  0]LogSlate: Took 0.007107 seconds to synchronously load lazily loaded font '../../../Engine/Content/Slate/Fonts/Roboto-Light.ttf' (167K)
[2019.10.01-13.49.06:343][  4]LogAssetRegistry: Asset discovery search completed in 10.4333 seconds
[2019.10.01-13.49.06:346][  4]LogCollectionManager: Rebuilt the object cache for 0 collections in 0.000004 seconds (found 0 objects)
[2019.10.01-13.49.06:346][  4]LogCollectionManager: Fixed up redirectors for 0 collections in 0.000040 seconds (updated 0 objects)
[2019.10.01-13.49.06:914][ 71]LogSlate: Took 0.000093 seconds to synchronously load lazily loaded font '../../../Engine/Content/Slate/Fonts/Roboto-Light.ttf' (167K)
[2019.10.01-13.49.09:877][425]LogSlate: FSceneViewport::OnFocusLost() reason 0
[2019.10.01-13.49.09:997][439]LogLinker: Warning: Failed to load '/Game/Procedural_Levels/Procedural_Levels/Procedural_Levels.Procedural_Levels:PersistentLevel.Procedural_Levels': Can't resolve asset name
[2019.10.01-13.49.13:755][887]LogSlate: FSceneViewport::OnFocusLost() reason 0
[2019.10.01-13.49.13:988][908]LogAIModule: Creating AISystem for world Procedural_Levels
[2019.10.01-13.49.14:001][908]LogAssetEditorManager: Opening Asset editor for World /Game/Procedural_Levels/Procedural_Levels/Procedural_Levels.Procedural_Levels
[2019.10.01-13.49.14:045][908]LogUObjectHash: Compacting FUObjectHashTables data took   1.99ms
[2019.10.01-13.49.14:045][908]Cmd: MAP LOAD FILE="../../../../../REPOS/ProjectBronze/ProjectBronze/Content/Procedural_Levels/Procedural_Levels/Procedural_Levels.umap" TEMPLATE=0 SHOWPROGRESS=1 FEATURELEVEL=3
[2019.10.01-13.49.14:045][908]LightingResults: New page: Lighting Build
[2019.10.01-13.49.14:046][908]LoadErrors: New page: Loading map: Procedural_Levels.umap
[2019.10.01-13.49.14:052][908]LogWorld: UWorld::CleanupWorld for ThirdPersonExampleMap, bSessionEnded=true, bCleanupResources=true
[2019.10.01-13.49.14:059][908]MapCheck: New page: Map Check
[2019.10.01-13.49.14:059][908]LightingResults: New page: Lighting Build
[2019.10.01-13.49.14:087][908]LogUObjectHash: Compacting FUObjectHashTables data took   1.71ms
[2019.10.01-13.49.14:090][908]LogStreaming: Display: ULevelStreaming::RequestLevel(/Game/Procedural_Levels/Procedural_Levels/Procedural01) is flushing async loading
[2019.10.01-13.49.14:090][908]LogStreaming: Display: Flushing async loaders.
[2019.10.01-13.49.14:621][908]LogStreaming: Display: ULevelStreaming::RequestLevel(/Game/Procedural_Levels/Procedural_Levels/Procedural02) is flushing async loading
[2019.10.01-13.49.15:037][908]LogStreaming: Display: ULevelStreaming::RequestLevel(/Game/Procedural_Levels/Procedural_Levels/Procedural03) is flushing async loading
[2019.10.01-13.49.15:163][908]LogStreaming: Display: ULevelStreaming::RequestLevel(/Game/Procedural_Levels/Procedural_Levels/Procedural04) is flushing async loading
[2019.10.01-13.49.15:553][908]LogEditorServer: Finished looking for orphan Actors (0.000 secs)
[2019.10.01-13.49.15:585][908]LogUObjectHash: Compacting FUObjectHashTables data took   1.33ms
[2019.10.01-13.49.15:595][908]Cmd: MAP CHECKDEP NOCLEARLOG
[2019.10.01-13.49.15:596][908]MapCheck: Map check complete: 0 Error(s), 0 Warning(s), took 0.183ms to complete.
[2019.10.01-13.49.15:596][908]LogFileHelpers: Loading map 'Procedural_Levels' took 1.550
[2019.10.01-13.57.24:006][951]LogUObjectHash: Compacting FUObjectHashTables data took   1.89ms
[2019.10.01-13.57.24:258][951]LogAIModule: Creating AISystem for world Procedural_Levels1
[2019.10.01-13.57.25:178][  5]LogAssetEditorManager: Opening Asset editor for World /Game/Procedural_Levels/Procedural_Levels/Procedural_Levels1.Procedural_Levels1
[2019.10.01-13.57.25:207][  5]LogUObjectHash: Compacting FUObjectHashTables data took   1.87ms
[2019.10.01-13.57.27:249][  5]LogSlate: Window 'Save Content' being destroyed
[2019.10.01-13.57.27:321][  5]LogUObjectHash: Compacting FUObjectHashTables data took   1.17ms
[2019.10.01-13.57.27:526][  5]LogSavePackage: Moving '../../../../../REPOS/ProjectBronze/ProjectBronze/Saved/Procedural_Levels1BDC8C9354A94A062EF1D41BC42776EB5.tmp' to '../../../../../REPOS/ProjectBronze/ProjectBronze/Content/Procedural_Levels/Procedural_Levels/Procedural_Levels1.umap'
[2019.10.01-13.57.27:545][  5]LogFileHelpers: Saving map 'Procedural_Levels1' took 0.288
[2019.10.01-13.57.27:548][  5]Cmd: MAP LOAD FILE="../../../../../REPOS/ProjectBronze/ProjectBronze/Content/Procedural_Levels/Procedural_Levels/Procedural_Levels1.umap" TEMPLATE=0 SHOWPROGRESS=1 FEATURELEVEL=3
[2019.10.01-13.57.27:548][  5]LightingResults: New page: Lighting Build
[2019.10.01-13.57.27:548][  5]LoadErrors: New page: Loading map: Procedural_Levels1.umap
[2019.10.01-13.57.27:548][  5]LogWorld: UWorld::CleanupWorld for Procedural_Levels, bSessionEnded=true, bCleanupResources=true
[2019.10.01-13.57.27:549][  5]LogWorld: UWorld::CleanupWorld for Procedural01, bSessionEnded=true, bCleanupResources=true
[2019.10.01-13.57.27:549][  5]LogWorld: UWorld::CleanupWorld for Procedural02, bSessionEnded=true, bCleanupResources=true
[2019.10.01-13.57.27:549][  5]LogWorld: UWorld::CleanupWorld for Procedural03, bSessionEnded=true, bCleanupResources=true
[2019.10.01-13.57.27:549][  5]LogWorld: UWorld::CleanupWorld for Procedural04, bSessionEnded=true, bCleanupResources=true
[2019.10.01-13.57.27:550][  5]MapCheck: New page: Map Check
[2019.10.01-13.57.27:550][  5]LightingResults: New page: Lighting Build
[2019.10.01-13.57.27:579][  5]LogUObjectHash: Compacting FUObjectHashTables data took   1.84ms
[2019.10.01-13.57.27:581][  5]LogStreaming: Display: ULevelStreaming::RequestLevel(/Game/Procedural_Levels/Procedural_Levels/Procedural03) is flushing async loading
[2019.10.01-13.57.27:581][  5]LogStreaming: Display: Flushing async loaders.
[2019.10.01-13.57.27:584][  5]LogStreaming: Display: ULevelStreaming::RequestLevel(/Game/Procedural_Levels/Procedural_Levels/Procedural04) is flushing async loading
[2019.10.01-13.57.27:587][  5]LogStreaming: Display: ULevelStreaming::RequestLevel(/Game/Procedural_Levels/Procedural_Levels/Procedural02) is flushing async loading
[2019.10.01-13.57.27:589][  5]LogStreaming: Display: ULevelStreaming::RequestLevel(/Game/Procedural_Levels/Procedural_Levels/Procedural01) is flushing async loading
[2019.10.01-13.57.27:672][  5]LogEditorServer: Finished looking for orphan Actors (0.000 secs)
[2019.10.01-13.57.27:701][  5]LogUObjectHash: Compacting FUObjectHashTables data took   1.19ms
[2019.10.01-13.57.27:713][  5]Cmd: MAP CHECKDEP NOCLEARLOG
[2019.10.01-13.57.27:713][  5]MapCheck: Map check complete: 0 Error(s), 0 Warning(s), took 0.14ms to complete.
[2019.10.01-13.57.27:714][  5]LogFileHelpers: Loading map 'Procedural_Levels1' took 0.168
[2019.10.01-13.57.27:762][  5]LogUObjectHash: Compacting FUObjectHashTables data took   0.54ms
[2019.10.01-13.57.30:268][156]LogTemp: Repeating last play command: Simulate
[2019.10.01-13.57.30:308][156]LogBlueprintUserMessages: Early PlayInEditor Detection: Level '/Game/Procedural_Levels/Procedural_Levels/Procedural_Levels1.Procedural_Levels1:PersistentLevel' has LevelScriptBlueprint '/Game/Procedural_Levels/Procedural_Levels/Procedural_Levels1.Procedural_Levels1:PersistentLevel.Procedural_Levels1' with GeneratedClass '/Game/Procedural_Levels/Procedural_Levels/Procedural_Levels1.Procedural_Levels1_C' with ClassGeneratedBy '/Game/Procedural_Levels/Procedural_Levels/Procedural_Levels1.Procedural_Levels1:PersistentLevel.Procedural_Levels1'
[2019.10.01-13.57.30:309][156]LogBlueprintUserMessages: Early PlayInEditor Detection: Level '/Game/Procedural_Levels/Procedural_Levels/Procedural03.Procedural03:PersistentLevel' has LevelScriptBlueprint '/Game/Procedural_Levels/Procedural_Levels/Procedural03.Procedural03:PersistentLevel.Procedural03' with GeneratedClass '/Game/Procedural_Levels/Procedural_Levels/Procedural03.Procedural03_C' with ClassGeneratedBy '/Game/Procedural_Levels/Procedural_Levels/Procedural03.Procedural03:PersistentLevel.Procedural03'
[2019.10.01-13.57.30:309][156]LogBlueprintUserMessages: Early PlayInEditor Detection: Level '/Game/Procedural_Levels/Procedural_Levels/Procedural04.Procedural04:PersistentLevel' has LevelScriptBlueprint '/Game/Procedural_Levels/Procedural_Levels/Procedural04.Procedural04:PersistentLevel.Procedural04' with GeneratedClass '/Game/Procedural_Levels/Procedural_Levels/Procedural04.Procedural04_C' with ClassGeneratedBy '/Game/Procedural_Levels/Procedural_Levels/Procedural04.Procedural04:PersistentLevel.Procedural04'
[2019.10.01-13.57.30:309][156]LogBlueprintUserMessages: Early PlayInEditor Detection: Level '/Game/Procedural_Levels/Procedural_Levels/Procedural02.Procedural02:PersistentLevel' has LevelScriptBlueprint '/Game/Procedural_Levels/Procedural_Levels/Procedural02.Procedural02:PersistentLevel.Procedural02' with GeneratedClass '/Game/Procedural_Levels/Procedural_Levels/Procedural02.Procedural02_C' with ClassGeneratedBy '/Game/Procedural_Levels/Procedural_Levels/Procedural02.Procedural02:PersistentLevel.Procedural02'
[2019.10.01-13.57.30:309][156]LogBlueprintUserMessages: Early PlayInEditor Detection: Level '/Game/Procedural_Levels/Procedural_Levels/Procedural01.Procedural01:PersistentLevel' has LevelScriptBlueprint '/Game/Procedural_Levels/Procedural_Levels/Procedural01.Procedural01:PersistentLevel.Procedural01' with GeneratedClass '/Game/Procedural_Levels/Procedural_Levels/Procedural01.Procedural01_C' with ClassGeneratedBy '/Game/Procedural_Levels/Procedural_Levels/Procedural01.Procedural01:PersistentLevel.Procedural01'
[2019.10.01-13.57.30:309][156]LogPlayLevel: PlayLevel: No blueprints needed recompiling
[2019.10.01-13.57.30:317][156]PIE: New page: SIE session: Procedural_Levels1 (Oct 1, 2019, 5:57:30 AM)
[2019.10.01-13.57.30:318][156]LogOnline: OSS: Creating online subsystem instance for: NULL
[2019.10.01-13.57.30:356][156]LogPlayLevel: Creating play world package: /Game/Procedural_Levels/Procedural_Levels/UEDPIE_0_Procedural_Levels1
[2019.10.01-13.57.30:359][156]LogPlayLevel: PIE: StaticDuplicateObject took: (0.003171s)
[2019.10.01-13.57.30:360][156]LogAIModule: Creating AISystem for world Procedural_Levels1
[2019.10.01-13.57.30:360][156]LogPlayLevel: PIE: World Init took: (0.000746s)
[2019.10.01-13.57.30:360][156]LogPlayLevel: PIE: Created PIE world by copying editor world from /Game/Procedural_Levels/Procedural_Levels/Procedural_Levels1.Procedural_Levels1 to /Game/Procedural_Levels/Procedural_Levels/UEDPIE_0_Procedural_Levels1.Procedural_Levels1 (0.004127s)
[2019.10.01-13.57.30:384][156]LogUObjectHash: Compacting FUObjectHashTables data took   1.28ms
[2019.10.01-13.57.30:423][156]LogInit: XAudio2 using 'Speakers/Headphones (Realtek(R) Audio)' : 6 channels at 48 kHz using 32 bits per sample (channel mask 0x3f)
[2019.10.01-13.57.30:432][156]LogInit: FAudioDevice initialized.
[2019.10.01-13.57.30:455][156]LogLoad: Game class is 'ThirdPersonGameMode_C'
[2019.10.01-13.57.30:468][156]LogWorld: Bringing World /Game/Procedural_Levels/Procedural_Levels/UEDPIE_0_Procedural_Levels1.Procedural_Levels1 up for play (max tick rate 60) at 2019.10.01-09.57.30
[2019.10.01-13.57.30:533][156]LogWorld: Bringing up level for play took: 0.065450
[2019.10.01-13.57.30:534][156]LogOnline: OSS: Creating online subsystem instance for: :Context_1
[2019.10.01-13.57.30:551][156]LogGameMode: FindPlayerStart: PATHS NOT DEFINED or NO PLAYERSTART with positive rating
[2019.10.01-13.57.30:625][156]LogContentBrowser: Native class hierarchy updated for 'MovieSceneCapture' in 0.0003 seconds. Added 20 classes and 0 folders.
[2019.10.01-13.57.30:654][156]PIE: Play in editor start time for /Game/Procedural_Levels/Procedural_Levels/UEDPIE_0_Procedural_Levels1 1.34
[2019.10.01-13.57.30:714][156]LogBlueprintUserMessages: Late PlayInEditor Detection: Level '/Game/Procedural_Levels/Procedural_Levels/Procedural_Levels1.Procedural_Levels1:PersistentLevel' has LevelScriptBlueprint '/Game/Procedural_Levels/Procedural_Levels/Procedural_Levels1.Procedural_Levels1:PersistentLevel.Procedural_Levels1' with GeneratedClass '/Game/Procedural_Levels/Procedural_Levels/Procedural_Levels1.Procedural_Levels1_C' with ClassGeneratedBy '/Game/Procedural_Levels/Procedural_Levels/Procedural_Levels1.Procedural_Levels1:PersistentLevel.Procedural_Levels1'
[2019.10.01-13.57.30:714][156]LogBlueprintUserMessages: Late PlayInEditor Detection: Level '/Game/Procedural_Levels/Procedural_Levels/Procedural03.Procedural03:PersistentLevel' has LevelScriptBlueprint '/Game/Procedural_Levels/Procedural_Levels/Procedural03.Procedural03:PersistentLevel.Procedural03' with GeneratedClass '/Game/Procedural_Levels/Procedural_Levels/Procedural03.Procedural03_C' with ClassGeneratedBy '/Game/Procedural_Levels/Procedural_Levels/Procedural03.Procedural03:PersistentLevel.Procedural03'
[2019.10.01-13.57.30:714][156]LogBlueprintUserMessages: Late PlayInEditor Detection: Level '/Game/Procedural_Levels/Procedural_Levels/Procedural04.Procedural04:PersistentLevel' has LevelScriptBlueprint '/Game/Procedural_Levels/Procedural_Levels/Procedural04.Procedural04:PersistentLevel.Procedural04' with GeneratedClass '/Game/Procedural_Levels/Procedural_Levels/Procedural04.Procedural04_C' with ClassGeneratedBy '/Game/Procedural_Levels/Procedural_Levels/Procedural04.Procedural04:PersistentLevel.Procedural04'
[2019.10.01-13.57.30:714][156]LogBlueprintUserMessages: Late PlayInEditor Detection: Level '/Game/Procedural_Levels/Procedural_Levels/Procedural02.Procedural02:PersistentLevel' has LevelScriptBlueprint '/Game/Procedural_Levels/Procedural_Levels/Procedural02.Procedural02:PersistentLevel.Procedural02' with GeneratedClass '/Game/Procedural_Levels/Procedural_Levels/Procedural02.Procedural02_C' with ClassGeneratedBy '/Game/Procedural_Levels/Procedural_Levels/Procedural02.Procedural02:PersistentLevel.Procedural02'
[2019.10.01-13.57.30:714][156]LogBlueprintUserMessages: Late PlayInEditor Detection: Level '/Game/Procedural_Levels/Procedural_Levels/Procedural01.Procedural01:PersistentLevel' has LevelScriptBlueprint '/Game/Procedural_Levels/Procedural_Levels/Procedural01.Procedural01:PersistentLevel.Procedural01' with GeneratedClass '/Game/Procedural_Levels/Procedural_Levels/Procedural01.Procedural01_C' with ClassGeneratedBy '/Game/Procedural_Levels/Procedural_Levels/Procedural01.Procedural01:PersistentLevel.Procedural01'
[2019.10.01-13.57.37:080][534]LogBlueprintUserMessages: Early EndPlayMap Detection: Level '/Game/Procedural_Levels/Procedural_Levels/Procedural_Levels1.Procedural_Levels1:PersistentLevel' has LevelScriptBlueprint '/Game/Procedural_Levels/Procedural_Levels/Procedural_Levels1.Procedural_Levels1:PersistentLevel.Procedural_Levels1' with GeneratedClass '/Game/Procedural_Levels/Procedural_Levels/Procedural_Levels1.Procedural_Levels1_C' with ClassGeneratedBy '/Game/Procedural_Levels/Procedural_Levels/Procedural_Levels1.Procedural_Levels1:PersistentLevel.Procedural_Levels1'
[2019.10.01-13.57.37:080][534]LogBlueprintUserMessages: Early EndPlayMap Detection: Level '/Game/Procedural_Levels/Procedural_Levels/Procedural03.Procedural03:PersistentLevel' has LevelScriptBlueprint '/Game/Procedural_Levels/Procedural_Levels/Procedural03.Procedural03:PersistentLevel.Procedural03' with GeneratedClass '/Game/Procedural_Levels/Procedural_Levels/Procedural03.Procedural03_C' with ClassGeneratedBy '/Game/Procedural_Levels/Procedural_Levels/Procedural03.Procedural03:PersistentLevel.Procedural03'
[2019.10.01-13.57.37:080][534]LogBlueprintUserMessages: Early EndPlayMap Detection: Level '/Game/Procedural_Levels/Procedural_Levels/Procedural04.Procedural04:PersistentLevel' has LevelScriptBlueprint '/Game/Procedural_Levels/Procedural_Levels/Procedural04.Procedural04:PersistentLevel.Procedural04' with GeneratedClass '/Game/Procedural_Levels/Procedural_Levels/Procedural04.Procedural04_C' with ClassGeneratedBy '/Game/Procedural_Levels/Procedural_Levels/Procedural04.Procedural04:PersistentLevel.Procedural04'
[2019.10.01-13.57.37:080][534]LogBlueprintUserMessages: Early EndPlayMap Detection: Level '/Game/Procedural_Levels/Procedural_Levels/Procedural02.Procedural02:PersistentLevel' has LevelScriptBlueprint '/Game/Procedural_Levels/Procedural_Levels/Procedural02.Procedural02:PersistentLevel.Procedural02' with GeneratedClass '/Game/Procedural_Levels/Procedural_Levels/Procedural02.Procedural02_C' with ClassGeneratedBy '/Game/Procedural_Levels/Procedural_Levels/Procedural02.Procedural02:PersistentLevel.Procedural02'
[2019.10.01-13.57.37:080][534]LogBlueprintUserMessages: Early EndPlayMap Detection: Level '/Game/Procedural_Levels/Procedural_Levels/Procedural01.Procedural01:PersistentLevel' has LevelScriptBlueprint '/Game/Procedural_Levels/Procedural_Levels/Procedural01.Procedural01:PersistentLevel.Procedural01' with GeneratedClass '/Game/Procedural_Levels/Procedural_Levels/Procedural01.Procedural01_C' with ClassGeneratedBy '/Game/Procedural_Levels/Procedural_Levels/Procedural01.Procedural01:PersistentLevel.Procedural01'
[2019.10.01-13.57.37:117][534]LogSlate: Updating window title bar state: overlay mode, drag disabled, window buttons hidden, title bar hidden
[2019.10.01-13.57.37:117][534]LogWorld: BeginTearingDown for /Game/Procedural_Levels/Procedural_Levels/UEDPIE_0_Procedural_Levels1
[2019.10.01-13.57.37:121][534]LogWorld: UWorld::CleanupWorld for Procedural_Levels1, bSessionEnded=true, bCleanupResources=true
[2019.10.01-13.57.37:139][534]LogPlayLevel: Display: Shutting down PIE online subsystems
[2019.10.01-13.57.37:139][534]LogBlueprintUserMessages: Late EndPlayMap Detection: Level '/Game/Procedural_Levels/Procedural_Levels/Procedural_Levels1.Procedural_Levels1:PersistentLevel' has LevelScriptBlueprint '/Game/Procedural_Levels/Procedural_Levels/Procedural_Levels1.Procedural_Levels1:PersistentLevel.Procedural_Levels1' with GeneratedClass '/Game/Procedural_Levels/Procedural_Levels/Procedural_Levels1.Procedural_Levels1_C' with ClassGeneratedBy '/Game/Procedural_Levels/Procedural_Levels/Procedural_Levels1.Procedural_Levels1:PersistentLevel.Procedural_Levels1'
[2019.10.01-13.57.37:139][534]LogBlueprintUserMessages: Late EndPlayMap Detection: Level '/Game/Procedural_Levels/Procedural_Levels/Procedural03.Procedural03:PersistentLevel' has LevelScriptBlueprint '/Game/Procedural_Levels/Procedural_Levels/Procedural03.Procedural03:PersistentLevel.Procedural03' with GeneratedClass '/Game/Procedural_Levels/Procedural_Levels/Procedural03.Procedural03_C' with ClassGeneratedBy '/Game/Procedural_Levels/Procedural_Levels/Procedural03.Procedural03:PersistentLevel.Procedural03'
[2019.10.01-13.57.37:139][534]LogBlueprintUserMessages: Late EndPlayMap Detection: Level '/Game/Procedural_Levels/Procedural_Levels/Procedural04.Procedural04:PersistentLevel' has LevelScriptBlueprint '/Game/Procedural_Levels/Procedural_Levels/Procedural04.Procedural04:PersistentLevel.Procedural04' with GeneratedClass '/Game/Procedural_Levels/Procedural_Levels/Procedural04.Procedural04_C' with ClassGeneratedBy '/Game/Procedural_Levels/Procedural_Levels/Procedural04.Procedural04:PersistentLevel.Procedural04'
[2019.10.01-13.57.37:139][534]LogBlueprintUserMessages: Late EndPlayMap Detection: Level '/Game/Procedural_Levels/Procedural_Levels/Procedural02.Procedural02:PersistentLevel' has LevelScriptBlueprint '/Game/Procedural_Levels/Procedural_Levels/Procedural02.Procedural02:PersistentLevel.Procedural02' with GeneratedClass '/Game/Procedural_Levels/Procedural_Levels/Procedural02.Procedural02_C' with ClassGeneratedBy '/Game/Procedural_Levels/Procedural_Levels/Procedural02.Procedural02:PersistentLevel.Procedural02'
[2019.10.01-13.57.37:139][534]LogBlueprintUserMessages: Late EndPlayMap Detection: Level '/Game/Procedural_Levels/Procedural_Levels/Procedural01.Procedural01:PersistentLevel' has LevelScriptBlueprint '/Game/Procedural_Levels/Procedural_Levels/Procedural01.Procedural01:PersistentLevel.Procedural01' with GeneratedClass '/Game/Procedural_Levels/Procedural_Levels/Procedural01.Procedural01_C' with ClassGeneratedBy '/Game/Procedural_Levels/Procedural_Levels/Procedural01.Procedural01:PersistentLevel.Procedural01'
[2019.10.01-13.57.37:172][534]LogSlate: Updating window title bar state: overlay mode, drag disabled, window buttons hidden, title bar hidden
[2019.10.01-13.57.37:183][534]LogUObjectHash: Compacting FUObjectHashTables data took   1.59ms
[2019.10.01-13.57.37:189][535]LogPlayLevel: Display: Destroying online subsystem :Context_1
[2019.10.01-13.57.37:216][535]LogUObjectHash: Compacting FUObjectHashTables data took   0.59ms
[2019.10.01-13.58.08:495][387]LogUObjectHash: Compacting FUObjectHashTables data took   1.86ms
[2019.10.01-13.58.08:495][387]LogMetaData: Removing '/Game/Procedural_Levels/Procedural_Levels/Procedural_Levels_AddingBraedensCode.SKEL_Procedural_Levels_AddingBraedensCode_C' ref from Metadata '/Game/Procedural_Levels/Procedural_Levels/Procedural_Levels1.PackageMetaData'
[2019.10.01-13.58.08:495][387]LogMetaData: Removing '/Game/Procedural_Levels/Procedural_Levels/Procedural_Levels_AddingBraedensCode.Procedural_Levels_AddingBraedensCode_C' ref from Metadata '/Game/Procedural_Levels/Procedural_Levels/Procedural_Levels1.PackageMetaData'
[2019.10.01-13.58.08:553][387]LogUObjectHash: Compacting FUObjectHashTables data took   1.70ms
[2019.10.01-13.58.08:675][387]LogSavePackage: Moving '../../../../../REPOS/ProjectBronze/ProjectBronze/Saved/Procedural_Levels_AddingBraedens9A656B494885C1C6B333329395B6240D.tmp' to '../../../../../REPOS/ProjectBronze/ProjectBronze/Content/Procedural_Levels/Procedural_Levels/Procedural_Levels_AddingBraedensCode.umap'
[2019.10.01-13.58.08:688][387]LogFileHelpers: Saving map 'Procedural_Levels_AddingBraedensCode' took 0.163
[2019.10.01-13.58.08:771][387]LogUObjectHash: Compacting FUObjectHashTables data took   1.80ms
[2019.10.01-13.58.08:799][387]LogUObjectHash: Compacting FUObjectHashTables data took   1.37ms
[2019.10.01-13.58.08:824][387]LogUObjectHash: Compacting FUObjectHashTables data took   0.53ms
