Log file open, 11/04/19 16:26:07
LogWindows: Failed to load 'aqProf.dll' (GetLastError=126)
LogWindows: File 'aqProf.dll' does not exist
LogWindows: Failed to load 'VtuneApi.dll' (GetLastError=126)
LogWindows: File 'VtuneApi.dll' does not exist
LogWindows: Failed to load 'VtuneApi32e.dll' (GetLastError=126)
LogWindows: File 'VtuneApi32e.dll' does not exist
LogConsoleResponse: Display: Failed to find resolution value strings in scalability ini. Falling back to default.
LogInit: Display: Running engine for game: ProjectBronze
LogPlatformFile: Not using cached read wrapper
LogTaskGraph: Started task graph with 5 named threads and 35 total threads with 3 sets of task threads.
LogStats: Stats thread started at 0.069377
LogD3D11RHI: Loaded GFSDK_Aftermath_Lib.x64.dll
LogICUInternationalization: ICU TimeZone Detection - Raw Offset: -5:00, Platform Override: ''
LogPluginManager: Mounting plugin Paper2D
LogPluginManager: Mounting plugin AISupport
LogPluginManager: Mounting plugin LightPropagationVolume
LogPluginManager: Mounting plugin ActorLayerUtilities
LogPluginManager: Mounting plugin AnimationSharing
LogPluginManager: Mounting plugin CLionSourceCodeAccess
LogPluginManager: Mounting plugin CodeLiteSourceCodeAccess
LogPluginManager: Mounting plugin GitSourceControl
LogPluginManager: Mounting plugin KDevelopSourceCodeAccess
LogPluginManager: Mounting plugin NullSourceCodeAccess
LogPluginManager: Mounting plugin PerforceSourceControl
LogPluginManager: Mounting plugin SubversionSourceControl
LogPluginManager: Mounting plugin UObjectPlugin
LogPluginManager: Mounting plugin VisualStudioCodeSourceCodeAccess
LogPluginManager: Mounting plugin VisualStudioSourceCodeAccess
LogPluginManager: Mounting plugin XCodeSourceCodeAccess
LogPluginManager: Mounting plugin AssetManagerEditor
LogPluginManager: Mounting plugin CryptoKeys
LogPluginManager: Mounting plugin CurveEditorTools
LogPluginManager: Mounting plugin DataValidation
LogPluginManager: Mounting plugin FacialAnimation
LogPluginManager: Mounting plugin GameplayTagsEditor
LogPluginManager: Mounting plugin MacGraphicsSwitching
LogPluginManager: Mounting plugin MaterialAnalyzer
LogPluginManager: Mounting plugin MobileLauncherProfileWizard
LogPluginManager: Mounting plugin PluginBrowser
LogPluginManager: Mounting plugin SpeedTreeImporter
LogPluginManager: Mounting plugin DatasmithContent
LogPluginManager: Mounting plugin VariantManagerContent
LogPluginManager: Mounting plugin AlembicImporter
LogPluginManager: Mounting plugin AutomationUtils
LogPluginManager: Mounting plugin BackChannel
LogPluginManager: Mounting plugin CharacterAI
LogPluginManager: Mounting plugin GeometryCache
LogPluginManager: Mounting plugin HTML5Networking
LogPluginManager: Mounting plugin PlatformCrypto
LogPluginManager: Mounting plugin ProxyLODPlugin
LogPluginManager: Mounting plugin SkeletalReduction
LogPluginManager: Mounting plugin MagicLeap
LogPluginManager: Mounting plugin MagicLeapMedia
LogPluginManager: Mounting plugin LowEntryExtStdLib
LogPluginManager: Mounting plugin AndroidMedia
LogPluginManager: Mounting plugin AvfMedia
LogPluginManager: Mounting plugin ImgMedia
LogPluginManager: Mounting plugin MediaCompositing
LogPluginManager: Mounting plugin MediaPlayerEditor
LogPluginManager: Mounting plugin WebMMedia
LogPluginManager: Mounting plugin WmfMedia
LogPluginManager: Mounting plugin TcpMessaging
LogPluginManager: Mounting plugin UdpMessaging
LogPluginManager: Mounting plugin ActorSequence
LogPluginManager: Mounting plugin LevelSequenceEditor
LogPluginManager: Mounting plugin MatineeToLevelSequence
LogPluginManager: Mounting plugin NetcodeUnitTest
LogPluginManager: Mounting plugin NUTUnrealEngine4
LogPluginManager: Mounting plugin OnlineSubsystemGooglePlay
LogPluginManager: Mounting plugin OnlineSubsystemIOS
LogPluginManager: Mounting plugin OnlineSubsystem
LogPluginManager: Mounting plugin OnlineSubsystemNull
LogPluginManager: Mounting plugin OnlineSubsystemUtils
LogPluginManager: Mounting plugin LauncherChunkInstaller
LogPluginManager: Mounting plugin AndroidDeviceProfileSelector
LogPluginManager: Mounting plugin AndroidMoviePlayer
LogPluginManager: Mounting plugin AndroidPermission
LogPluginManager: Mounting plugin AppleImageUtils
LogPluginManager: Mounting plugin AppleMoviePlayer
LogPluginManager: Mounting plugin ArchVisCharacter
LogPluginManager: Mounting plugin AudioCapture
LogPluginManager: Mounting plugin CableComponent
LogPluginManager: Mounting plugin CustomMeshComponent
LogPluginManager: Mounting plugin EditableMesh
LogPluginManager: Mounting plugin ExampleDeviceProfileSelector
LogPluginManager: Mounting plugin GoogleCloudMessaging
LogPluginManager: Mounting plugin IOSDeviceProfileSelector
LogPluginManager: Mounting plugin LinuxDeviceProfileSelector
LogPluginManager: Mounting plugin LocationServicesBPLibrary
LogPluginManager: Mounting plugin MobilePatchingUtils
LogPluginManager: Mounting plugin OculusVR
LogPluginManager: Mounting plugin PhysXVehicles
LogPluginManager: Mounting plugin ProceduralMeshComponent
LogPluginManager: Mounting plugin RuntimePhysXCooking
LogPluginManager: Mounting plugin SignificanceManager
LogPluginManager: Mounting plugin SteamVR
LogPluginManager: Mounting plugin WebMMoviePlayer
LogPluginManager: Mounting plugin WindowsMoviePlayer
LogPluginManager: Mounting plugin ScreenshotTools
LogInit: Using libcurl 7.55.1-DEV
LogInit:  - built for x86_64-pc-win32
LogInit:  - supports SSL with OpenSSL/1.1.1
LogInit:  - supports HTTP deflate (compression) using libz 1.2.8
LogInit:  - other features:
LogInit:      CURL_VERSION_SSL
LogInit:      CURL_VERSION_LIBZ
LogInit:      CURL_VERSION_IPV6
LogInit:      CURL_VERSION_ASYNCHDNS
LogInit:      CURL_VERSION_LARGEFILE
LogInit:      CURL_VERSION_IDN
LogInit:  CurlRequestOptions (configurable via config and command line):
LogInit:  - bVerifyPeer = true  - Libcurl will verify peer certificate
LogInit:  - bUseHttpProxy = false  - Libcurl will NOT use HTTP proxy
LogInit:  - bDontReuseConnections = false  - Libcurl will reuse connections
LogInit:  - MaxHostConnections = 16  - Libcurl will limit the number of connections to a host
LogInit:  - LocalHostAddr = Default
LogInit:  - BufferSize = 65536
LogOnline: OSS: Creating online subsystem instance for: NULL
LogInit: WinSock: version 1.1 (2.2), MaxSocks=32767, MaxUdp=65467
LogInit: Build: ++UE4+Release-4.23-CL-8386587
LogInit: Engine Version: 4.23.0-8386587+++UE4+Release-4.23
LogInit: Compatible Engine Version: 4.23.0-8386587+++UE4+Release-4.23
LogInit: Net CL: 8386587
LogInit: OS: Windows 10 (Release 1809) (), CPU: Intel(R) Core(TM) i7-8750H CPU @ 2.20GHz, GPU: NVIDIA GeForce GTX 1070
LogInit: Compiled (64-bit): Aug 31 2019 02:04:44
LogInit: Compiled with Visual C++: 19.16.27030.01
LogInit: Build Configuration: Development
LogInit: Branch Name: ++UE4+Release-4.23
LogInit: Command Line: 
LogInit: Base Directory: D:/Epic Games/UE_4.23/Engine/Binaries/Win64/
LogInit: Installed Engine Build: 1
LogDevObjectVersion: Number of dev versions registered: 23
LogDevObjectVersion:   Dev-Blueprints (B0D832E4-1F89-4F0D-ACCF-7EB736FD4AA2): 10
LogDevObjectVersion:   Dev-Build (E1C64328-A22C-4D53-A36C-8E866417BD8C): 0
LogDevObjectVersion:   Dev-Core (375EC13C-06E4-48FB-B500-84F0262A717E): 3
LogDevObjectVersion:   Dev-Editor (E4B068ED-F494-42E9-A231-DA0B2E46BB41): 34
LogDevObjectVersion:   Dev-Framework (CFFC743F-43B0-4480-9391-14DF171D2073): 35
LogDevObjectVersion:   Dev-Mobile (B02B49B5-BB20-44E9-A304-32B752E40360): 2
LogDevObjectVersion:   Dev-Networking (A4E4105C-59A1-49B5-A7C5-40C4547EDFEE): 0
LogDevObjectVersion:   Dev-Online (39C831C9-5AE6-47DC-9A44-9C173E1C8E7C): 0
LogDevObjectVersion:   Dev-Physics (78F01B33-EBEA-4F98-B9B4-84EACCB95AA2): 0
LogDevObjectVersion:   Dev-Platform (6631380F-2D4D-43E0-8009-CF276956A95A): 0
LogDevObjectVersion:   Dev-Rendering (12F88B9F-8875-4AFC-A67C-D90C383ABD29): 31
LogDevObjectVersion:   Dev-Sequencer (7B5AE74C-D270-4C10-A958-57980B212A5A): 11
LogDevObjectVersion:   Dev-VR (D7296918-1DD6-4BDD-9DE2-64A83CC13884): 2
LogDevObjectVersion:   Dev-LoadTimes (C2A15278-BFE7-4AFE-6C17-90FF531DF755): 1
LogDevObjectVersion:   Private-Geometry (6EACA3D4-40EC-4CC1-B786-8BED09428FC5): 3
LogDevObjectVersion:   Dev-AnimPhys (29E575DD-E0A3-4627-9D10-D276232CDCEA): 17
LogDevObjectVersion:   Dev-Anim (AF43A65D-7FD3-4947-9873-3E8ED9C1BB05): 2
LogDevObjectVersion:   Dev-ReflectionCapture (6B266CEC-1EC7-4B8F-A30B-E4D90942FC07): 1
LogDevObjectVersion:   Dev-Automation (0DF73D61-A23F-47EA-B727-89E90C41499A): 1
LogDevObjectVersion:   FortniteMain (601D1886-AC64-4F84-AA16-D3DE0DEAC7D6): 27
LogDevObjectVersion:   Dev-Enterprise (9DFFBCD6-494F-0158-E221-12823C92A888): 6
LogDevObjectVersion:   Dev-Niagara (F2AED0AC-9AFE-416F-8664-AA7FFA26D6FC): 1
LogDevObjectVersion:   Dev-Destruction (174F1F0B-B4C6-45A5-B13F-2EE8D0FB917D): 9
LogInit: Presizing for max 16777216 objects, including 0 objects not considered by GC, pre-allocating 0 bytes for permanent pool.
LogInit: Object subsystem initialized
LogConfig: Setting CVar [[con.DebugEarlyDefault:1]]
LogConfig: Setting CVar [[r.setres:1280x720]]
[2019.11.04-21.26.07:785][  0]LogConfig: Setting CVar [[r.VSync:0]]
[2019.11.04-21.26.07:785][  0]LogConfig: Setting CVar [[r.RHICmdBypass:0]]
[2019.11.04-21.26.07:785][  0]LogConfig: Applying CVar settings from Section [/Script/Engine.RendererSettings] File [D:/REPOS/ProjectBronze/ProjectBronze/Saved/Config/Windows/Engine.ini]
[2019.11.04-21.26.07:785][  0]LogConfig: Setting CVar [[r.GPUCrashDebugging:0]]
[2019.11.04-21.26.07:785][  0]LogConfig: Applying CVar settings from Section [/Script/Engine.RendererOverrideSettings] File [D:/REPOS/ProjectBronze/ProjectBronze/Saved/Config/Windows/Engine.ini]
[2019.11.04-21.26.07:785][  0]LogConfig: Applying CVar settings from Section [/Script/Engine.StreamingSettings] File [D:/REPOS/ProjectBronze/ProjectBronze/Saved/Config/Windows/Engine.ini]
[2019.11.04-21.26.07:785][  0]LogConfig: Setting CVar [[s.MinBulkDataSizeForAsyncLoading:131072]]
[2019.11.04-21.26.07:785][  0]LogConfig: Setting CVar [[s.AsyncLoadingThreadEnabled:0]]
[2019.11.04-21.26.07:785][  0]LogConfig: Setting CVar [[s.EventDrivenLoaderEnabled:1]]
[2019.11.04-21.26.07:785][  0]LogConfig: Setting CVar [[s.WarnIfTimeLimitExceeded:0]]
[2019.11.04-21.26.07:785][  0]LogConfig: Setting CVar [[s.TimeLimitExceededMultiplier:1.5]]
[2019.11.04-21.26.07:785][  0]LogConfig: Setting CVar [[s.TimeLimitExceededMinTime:0.005]]
[2019.11.04-21.26.07:785][  0]LogConfig: Setting CVar [[s.UseBackgroundLevelStreaming:1]]
[2019.11.04-21.26.07:785][  0]LogConfig: Setting CVar [[s.PriorityAsyncLoadingExtraTime:15.0]]
[2019.11.04-21.26.07:785][  0]LogConfig: Setting CVar [[s.LevelStreamingActorsUpdateTimeLimit:5.0]]
[2019.11.04-21.26.07:785][  0]LogConfig: Setting CVar [[s.PriorityLevelStreamingActorsUpdateExtraTime:5.0]]
[2019.11.04-21.26.07:785][  0]LogConfig: Setting CVar [[s.LevelStreamingComponentsRegistrationGranularity:10]]
[2019.11.04-21.26.07:785][  0]LogConfig: Setting CVar [[s.UnregisterComponentsTimeLimit:1.0]]
[2019.11.04-21.26.07:785][  0]LogConfig: Setting CVar [[s.LevelStreamingComponentsUnregistrationGranularity:5]]
[2019.11.04-21.26.07:785][  0]LogConfig: Applying CVar settings from Section [/Script/Engine.GarbageCollectionSettings] File [D:/REPOS/ProjectBronze/ProjectBronze/Saved/Config/Windows/Engine.ini]
[2019.11.04-21.26.07:785][  0]LogConfig: Setting CVar [[gc.MaxObjectsNotConsideredByGC:1]]
[2019.11.04-21.26.07:785][  0]LogConfig: Setting CVar [[gc.SizeOfPermanentObjectPool:0]]
[2019.11.04-21.26.07:785][  0]LogConfig: Setting CVar [[gc.FlushStreamingOnGC:0]]
[2019.11.04-21.26.07:785][  0]LogConfig: Setting CVar [[gc.NumRetriesBeforeForcingGC:10]]
[2019.11.04-21.26.07:785][  0]LogConfig: Setting CVar [[gc.AllowParallelGC:1]]
[2019.11.04-21.26.07:785][  0]LogConfig: Setting CVar [[gc.TimeBetweenPurgingPendingKillObjects:61.1]]
[2019.11.04-21.26.07:785][  0]LogConfig: Setting CVar [[gc.MaxObjectsInEditor:16777216]]
[2019.11.04-21.26.07:785][  0]LogConfig: Setting CVar [[gc.IncrementalBeginDestroyEnabled:1]]
[2019.11.04-21.26.07:785][  0]LogConfig: Setting CVar [[gc.CreateGCClusters:1]]
[2019.11.04-21.26.07:785][  0]LogConfig: Setting CVar [[gc.MinGCClusterSize:5]]
[2019.11.04-21.26.07:785][  0]LogConfig: Setting CVar [[gc.ActorClusteringEnabled:0]]
[2019.11.04-21.26.07:785][  0]LogConfig: Setting CVar [[gc.BlueprintClusteringEnabled:0]]
[2019.11.04-21.26.07:785][  0]LogConfig: Setting CVar [[gc.UseDisregardForGCOnDedicatedServers:0]]
[2019.11.04-21.26.07:785][  0]LogConfig: Applying CVar settings from Section [/Script/Engine.NetworkSettings] File [D:/REPOS/ProjectBronze/ProjectBronze/Saved/Config/Windows/Engine.ini]
[2019.11.04-21.26.07:785][  0]LogConfig: Applying CVar settings from Section [/Script/UnrealEd.CookerSettings] File [D:/REPOS/ProjectBronze/ProjectBronze/Saved/Config/Windows/Engine.ini]
[2019.11.04-21.26.07:788][  0]LogConfig: Applying CVar settings from Section [ViewDistanceQuality@3] File [D:/REPOS/ProjectBronze/ProjectBronze/Saved/Config/Windows/Scalability.ini]
[2019.11.04-21.26.07:788][  0]LogConfig: Setting CVar [[r.SkeletalMeshLODBias:0]]
[2019.11.04-21.26.07:788][  0]LogConfig: Setting CVar [[r.ViewDistanceScale:1.0]]
[2019.11.04-21.26.07:788][  0]LogConfig: Applying CVar settings from Section [AntiAliasingQuality@3] File [D:/REPOS/ProjectBronze/ProjectBronze/Saved/Config/Windows/Scalability.ini]
[2019.11.04-21.26.07:788][  0]LogConfig: Setting CVar [[r.PostProcessAAQuality:4]]
[2019.11.04-21.26.07:788][  0]LogConfig: Applying CVar settings from Section [ShadowQuality@3] File [D:/REPOS/ProjectBronze/ProjectBronze/Saved/Config/Windows/Scalability.ini]
[2019.11.04-21.26.07:788][  0]LogConfig: Setting CVar [[r.LightFunctionQuality:1]]
[2019.11.04-21.26.07:788][  0]LogConfig: Setting CVar [[r.ShadowQuality:5]]
[2019.11.04-21.26.07:788][  0]LogConfig: Setting CVar [[r.Shadow.CSM.MaxCascades:10]]
[2019.11.04-21.26.07:788][  0]LogConfig: Setting CVar [[r.Shadow.MaxResolution:2048]]
[2019.11.04-21.26.07:788][  0]LogConfig: Setting CVar [[r.Shadow.MaxCSMResolution:2048]]
[2019.11.04-21.26.07:788][  0]LogConfig: Setting CVar [[r.Shadow.RadiusThreshold:0.01]]
[2019.11.04-21.26.07:788][  0]LogConfig: Setting CVar [[r.Shadow.DistanceScale:1.0]]
[2019.11.04-21.26.07:788][  0]LogConfig: Setting CVar [[r.Shadow.CSM.TransitionScale:1.0]]
[2019.11.04-21.26.07:788][  0]LogConfig: Setting CVar [[r.Shadow.PreShadowResolutionFactor:1.0]]
[2019.11.04-21.26.07:788][  0]LogConfig: Setting CVar [[r.DistanceFieldShadowing:1]]
[2019.11.04-21.26.07:788][  0]LogConfig: Setting CVar [[r.DistanceFieldAO:1]]
[2019.11.04-21.26.07:788][  0]LogConfig: Setting CVar [[r.AOQuality:2]]
[2019.11.04-21.26.07:788][  0]LogConfig: Setting CVar [[r.VolumetricFog:1]]
[2019.11.04-21.26.07:788][  0]LogConfig: Setting CVar [[r.VolumetricFog.GridPixelSize:8]]
[2019.11.04-21.26.07:788][  0]LogConfig: Setting CVar [[r.VolumetricFog.GridSizeZ:128]]
[2019.11.04-21.26.07:788][  0]LogConfig: Setting CVar [[r.VolumetricFog.HistoryMissSupersampleCount:4]]
[2019.11.04-21.26.07:788][  0]LogConfig: Setting CVar [[r.LightMaxDrawDistanceScale:1]]
[2019.11.04-21.26.07:788][  0]LogConfig: Setting CVar [[r.CapsuleShadows:1]]
[2019.11.04-21.26.07:788][  0]LogConfig: Applying CVar settings from Section [PostProcessQuality@3] File [D:/REPOS/ProjectBronze/ProjectBronze/Saved/Config/Windows/Scalability.ini]
[2019.11.04-21.26.07:788][  0]LogConfig: Setting CVar [[r.MotionBlurQuality:4]]
[2019.11.04-21.26.07:788][  0]LogConfig: Setting CVar [[r.AmbientOcclusionMipLevelFactor:0.4]]
[2019.11.04-21.26.07:788][  0]LogConfig: Setting CVar [[r.AmbientOcclusionMaxQuality:100]]
[2019.11.04-21.26.07:788][  0]LogConfig: Setting CVar [[r.AmbientOcclusionLevels:-1]]
[2019.11.04-21.26.07:788][  0]LogConfig: Setting CVar [[r.AmbientOcclusionRadiusScale:1.0]]
[2019.11.04-21.26.07:788][  0]LogConfig: Setting CVar [[r.DepthOfFieldQuality:2]]
[2019.11.04-21.26.07:788][  0]LogConfig: Setting CVar [[r.RenderTargetPoolMin:400]]
[2019.11.04-21.26.07:788][  0]LogConfig: Setting CVar [[r.LensFlareQuality:2]]
[2019.11.04-21.26.07:788][  0]LogConfig: Setting CVar [[r.SceneColorFringeQuality:1]]
[2019.11.04-21.26.07:788][  0]LogConfig: Setting CVar [[r.EyeAdaptationQuality:2]]
[2019.11.04-21.26.07:788][  0]LogConfig: Setting CVar [[r.BloomQuality:5]]
[2019.11.04-21.26.07:788][  0]LogConfig: Setting CVar [[r.FastBlurThreshold:100]]
[2019.11.04-21.26.07:788][  0]LogConfig: Setting CVar [[r.Upscale.Quality:3]]
[2019.11.04-21.26.07:788][  0]LogConfig: Setting CVar [[r.Tonemapper.GrainQuantization:1]]
[2019.11.04-21.26.07:788][  0]LogConfig: Setting CVar [[r.LightShaftQuality:1]]
[2019.11.04-21.26.07:788][  0]LogConfig: Setting CVar [[r.Filter.SizeScale:1]]
[2019.11.04-21.26.07:788][  0]LogConfig: Setting CVar [[r.Tonemapper.Quality:5]]
[2019.11.04-21.26.07:788][  0]LogConfig: Setting CVar [[r.DOF.Gather.AccumulatorQuality:1        ; higher gathering accumulator quality]]
[2019.11.04-21.26.07:788][  0]LogConfig: Setting CVar [[r.DOF.Gather.PostfilterMethod:1          ; Median3x3 postfilering method]]
[2019.11.04-21.26.07:788][  0]LogConfig: Setting CVar [[r.DOF.Gather.EnableBokehSettings:0       ; no bokeh simulation when gathering]]
[2019.11.04-21.26.07:788][  0]LogConfig: Setting CVar [[r.DOF.Gather.RingCount:4                 ; medium number of samples when gathering]]
[2019.11.04-21.26.07:788][  0]LogConfig: Setting CVar [[r.DOF.Scatter.ForegroundCompositing:1    ; additive foreground scattering]]
[2019.11.04-21.26.07:788][  0]LogConfig: Setting CVar [[r.DOF.Scatter.BackgroundCompositing:2    ; additive background scattering]]
[2019.11.04-21.26.07:788][  0]LogConfig: Setting CVar [[r.DOF.Scatter.EnableBokehSettings:1      ; bokeh simulation when scattering]]
[2019.11.04-21.26.07:788][  0]LogConfig: Setting CVar [[r.DOF.Scatter.MaxSpriteRatio:0.1         ; only a maximum of 10% of scattered bokeh]]
[2019.11.04-21.26.07:788][  0]LogConfig: Setting CVar [[r.DOF.Recombine.Quality:1                ; cheap slight out of focus]]
[2019.11.04-21.26.07:788][  0]LogConfig: Setting CVar [[r.DOF.Recombine.EnableBokehSettings:0    ; no bokeh simulation on slight out of focus]]
[2019.11.04-21.26.07:789][  0]LogConfig: Setting CVar [[r.DOF.TemporalAAQuality:1                ; more stable temporal accumulation]]
[2019.11.04-21.26.07:789][  0]LogConfig: Setting CVar [[r.DOF.Kernel.MaxForegroundRadius:0.025]]
[2019.11.04-21.26.07:789][  0]LogConfig: Setting CVar [[r.DOF.Kernel.MaxBackgroundRadius:0.025]]
[2019.11.04-21.26.07:789][  0]LogConfig: Applying CVar settings from Section [TextureQuality@3] File [D:/REPOS/ProjectBronze/ProjectBronze/Saved/Config/Windows/Scalability.ini]
[2019.11.04-21.26.07:789][  0]LogConfig: Setting CVar [[r.Streaming.MipBias:0]]
[2019.11.04-21.26.07:789][  0]LogConfig: Setting CVar [[r.Streaming.AmortizeCPUToGPUCopy:0]]
[2019.11.04-21.26.07:789][  0]LogConfig: Setting CVar [[r.Streaming.MaxNumTexturesToStreamPerFrame:0]]
[2019.11.04-21.26.07:789][  0]LogConfig: Setting CVar [[r.Streaming.Boost:1]]
[2019.11.04-21.26.07:789][  0]LogConfig: Setting CVar [[r.MaxAnisotropy:8]]
[2019.11.04-21.26.07:789][  0]LogConfig: Setting CVar [[r.Streaming.LimitPoolSizeToVRAM:0]]
[2019.11.04-21.26.07:789][  0]LogConfig: Setting CVar [[r.Streaming.PoolSize:1000]]
[2019.11.04-21.26.07:789][  0]LogConfig: Setting CVar [[r.Streaming.MaxEffectiveScreenSize:0]]
[2019.11.04-21.26.07:789][  0]LogConfig: Applying CVar settings from Section [EffectsQuality@3] File [D:/REPOS/ProjectBronze/ProjectBronze/Saved/Config/Windows/Scalability.ini]
[2019.11.04-21.26.07:789][  0]LogConfig: Setting CVar [[r.TranslucencyLightingVolumeDim:64]]
[2019.11.04-21.26.07:789][  0]LogConfig: Setting CVar [[r.RefractionQuality:2]]
[2019.11.04-21.26.07:789][  0]LogConfig: Setting CVar [[r.SSR.Quality:3]]
[2019.11.04-21.26.07:789][  0]LogConfig: Setting CVar [[r.SceneColorFormat:4]]
[2019.11.04-21.26.07:789][  0]LogConfig: Setting CVar [[r.DetailMode:2]]
[2019.11.04-21.26.07:789][  0]LogConfig: Setting CVar [[r.TranslucencyVolumeBlur:1]]
[2019.11.04-21.26.07:789][  0]LogConfig: Setting CVar [[r.MaterialQualityLevel:1 ; High quality]]
[2019.11.04-21.26.07:789][  0]LogConfig: Setting CVar [[r.SSS.Scale:1]]
[2019.11.04-21.26.07:789][  0]LogConfig: Setting CVar [[r.SSS.SampleSet:2]]
[2019.11.04-21.26.07:789][  0]LogConfig: Setting CVar [[r.SSS.Quality:1]]
[2019.11.04-21.26.07:789][  0]LogConfig: Setting CVar [[r.SSS.HalfRes:1]]
[2019.11.04-21.26.07:789][  0]LogConfig: Setting CVar [[r.EmitterSpawnRateScale:1.0]]
[2019.11.04-21.26.07:789][  0]LogConfig: Setting CVar [[r.ParticleLightQuality:2]]
[2019.11.04-21.26.07:789][  0]LogConfig: Applying CVar settings from Section [FoliageQuality@3] File [D:/REPOS/ProjectBronze/ProjectBronze/Saved/Config/Windows/Scalability.ini]
[2019.11.04-21.26.07:789][  0]LogConfig: Setting CVar [[foliage.DensityScale:1.0]]
[2019.11.04-21.26.07:789][  0]LogConfig: Setting CVar [[grass.DensityScale:1.0]]
[2019.11.04-21.26.07:789][  0]LogInit: Selected Device Profile: [Windows]
[2019.11.04-21.26.07:789][  0]LogInit: Applying CVar settings loaded from the selected device profile: [Windows]
[2019.11.04-21.26.07:791][  0]LogHAL: Display: Platform has ~ 16 GB [17031884800 / 17179869184 / 16], which maps to Larger [LargestMinGB=32, LargerMinGB=12, DefaultMinGB=8, SmallerMinGB=6, SmallestMinGB=0)
[2019.11.04-21.26.07:791][  0]LogInit: Going up to parent DeviceProfile []
[2019.11.04-21.26.07:791][  0]LogConfig: Applying CVar settings from Section [ViewDistanceQuality@3] File [D:/REPOS/ProjectBronze/ProjectBronze/Saved/Config/Windows/Scalability.ini]
[2019.11.04-21.26.07:791][  0]LogConfig: Setting CVar [[r.SkeletalMeshLODBias:0]]
[2019.11.04-21.26.07:791][  0]LogConfig: Setting CVar [[r.ViewDistanceScale:1.0]]
[2019.11.04-21.26.07:791][  0]LogConfig: Applying CVar settings from Section [AntiAliasingQuality@3] File [D:/REPOS/ProjectBronze/ProjectBronze/Saved/Config/Windows/Scalability.ini]
[2019.11.04-21.26.07:791][  0]LogConfig: Setting CVar [[r.PostProcessAAQuality:4]]
[2019.11.04-21.26.07:791][  0]LogConfig: Applying CVar settings from Section [ShadowQuality@3] File [D:/REPOS/ProjectBronze/ProjectBronze/Saved/Config/Windows/Scalability.ini]
[2019.11.04-21.26.07:791][  0]LogConfig: Setting CVar [[r.LightFunctionQuality:1]]
[2019.11.04-21.26.07:791][  0]LogConfig: Setting CVar [[r.ShadowQuality:5]]
[2019.11.04-21.26.07:791][  0]LogConfig: Setting CVar [[r.Shadow.CSM.MaxCascades:10]]
[2019.11.04-21.26.07:791][  0]LogConfig: Setting CVar [[r.Shadow.MaxResolution:2048]]
[2019.11.04-21.26.07:791][  0]LogConfig: Setting CVar [[r.Shadow.MaxCSMResolution:2048]]
[2019.11.04-21.26.07:791][  0]LogConfig: Setting CVar [[r.Shadow.RadiusThreshold:0.01]]
[2019.11.04-21.26.07:791][  0]LogConfig: Setting CVar [[r.Shadow.DistanceScale:1.0]]
[2019.11.04-21.26.07:791][  0]LogConfig: Setting CVar [[r.Shadow.CSM.TransitionScale:1.0]]
[2019.11.04-21.26.07:791][  0]LogConfig: Setting CVar [[r.Shadow.PreShadowResolutionFactor:1.0]]
[2019.11.04-21.26.07:791][  0]LogConfig: Setting CVar [[r.DistanceFieldShadowing:1]]
[2019.11.04-21.26.07:791][  0]LogConfig: Setting CVar [[r.DistanceFieldAO:1]]
[2019.11.04-21.26.07:791][  0]LogConfig: Setting CVar [[r.AOQuality:2]]
[2019.11.04-21.26.07:791][  0]LogConfig: Setting CVar [[r.VolumetricFog:1]]
[2019.11.04-21.26.07:791][  0]LogConfig: Setting CVar [[r.VolumetricFog.GridPixelSize:8]]
[2019.11.04-21.26.07:791][  0]LogConfig: Setting CVar [[r.VolumetricFog.GridSizeZ:128]]
[2019.11.04-21.26.07:791][  0]LogConfig: Setting CVar [[r.VolumetricFog.HistoryMissSupersampleCount:4]]
[2019.11.04-21.26.07:791][  0]LogConfig: Setting CVar [[r.LightMaxDrawDistanceScale:1]]
[2019.11.04-21.26.07:791][  0]LogConfig: Setting CVar [[r.CapsuleShadows:1]]
[2019.11.04-21.26.07:791][  0]LogConfig: Applying CVar settings from Section [PostProcessQuality@3] File [D:/REPOS/ProjectBronze/ProjectBronze/Saved/Config/Windows/Scalability.ini]
[2019.11.04-21.26.07:791][  0]LogConfig: Setting CVar [[r.MotionBlurQuality:4]]
[2019.11.04-21.26.07:791][  0]LogConfig: Setting CVar [[r.AmbientOcclusionMipLevelFactor:0.4]]
[2019.11.04-21.26.07:791][  0]LogConfig: Setting CVar [[r.AmbientOcclusionMaxQuality:100]]
[2019.11.04-21.26.07:791][  0]LogConfig: Setting CVar [[r.AmbientOcclusionLevels:-1]]
[2019.11.04-21.26.07:791][  0]LogConfig: Setting CVar [[r.AmbientOcclusionRadiusScale:1.0]]
[2019.11.04-21.26.07:791][  0]LogConfig: Setting CVar [[r.DepthOfFieldQuality:2]]
[2019.11.04-21.26.07:791][  0]LogConfig: Setting CVar [[r.RenderTargetPoolMin:400]]
[2019.11.04-21.26.07:791][  0]LogConfig: Setting CVar [[r.LensFlareQuality:2]]
[2019.11.04-21.26.07:791][  0]LogConfig: Setting CVar [[r.SceneColorFringeQuality:1]]
[2019.11.04-21.26.07:791][  0]LogConfig: Setting CVar [[r.EyeAdaptationQuality:2]]
[2019.11.04-21.26.07:791][  0]LogConfig: Setting CVar [[r.BloomQuality:5]]
[2019.11.04-21.26.07:791][  0]LogConfig: Setting CVar [[r.FastBlurThreshold:100]]
[2019.11.04-21.26.07:791][  0]LogConfig: Setting CVar [[r.Upscale.Quality:3]]
[2019.11.04-21.26.07:792][  0]LogConfig: Setting CVar [[r.Tonemapper.GrainQuantization:1]]
[2019.11.04-21.26.07:792][  0]LogConfig: Setting CVar [[r.LightShaftQuality:1]]
[2019.11.04-21.26.07:792][  0]LogConfig: Setting CVar [[r.Filter.SizeScale:1]]
[2019.11.04-21.26.07:792][  0]LogConfig: Setting CVar [[r.Tonemapper.Quality:5]]
[2019.11.04-21.26.07:792][  0]LogConfig: Setting CVar [[r.DOF.Gather.AccumulatorQuality:1        ; higher gathering accumulator quality]]
[2019.11.04-21.26.07:792][  0]LogConfig: Setting CVar [[r.DOF.Gather.PostfilterMethod:1          ; Median3x3 postfilering method]]
[2019.11.04-21.26.07:792][  0]LogConfig: Setting CVar [[r.DOF.Gather.EnableBokehSettings:0       ; no bokeh simulation when gathering]]
[2019.11.04-21.26.07:792][  0]LogConfig: Setting CVar [[r.DOF.Gather.RingCount:4                 ; medium number of samples when gathering]]
[2019.11.04-21.26.07:792][  0]LogConfig: Setting CVar [[r.DOF.Scatter.ForegroundCompositing:1    ; additive foreground scattering]]
[2019.11.04-21.26.07:792][  0]LogConfig: Setting CVar [[r.DOF.Scatter.BackgroundCompositing:2    ; additive background scattering]]
[2019.11.04-21.26.07:792][  0]LogConfig: Setting CVar [[r.DOF.Scatter.EnableBokehSettings:1      ; bokeh simulation when scattering]]
[2019.11.04-21.26.07:792][  0]LogConfig: Setting CVar [[r.DOF.Scatter.MaxSpriteRatio:0.1         ; only a maximum of 10% of scattered bokeh]]
[2019.11.04-21.26.07:792][  0]LogConfig: Setting CVar [[r.DOF.Recombine.Quality:1                ; cheap slight out of focus]]
[2019.11.04-21.26.07:792][  0]LogConfig: Setting CVar [[r.DOF.Recombine.EnableBokehSettings:0    ; no bokeh simulation on slight out of focus]]
[2019.11.04-21.26.07:792][  0]LogConfig: Setting CVar [[r.DOF.TemporalAAQuality:1                ; more stable temporal accumulation]]
[2019.11.04-21.26.07:792][  0]LogConfig: Setting CVar [[r.DOF.Kernel.MaxForegroundRadius:0.025]]
[2019.11.04-21.26.07:792][  0]LogConfig: Setting CVar [[r.DOF.Kernel.MaxBackgroundRadius:0.025]]
[2019.11.04-21.26.07:792][  0]LogConfig: Applying CVar settings from Section [TextureQuality@3] File [D:/REPOS/ProjectBronze/ProjectBronze/Saved/Config/Windows/Scalability.ini]
[2019.11.04-21.26.07:792][  0]LogConfig: Setting CVar [[r.Streaming.MipBias:0]]
[2019.11.04-21.26.07:792][  0]LogConfig: Setting CVar [[r.Streaming.AmortizeCPUToGPUCopy:0]]
[2019.11.04-21.26.07:792][  0]LogConfig: Setting CVar [[r.Streaming.MaxNumTexturesToStreamPerFrame:0]]
[2019.11.04-21.26.07:792][  0]LogConfig: Setting CVar [[r.Streaming.Boost:1]]
[2019.11.04-21.26.07:792][  0]LogConfig: Setting CVar [[r.MaxAnisotropy:8]]
[2019.11.04-21.26.07:792][  0]LogConfig: Setting CVar [[r.Streaming.LimitPoolSizeToVRAM:0]]
[2019.11.04-21.26.07:792][  0]LogConfig: Setting CVar [[r.Streaming.PoolSize:1000]]
[2019.11.04-21.26.07:792][  0]LogConfig: Setting CVar [[r.Streaming.MaxEffectiveScreenSize:0]]
[2019.11.04-21.26.07:792][  0]LogConfig: Applying CVar settings from Section [EffectsQuality@3] File [D:/REPOS/ProjectBronze/ProjectBronze/Saved/Config/Windows/Scalability.ini]
[2019.11.04-21.26.07:792][  0]LogConfig: Setting CVar [[r.TranslucencyLightingVolumeDim:64]]
[2019.11.04-21.26.07:792][  0]LogConfig: Setting CVar [[r.RefractionQuality:2]]
[2019.11.04-21.26.07:792][  0]LogConfig: Setting CVar [[r.SSR.Quality:3]]
[2019.11.04-21.26.07:792][  0]LogConfig: Setting CVar [[r.SceneColorFormat:4]]
[2019.11.04-21.26.07:792][  0]LogConfig: Setting CVar [[r.DetailMode:2]]
[2019.11.04-21.26.07:792][  0]LogConfig: Setting CVar [[r.TranslucencyVolumeBlur:1]]
[2019.11.04-21.26.07:792][  0]LogConfig: Setting CVar [[r.MaterialQualityLevel:1 ; High quality]]
[2019.11.04-21.26.07:792][  0]LogConfig: Setting CVar [[r.SSS.Scale:1]]
[2019.11.04-21.26.07:792][  0]LogConfig: Setting CVar [[r.SSS.SampleSet:2]]
[2019.11.04-21.26.07:792][  0]LogConfig: Setting CVar [[r.SSS.Quality:1]]
[2019.11.04-21.26.07:792][  0]LogConfig: Setting CVar [[r.SSS.HalfRes:1]]
[2019.11.04-21.26.07:792][  0]LogConfig: Setting CVar [[r.EmitterSpawnRateScale:1.0]]
[2019.11.04-21.26.07:792][  0]LogConfig: Setting CVar [[r.ParticleLightQuality:2]]
[2019.11.04-21.26.07:792][  0]LogConfig: Applying CVar settings from Section [FoliageQuality@3] File [D:/REPOS/ProjectBronze/ProjectBronze/Saved/Config/Windows/Scalability.ini]
[2019.11.04-21.26.07:792][  0]LogConfig: Setting CVar [[foliage.DensityScale:1.0]]
[2019.11.04-21.26.07:792][  0]LogConfig: Setting CVar [[grass.DensityScale:1.0]]
[2019.11.04-21.26.07:792][  0]LogConfig: Applying CVar settings from Section [Startup] File [../../../Engine/Config/ConsoleVariables.ini]
[2019.11.04-21.26.07:792][  0]LogConfig: Setting CVar [[net.UseAdaptiveNetUpdateFrequency:0]]
[2019.11.04-21.26.07:792][  0]LogConfig: Setting CVar [[p.chaos.AllowCreatePhysxBodies:1]]
[2019.11.04-21.26.07:792][  0]LogConfig: Applying CVar settings from Section [ConsoleVariables] File [D:/REPOS/ProjectBronze/ProjectBronze/Saved/Config/Windows/Engine.ini]
[2019.11.04-21.26.07:792][  0]LogInit: Computer: DESKTOP-J2AS69Q
[2019.11.04-21.26.07:792][  0]LogInit: User: Tiffany
[2019.11.04-21.26.07:792][  0]LogInit: CPU Page size=4096, Cores=6
[2019.11.04-21.26.07:792][  0]LogInit: High frequency timer resolution =10.000000 MHz
[2019.11.04-21.26.07:792][  0]LogMemory: Memory total: Physical=15.9GB (16GB approx)
[2019.11.04-21.26.07:792][  0]LogMemory: Platform Memory Stats for Windows
[2019.11.04-21.26.07:792][  0]LogMemory: Process Physical Memory: 101.30 MB used, 101.30 MB peak
[2019.11.04-21.26.07:792][  0]LogMemory: Process Virtual Memory: 101.79 MB used, 101.79 MB peak
[2019.11.04-21.26.07:793][  0]LogMemory: Physical Memory: 6913.05 MB used,  9329.82 MB free, 16242.87 MB total
[2019.11.04-21.26.07:793][  0]LogMemory: Virtual Memory: 4686.76 MB used,  134213040.00 MB free, 134217728.00 MB total
[2019.11.04-21.26.07:841][  0]LogWindows: WindowsPlatformFeatures enabled
[2019.11.04-21.26.07:862][  0]LogInit: Using OS detected language (en-US).
[2019.11.04-21.26.07:862][  0]LogInit: Using OS detected locale (en-CA).
[2019.11.04-21.26.07:863][  0]LogTextLocalizationManager: No specific localization for 'en-US' exists, so the 'en' localization will be used.
[2019.11.04-21.26.08:007][  0]LogInit: Setting process to per monitor DPI aware
[2019.11.04-21.26.08:037][  0]LogSlate: New Slate User Created.  User Index 0, Is Virtual User: 0
[2019.11.04-21.26.08:037][  0]LogSlate: Slate User Registered.  User Index 0, Is Virtual User: 0
[2019.11.04-21.26.08:211][  0]LogHMD: Failed to initialize OpenVR with code 100
[2019.11.04-21.26.08:211][  0]LogD3D11RHI: D3D11 adapters:
[2019.11.04-21.26.08:272][  0]LogD3D11RHI:    0. 'NVIDIA GeForce GTX 1070' (Feature Level 11_0)
[2019.11.04-21.26.08:272][  0]LogD3D11RHI:       8082/0/8121 MB DedicatedVideo/DedicatedSystem/SharedSystem, Outputs:1, VendorId:0x10de
[2019.11.04-21.26.08:302][  0]LogD3D11RHI:    1. 'Intel(R) UHD Graphics 630' (Feature Level 11_0)
[2019.11.04-21.26.08:302][  0]LogD3D11RHI:       128/0/8121 MB DedicatedVideo/DedicatedSystem/SharedSystem, Outputs:0, VendorId:0x8086
[2019.11.04-21.26.08:304][  0]LogD3D11RHI:    2. 'Microsoft Basic Render Driver' (Feature Level 11_0)
[2019.11.04-21.26.08:304][  0]LogD3D11RHI:       0/0/8121 MB DedicatedVideo/DedicatedSystem/SharedSystem, Outputs:0, VendorId:0x1414
[2019.11.04-21.26.08:304][  0]LogD3D11RHI: Chosen D3D11 Adapter: 0
[2019.11.04-21.26.08:313][  0]LogD3D11RHI: Creating new Direct3DDevice
[2019.11.04-21.26.08:313][  0]LogD3D11RHI:     GPU DeviceId: 0x1ba1 (for the marketing name, search the web for "GPU Device Id")
[2019.11.04-21.26.08:313][  0]LogWindows: EnumDisplayDevices:
[2019.11.04-21.26.08:314][  0]LogWindows:    0. 'NVIDIA GeForce GTX 1070' (P:1 D:1)
[2019.11.04-21.26.08:314][  0]LogWindows:    1. 'NVIDIA GeForce GTX 1070' (P:0 D:0)
[2019.11.04-21.26.08:314][  0]LogWindows:    2. 'NVIDIA GeForce GTX 1070' (P:0 D:0)
[2019.11.04-21.26.08:315][  0]LogWindows:    3. 'NVIDIA GeForce GTX 1070' (P:0 D:0)
[2019.11.04-21.26.08:315][  0]LogWindows:    4. 'Intel(R) UHD Graphics 630' (P:0 D:0)
[2019.11.04-21.26.08:315][  0]LogWindows:    5. 'Intel(R) UHD Graphics 630' (P:0 D:0)
[2019.11.04-21.26.08:315][  0]LogWindows:    6. 'Intel(R) UHD Graphics 630' (P:0 D:0)
[2019.11.04-21.26.08:316][  0]LogWindows: DebugString: PrimaryIsNotTheChoosenAdapter PrimaryIsNotTheChoosenAdapter PrimaryIsNotTheChoosenAdapter FoundDriverCount:4 
[2019.11.04-21.26.08:316][  0]LogD3D11RHI:     Adapter Name: NVIDIA GeForce GTX 1070
[2019.11.04-21.26.08:316][  0]LogD3D11RHI:   Driver Version: 440.97 (internal:26.21.14.4097, unified:440.97)
[2019.11.04-21.26.08:316][  0]LogD3D11RHI:      Driver Date: 10-16-2019
[2019.11.04-21.26.08:316][  0]LogRHI: Texture pool is 5657 MB (70% of 8082 MB)
[2019.11.04-21.26.08:355][  0]LogD3D11RHI: Async texture creation enabled
[2019.11.04-21.26.08:372][  0]LogD3D11RHI: GPU Timing Frequency: 1000.000000 (Debug: 2 1)
[2019.11.04-21.26.08:727][  0]LogTemp: Display: Module 'AllDesktopTargetPlatform' loaded TargetPlatform 'AllDesktop'
[2019.11.04-21.26.08:734][  0]LogTemp: Display: Module 'MacClientTargetPlatform' loaded TargetPlatform 'MacClient'
[2019.11.04-21.26.08:740][  0]LogTemp: Display: Module 'MacNoEditorTargetPlatform' loaded TargetPlatform 'MacNoEditor'
[2019.11.04-21.26.08:748][  0]LogTemp: Display: Module 'MacServerTargetPlatform' loaded TargetPlatform 'MacServer'
[2019.11.04-21.26.08:755][  0]LogTemp: Display: Module 'MacTargetPlatform' loaded TargetPlatform 'Mac'
[2019.11.04-21.26.08:762][  0]LogTemp: Display: Module 'WindowsClientTargetPlatform' loaded TargetPlatform 'WindowsClient'
[2019.11.04-21.26.08:770][  0]LogTemp: Display: Module 'WindowsNoEditorTargetPlatform' loaded TargetPlatform 'WindowsNoEditor'
[2019.11.04-21.26.08:777][  0]LogTemp: Display: Module 'WindowsServerTargetPlatform' loaded TargetPlatform 'WindowsServer'
[2019.11.04-21.26.08:781][  0]LogTemp: Display: Module 'WindowsTargetPlatform' loaded TargetPlatform 'Windows'
[2019.11.04-21.26.08:809][  0]LogTemp: Display: Module 'AndroidTargetPlatform' loaded TargetPlatform 'Android'
[2019.11.04-21.26.08:809][  0]LogTemp: Display: Module 'AndroidTargetPlatform' loaded TargetPlatform 'Android_ASTC'
[2019.11.04-21.26.08:809][  0]LogTemp: Display: Module 'AndroidTargetPlatform' loaded TargetPlatform 'Android_ATC'
[2019.11.04-21.26.08:809][  0]LogTemp: Display: Module 'AndroidTargetPlatform' loaded TargetPlatform 'Android_DXT'
[2019.11.04-21.26.08:809][  0]LogTemp: Display: Module 'AndroidTargetPlatform' loaded TargetPlatform 'Android_ETC1'
[2019.11.04-21.26.08:809][  0]LogTemp: Display: Module 'AndroidTargetPlatform' loaded TargetPlatform 'Android_ETC1a'
[2019.11.04-21.26.08:809][  0]LogTemp: Display: Module 'AndroidTargetPlatform' loaded TargetPlatform 'Android_ETC2'
[2019.11.04-21.26.08:809][  0]LogTemp: Display: Module 'AndroidTargetPlatform' loaded TargetPlatform 'Android_PVRTC'
[2019.11.04-21.26.08:809][  0]LogTemp: Display: Module 'AndroidTargetPlatform' loaded TargetPlatform 'AndroidClient'
[2019.11.04-21.26.08:809][  0]LogTemp: Display: Module 'AndroidTargetPlatform' loaded TargetPlatform 'Android_ASTCClient'
[2019.11.04-21.26.08:809][  0]LogTemp: Display: Module 'AndroidTargetPlatform' loaded TargetPlatform 'Android_ATCClient'
[2019.11.04-21.26.08:809][  0]LogTemp: Display: Module 'AndroidTargetPlatform' loaded TargetPlatform 'Android_DXTClient'
[2019.11.04-21.26.08:809][  0]LogTemp: Display: Module 'AndroidTargetPlatform' loaded TargetPlatform 'Android_ETC1Client'
[2019.11.04-21.26.08:809][  0]LogTemp: Display: Module 'AndroidTargetPlatform' loaded TargetPlatform 'Android_ETC1aClient'
[2019.11.04-21.26.08:809][  0]LogTemp: Display: Module 'AndroidTargetPlatform' loaded TargetPlatform 'Android_ETC2Client'
[2019.11.04-21.26.08:809][  0]LogTemp: Display: Module 'AndroidTargetPlatform' loaded TargetPlatform 'Android_PVRTCClient'
[2019.11.04-21.26.08:809][  0]LogTemp: Display: Module 'AndroidTargetPlatform' loaded TargetPlatform 'Android_Multi'
[2019.11.04-21.26.08:809][  0]LogTemp: Display: Module 'AndroidTargetPlatform' loaded TargetPlatform 'Android_MultiClient'
[2019.11.04-21.26.08:810][  0]LogTemp: Display: Module 'HTML5TargetPlatform' loaded TargetPlatform 'HTML5'
[2019.11.04-21.26.08:825][  0]LogTemp: Display: Module 'IOSTargetPlatform' loaded TargetPlatform 'IOSClient'
[2019.11.04-21.26.08:825][  0]LogTemp: Display: Module 'IOSTargetPlatform' loaded TargetPlatform 'IOS'
[2019.11.04-21.26.08:836][  0]LogTemp: Display: Module 'TVOSTargetPlatform' loaded TargetPlatform 'TVOSClient'
[2019.11.04-21.26.08:836][  0]LogTemp: Display: Module 'TVOSTargetPlatform' loaded TargetPlatform 'TVOS'
[2019.11.04-21.26.08:842][  0]LogTemp: Display: Module 'LinuxClientTargetPlatform' loaded TargetPlatform 'LinuxClient'
[2019.11.04-21.26.08:848][  0]LogTemp: Display: Module 'LinuxNoEditorTargetPlatform' loaded TargetPlatform 'LinuxNoEditor'
[2019.11.04-21.26.08:854][  0]LogTemp: Display: Module 'LinuxServerTargetPlatform' loaded TargetPlatform 'LinuxServer'
[2019.11.04-21.26.08:860][  0]LogTemp: Display: Module 'LinuxTargetPlatform' loaded TargetPlatform 'Linux'
[2019.11.04-21.26.08:879][  0]LogTemp: Display: Module 'LuminTargetPlatform' loaded TargetPlatform 'Lumin'
[2019.11.04-21.26.08:879][  0]LogTemp: Display: Module 'LuminTargetPlatform' loaded TargetPlatform 'LuminClient'
[2019.11.04-21.26.08:879][  0]LogTargetPlatformManager: Display: Building Assets For Windows
[2019.11.04-21.26.08:887][  0]LogAudioDebug: Display: Lib vorbis DLL was dynamically loaded.
[2019.11.04-21.26.08:930][  0]LogShaderCompilers: Guid format shader working directory is -1 characters bigger than the processId version (../../../../../REPOS/ProjectBronze/ProjectBronze/Intermediate/Shaders/WorkingDirectory/10028/).
[2019.11.04-21.26.08:930][  0]LogShaderCompilers: Cleaned the shader compiler working directory 'C:/Users/Tiffany/AppData/Local/Temp/UnrealShaderWorkingDir/27A0F27243DEAC5E596045AD648E7E8E/'.
[2019.11.04-21.26.08:932][  0]LogXGEController: Cannot use XGE Controller as Incredibuild is not installed on this machine.
[2019.11.04-21.26.08:932][  0]LogShaderCompilers: Cannot use XGE Shader Compiler as Incredibuild is not installed on this machine.
[2019.11.04-21.26.08:932][  0]LogShaderCompilers: Display: Using Local Shader Compiler.
[2019.11.04-21.26.09:472][  0]LogDerivedDataCache: Display: Max Cache Size: 512 MB
[2019.11.04-21.26.09:512][  0]LogDerivedDataCache: Loaded boot cache 0.04s 73MB C:/Users/Tiffany/AppData/Local/UnrealEngine/4.23/DerivedDataCache/Boot.ddc.
[2019.11.04-21.26.09:512][  0]LogDerivedDataCache: Display: Loaded Boot cache: C:/Users/Tiffany/AppData/Local/UnrealEngine/4.23/DerivedDataCache/Boot.ddc
[2019.11.04-21.26.09:512][  0]LogDerivedDataCache: FDerivedDataBackendGraph:  Pak pak cache file ../../../../../REPOS/ProjectBronze/ProjectBronze/DerivedDataCache/DDC.ddp not found, will not use a pak cache.
[2019.11.04-21.26.09:512][  0]LogDerivedDataCache: Unable to find inner node Pak for hierarchical cache Hierarchy.
[2019.11.04-21.26.09:512][  0]LogDerivedDataCache: FDerivedDataBackendGraph:  CompressedPak pak cache file ../../../../../REPOS/ProjectBronze/ProjectBronze/DerivedDataCache/Compressed.ddp not found, will not use a pak cache.
[2019.11.04-21.26.09:512][  0]LogDerivedDataCache: Unable to find inner node CompressedPak for hierarchical cache Hierarchy.
[2019.11.04-21.26.09:522][  0]LogDerivedDataCache: Display: Pak cache opened for reading ../../../Engine/DerivedDataCache/Compressed.ddp.
[2019.11.04-21.26.09:522][  0]LogDerivedDataCache: FDerivedDataBackendGraph:  EnterprisePak pak cache file ../../../Enterprise/DerivedDataCache/Compressed.ddp not found, will not use a pak cache.
[2019.11.04-21.26.09:522][  0]LogDerivedDataCache: Unable to find inner node EnterprisePak for hierarchical cache Hierarchy.
[2019.11.04-21.26.09:523][  0]LogDerivedDataCache: Using Local data cache path C:/Users/Tiffany/AppData/Local/UnrealEngine/Common/DerivedDataCache: Writable
[2019.11.04-21.26.09:523][  0]LogDerivedDataCache: Shared data cache path not found in *engine.ini, will not use an Shared cache.
[2019.11.04-21.26.09:523][  0]LogDerivedDataCache: Unable to find inner node Shared for hierarchical cache Hierarchy.
[2019.11.04-21.26.09:541][  0]LogMaterial: Verifying Global Shaders for PCD3D_SM5
[2019.11.04-21.26.09:543][  0]LogSlate: Using FreeType 2.6.0
[2019.11.04-21.26.09:544][  0]LogSlate: SlateFontServices - WITH_FREETYPE: 1, WITH_HARFBUZZ: 1
[2019.11.04-21.26.09:595][  0]LogAssetRegistry: FAssetRegistry took 0.0026 seconds to start up
[2019.11.04-21.26.09:834][  0]LogInit: Selected Device Profile: [Windows]
[2019.11.04-21.26.09:958][  0]LogMeshReduction: Using QuadricMeshReduction for automatic static mesh reduction
[2019.11.04-21.26.09:958][  0]LogMeshReduction: Using SimplygonMeshReduction for automatic skeletal mesh reduction
[2019.11.04-21.26.09:958][  0]LogMeshReduction: Using ProxyLODMeshReduction for automatic mesh merging
[2019.11.04-21.26.09:958][  0]LogMeshReduction: No distributed automatic mesh merging module available
[2019.11.04-21.26.09:958][  0]LogMeshMerging: No distributed automatic mesh merging module available
[2019.11.04-21.26.09:967][  0]LogNetVersion: ProjectBronze 1.0.0, NetCL: 8386587, EngineNetVer: 11, GameNetVer: 0 (Checksum: 1510744189)
[2019.11.04-21.26.10:311][  0]LogPackageLocalizationCache: Processed 13 localized package path(s) for 1 prioritized culture(s) in 0.032360 seconds
[2019.11.04-21.26.10:316][  0]LogUObjectArray: 43444 objects as part of root set at end of initial load.
[2019.11.04-21.26.10:316][  0]LogUObjectAllocator: 7548648 out of 0 bytes used by permanent object pool.
[2019.11.04-21.26.10:316][  0]LogUObjectArray: CloseDisregardForGC: 0/0 objects in disregard for GC pool
[2019.11.04-21.26.11:230][  0]LogTcpMessaging: Initializing TcpMessaging bridge
[2019.11.04-21.26.11:233][  0]LogUdpMessaging: Initializing bridge on interface 0.0.0.0:0 to multicast group 230.0.0.1:6666.
[2019.11.04-21.26.11:279][  0]SourceControl: Source control is disabled
[2019.11.04-21.26.11:279][  0]SourceControl: Source control is disabled
[2019.11.04-21.26.11:280][  0]SourceControl: Source control is disabled
[2019.11.04-21.26.11:281][  0]SourceControl: Source control is disabled
[2019.11.04-21.26.11:353][  0]LogAndroidPermission: UAndroidPermissionCallbackProxy::GetInstance
[2019.11.04-21.26.11:751][  0]LogOcInput: OculusInput pre-init called
[2019.11.04-21.26.11:759][  0]LogWindows: Failed to load 'OVRPlugin.dll' (GetLastError=126)
[2019.11.04-21.26.11:759][  0]LogWindows: File 'OVRPlugin.dll' does not exist
[2019.11.04-21.26.11:816][  0]LogEngine: Initializing Engine...
[2019.11.04-21.26.11:817][  0]LogHMD: Failed to initialize OpenVR with code 100
[2019.11.04-21.26.11:818][  0]LogStats: UGameplayTagsManager::InitializeManager -  0.000 s
[2019.11.04-21.26.12:011][  0]LogInit: Initializing FReadOnlyCVARCache
[2019.11.04-21.26.12:022][  0]LogAIModule: Creating AISystem for world Untitled
[2019.11.04-21.26.12:049][  0]LogInit: XAudio2 using 'Speakers/Headphones (Realtek(R) Audio)' : 6 channels at 48 kHz using 32 bits per sample (channel mask 0x3f)
[2019.11.04-21.26.12:069][  0]LogInit: FAudioDevice initialized.
[2019.11.04-21.26.12:070][  0]LogNetVersion: Set ProjectVersion to 1.0.0.0. Version Checksum will be recalculated on next use.
[2019.11.04-21.26.12:220][  0]LogDerivedDataCache: Saved boot cache 0.15s 73MB C:/Users/Tiffany/AppData/Local/UnrealEngine/4.23/DerivedDataCache/Boot.ddc.
[2019.11.04-21.26.12:224][  0]LogInit: Texture streaming: Enabled
[2019.11.04-21.26.12:243][  0]LogEngineSessionManager: EngineSessionManager initialized
[2019.11.04-21.26.12:276][  0]LogInit: Transaction tracking system initialized
[2019.11.04-21.26.12:304][  0]BlueprintLog: New page: Editor Load
[2019.11.04-21.26.12:367][  0]LocalizationService: Localization service is disabled
[2019.11.04-21.26.12:562][  0]LogFileCache: Scanning file cache for directory 'D:/REPOS/ProjectBronze/ProjectBronze/Content/' took 0.00s
[2019.11.04-21.26.12:562][  0]LogCook: Display: Max memory allowance for cook 16384mb min free memory 0mb
[2019.11.04-21.26.12:562][  0]LogCook: Display: Mobile HDR setting 1
[2019.11.04-21.26.12:719][  0]SourceControl: Source control is disabled
[2019.11.04-21.26.12:719][  0]Cmd: MAP LOAD FILE="../../../../../REPOS/ProjectBronze/ProjectBronze/Content/ThirdPersonBP/Maps/ThirdPersonExampleMap.umap" TEMPLATE=0 SHOWPROGRESS=1 FEATURELEVEL=3
[2019.11.04-21.26.12:719][  0]LightingResults: New page: Lighting Build
[2019.11.04-21.26.12:722][  0]LogWorld: UWorld::CleanupWorld for Untitled, bSessionEnded=true, bCleanupResources=true
[2019.11.04-21.26.12:722][  0]MapCheck: New page: Map Check
[2019.11.04-21.26.12:722][  0]LightingResults: New page: Lighting Build
[2019.11.04-21.26.12:752][  0]LogUObjectHash: Compacting FUObjectHashTables data took   1.52ms
[2019.11.04-21.26.12:966][  0]LogAIModule: Creating AISystem for world ThirdPersonExampleMap
[2019.11.04-21.26.12:976][  0]LogEditorServer: Finished looking for orphan Actors (0.000 secs)
[2019.11.04-21.26.13:007][  0]LogUObjectHash: Compacting FUObjectHashTables data took   2.24ms
[2019.11.04-21.26.13:008][  0]Cmd: MAP CHECKDEP NOCLEARLOG
[2019.11.04-21.26.13:008][  0]MapCheck: Map check complete: 0 Error(s), 0 Warning(s), took 0.079ms to complete.
[2019.11.04-21.26.13:008][  0]LogFileHelpers: Loading map 'ThirdPersonExampleMap' took 0.289
[2019.11.04-21.26.13:124][  0]LogCollectionManager: Loaded 0 collections in 0.001594 seconds
[2019.11.04-21.26.13:129][  0]LogFileCache: Scanning file cache for directory 'D:/REPOS/ProjectBronze/ProjectBronze/Saved/Collections/' took 0.00s
[2019.11.04-21.26.13:129][  0]LogFileCache: Scanning file cache for directory 'D:/REPOS/ProjectBronze/ProjectBronze/Content/Developers/Tiffany/Collections/' took 0.00s
[2019.11.04-21.26.13:129][  0]LogFileCache: Scanning file cache for directory 'D:/REPOS/ProjectBronze/ProjectBronze/Content/Collections/' took 0.00s
[2019.11.04-21.26.13:129][  0]LogCollectionManager: Rebuilt the GUID cache for 0 collections in 0.000001 seconds
[2019.11.04-21.26.13:137][  0]LogContentBrowser: Native class hierarchy populated in 0.0075 seconds. Added 2888 classes and 689 folders.
[2019.11.04-21.26.13:142][  0]LogContentBrowser: Native class hierarchy updated for 'WidgetCarousel' in 0.0003 seconds. Added 0 classes and 0 folders.
[2019.11.04-21.26.13:196][  0]LogContentBrowser: Native class hierarchy updated for 'AddContentDialog' in 0.0004 seconds. Added 0 classes and 0 folders.
[2019.11.04-21.26.13:209][  0]LogSlate: Updating window title bar state: overlay mode, drag disabled, window buttons hidden, title bar hidden
[2019.11.04-21.26.13:215][  0]LogSlate: Updating window title bar state: overlay mode, drag disabled, window buttons hidden, title bar hidden
[2019.11.04-21.26.13:221][  0]LogSlate: Updating window title bar state: overlay mode, drag disabled, window buttons hidden, title bar hidden
[2019.11.04-21.26.13:227][  0]LogSlate: Updating window title bar state: overlay mode, drag disabled, window buttons hidden, title bar hidden
[2019.11.04-21.26.13:233][  0]LogContentBrowser: Native class hierarchy updated for 'SceneOutliner' in 0.0005 seconds. Added 1 classes and 2 folders.
[2019.11.04-21.26.13:241][  0]LogContentBrowser: Native class hierarchy updated for 'WorldBrowser' in 0.0004 seconds. Added 2 classes and 3 folders.
[2019.11.04-21.26.13:299][  0]LogSlate: Took 0.000175 seconds to synchronously load lazily loaded font '../../../Engine/Content/Slate/Fonts/Roboto-Regular.ttf' (155K)
[2019.11.04-21.26.13:301][  0]LogSlate: Took 0.000184 seconds to synchronously load lazily loaded font '../../../Engine/Content/Editor/Slate/Fonts/FontAwesome.ttf' (139K)
[2019.11.04-21.26.13:301][  0]LogSlate: Took 0.000116 seconds to synchronously load lazily loaded font '../../../Engine/Content/Slate/Fonts/Roboto-Bold.ttf' (160K)
[2019.11.04-21.26.13:352][  0]LogRenderer: Reallocating scene render targets to support 1212x924 Format 10 NumSamples 1 (Frame:1).
[2019.11.04-21.26.13:434][  0]LogContentBrowser: Native class hierarchy updated for 'HierarchicalLODOutliner' in 0.0004 seconds. Added 0 classes and 0 folders.
[2019.11.04-21.26.13:434][  0]LogLoad: (Engine Initialization) Total time: 6.73 seconds
[2019.11.04-21.26.13:434][  0]LogLoad: (Engine Initialization) Total Blueprint compile time: 0.00 seconds
[2019.11.04-21.26.13:484][  0]LogAssetRegistry: Asset discovery search completed in 3.8894 seconds
[2019.11.04-21.26.13:487][  0]LogCollectionManager: Rebuilt the object cache for 0 collections in 0.000004 seconds (found 0 objects)
[2019.11.04-21.26.13:487][  0]LogCollectionManager: Fixed up redirectors for 0 collections in 0.000055 seconds (updated 0 objects)
[2019.11.04-21.26.13:488][  0]LogContentStreaming: Texture pool size now 1000 MB
[2019.11.04-21.26.13:507][  0]LogSlate: Took 0.000130 seconds to synchronously load lazily loaded font '../../../Engine/Content/Slate/Fonts/Roboto-Light.ttf' (167K)
[2019.11.04-21.26.14:458][ 57]LogSlate: Took 0.000163 seconds to synchronously load lazily loaded font '../../../Engine/Content/Slate/Fonts/Roboto-Light.ttf' (167K)
[2019.11.04-21.26.16:090][155]LogSlate: FSceneViewport::OnFocusLost() reason 0
[2019.11.04-21.26.16:433][166]LogAIModule: Creating AISystem for world Procedural_Levels_CPP
[2019.11.04-21.26.16:437][166]LogAssetEditorManager: Opening Asset editor for World /Game/Procedural_Levels/Procedural_Levels/Procedural_Levels_CPP.Procedural_Levels_CPP
[2019.11.04-21.26.16:466][166]LogUObjectHash: Compacting FUObjectHashTables data took   1.92ms
[2019.11.04-21.26.16:466][166]Cmd: MAP LOAD FILE="../../../../../REPOS/ProjectBronze/ProjectBronze/Content/Procedural_Levels/Procedural_Levels/Procedural_Levels_CPP.umap" TEMPLATE=0 SHOWPROGRESS=1 FEATURELEVEL=3
[2019.11.04-21.26.16:466][166]LightingResults: New page: Lighting Build
[2019.11.04-21.26.16:467][166]LoadErrors: New page: Loading map: Procedural_Levels_CPP.umap
[2019.11.04-21.26.16:467][166]LogWorld: UWorld::CleanupWorld for ThirdPersonExampleMap, bSessionEnded=true, bCleanupResources=true
[2019.11.04-21.26.16:468][166]MapCheck: New page: Map Check
[2019.11.04-21.26.16:468][166]LightingResults: New page: Lighting Build
[2019.11.04-21.26.16:496][166]LogUObjectHash: Compacting FUObjectHashTables data took   1.74ms
[2019.11.04-21.26.16:498][166]LogStreaming: Display: ULevelStreaming::RequestLevel(/Game/Procedural_Levels/Procedural_Levels/Procedural04) is flushing async loading
[2019.11.04-21.26.16:498][166]LogStreaming: Display: Flushing async loaders.
[2019.11.04-21.26.16:532][166]LogStreaming: Display: ULevelStreaming::RequestLevel(/Game/Procedural_Levels/Procedural_Levels/Procedural02) is flushing async loading
[2019.11.04-21.26.16:584][166]LogStreaming: Display: ULevelStreaming::RequestLevel(/Game/Procedural_Levels/Procedural_Levels/Procedural03) is flushing async loading
[2019.11.04-21.26.16:607][166]LogStreaming: Display: ULevelStreaming::RequestLevel(/Game/Procedural_Levels/Procedural_Levels/Procedural01) is flushing async loading
[2019.11.04-21.26.16:706][166]LogEditorServer: Finished looking for orphan Actors (0.000 secs)
[2019.11.04-21.26.16:735][166]LogUObjectHash: Compacting FUObjectHashTables data took   1.30ms
[2019.11.04-21.26.16:747][166]Cmd: MAP CHECKDEP NOCLEARLOG
[2019.11.04-21.26.16:747][166]MapCheck: Map check complete: 0 Error(s), 0 Warning(s), took 0.149ms to complete.
[2019.11.04-21.26.16:747][166]LogFileHelpers: Loading map 'Procedural_Levels_CPP' took 0.281
[2019.11.04-21.26.22:562][513]LogAssetEditorManager: Opening Asset editor for LevelScriptBlueprint /Game/Procedural_Levels/Procedural_Levels/Procedural_Levels_CPP.Procedural_Levels_CPP:PersistentLevel.Procedural_Levels_CPP
[2019.11.04-21.26.22:777][513]LogContentBrowser: Native class hierarchy updated for 'BlueprintGraph' in 0.0006 seconds. Added 121 classes and 0 folders.
[2019.11.04-21.26.23:480][513]LogSlate: Took 0.000162 seconds to synchronously load lazily loaded font '../../../Engine/Content/Slate/Fonts/Roboto-BoldCondensed.ttf' (158K)
[2019.11.04-21.26.25:778][648]LogSlate: Window 'Procedural_Levels_CPP' being destroyed
[2019.11.04-21.36.16:603][663]LogUObjectHash: Compacting FUObjectHashTables data took   3.21ms
[2019.11.04-21.36.17:170][663]LogSavePackage: Moving '../../../../../REPOS/ProjectBronze/ProjectBronze/Saved/Procedural_Levels_CPP_Auto1EF2BAAD642AEB73DC7A7F1827DC0DD36.tmp' to '../../../../../REPOS/ProjectBronze/ProjectBronze/Saved/Autosaves/Game/Procedural_Levels/Procedural_Levels/Procedural_Levels_CPP_Auto1.umap'
[2019.11.04-21.36.17:172][663]LogFileHelpers: Editor autosave (incl. sublevels) for '/Game/Procedural_Levels/Procedural_Levels/Procedural_Levels_CPP' took 0.604
[2019.11.04-21.36.17:172][663]LogFileHelpers: Editor autosave (incl. sublevels) for all levels took 0.604
[2019.11.04-22.09.43:981][920]LogUObjectHash: Compacting FUObjectHashTables data took   3.80ms
[2019.11.04-22.09.44:026][920]LogUObjectHash: Compacting FUObjectHashTables data took   0.98ms
[2019.11.04-22.09.44:569][920]LogSavePackage: Moving '../../../../../REPOS/ProjectBronze/ProjectBronze/Saved/Procedural_Levels_CPP04361D344E833225BB787BAE5F3FF032.tmp' to '../../../../../REPOS/ProjectBronze/ProjectBronze/Content/Procedural_Levels/Procedural_Levels/Procedural_Levels_CPP.umap'
[2019.11.04-22.09.44:583][920]LogFileHelpers: Saving map 'Procedural_Levels_CPP' took 0.588
[2019.11.04-22.09.45:124][944]LogUObjectHash: Compacting FUObjectHashTables data took   3.11ms
[2019.11.04-22.09.45:174][944]LogWorld: UWorld::CleanupWorld for World_1, bSessionEnded=true, bCleanupResources=true
[2019.11.04-22.09.45:198][944]LogSlate: Window 'ProjectBronze - Unreal Editor' being destroyed
[2019.11.04-22.09.45:290][945]Cmd: QUIT_EDITOR
[2019.11.04-22.09.45:313][945]LogWindowsTextInputMethodSystem: Display: IME system now deactivated.
[2019.11.04-22.09.45:322][945]LogExit: Preparing to exit.
[2019.11.04-22.09.45:563][945]LogWorld: UWorld::CleanupWorld for World_0, bSessionEnded=true, bCleanupResources=true
[2019.11.04-22.09.45:593][945]LogWorld: UWorld::CleanupWorld for None, bSessionEnded=true, bCleanupResources=true
[2019.11.04-22.09.45:593][945]LogWorld: UWorld::CleanupWorld for None, bSessionEnded=true, bCleanupResources=true
[2019.11.04-22.09.45:593][945]LogWorld: UWorld::CleanupWorld for None, bSessionEnded=true, bCleanupResources=true
[2019.11.04-22.09.45:593][945]LogWorld: UWorld::CleanupWorld for None, bSessionEnded=true, bCleanupResources=true
[2019.11.04-22.09.45:593][945]LogWorld: UWorld::CleanupWorld for None, bSessionEnded=true, bCleanupResources=true
[2019.11.04-22.09.45:593][945]LogExit: Editor shut down
[2019.11.04-22.09.45:593][945]LogExit: Transaction tracking system shut down
[2019.11.04-22.09.45:594][945]LogDemo: Cleaned up 0 splitscreen connections with owner deletion
[2019.11.04-22.09.45:804][945]LogExit: Object subsystem successfully closed.
[2019.11.04-22.09.45:834][945]LogShaderCompilers: Display: Shaders left to compile 0
[2019.11.04-22.09.45:844][945]LogModuleManager: Shutting down and abandoning module BlueprintGraph (678)
[2019.11.04-22.09.45:844][945]LogModuleManager: Shutting down and abandoning module HierarchicalLODOutliner (676)
[2019.11.04-22.09.45:844][945]LogModuleManager: Shutting down and abandoning module WorldBrowser (674)
[2019.11.04-22.09.45:844][945]LogModuleManager: Shutting down and abandoning module SceneOutliner (672)
[2019.11.04-22.09.45:844][945]LogModuleManager: Shutting down and abandoning module AddContentDialog (670)
[2019.11.04-22.09.45:844][945]LogModuleManager: Shutting down and abandoning module WidgetCarousel (669)
[2019.11.04-22.09.45:844][945]LogModuleManager: Shutting down and abandoning module EditorWidgets (666)
[2019.11.04-22.09.45:844][945]LogModuleManager: Shutting down and abandoning module CollectionManager (664)
[2019.11.04-22.09.45:844][945]LogModuleManager: Shutting down and abandoning module StatsViewer (662)
[2019.11.04-22.09.45:844][945]LogModuleManager: Shutting down and abandoning module VirtualTexturingEditor (660)
[2019.11.04-22.09.45:844][945]LogModuleManager: Shutting down and abandoning module FoliageEdit (658)
[2019.11.04-22.09.45:844][945]LogModuleManager: Shutting down and abandoning module LandscapeEditor (656)
[2019.11.04-22.09.45:845][945]LogModuleManager: Shutting down and abandoning module MeshPaintMode (654)
[2019.11.04-22.09.45:845][945]LogModuleManager: Shutting down and abandoning module SceneDepthPickerMode (652)
[2019.11.04-22.09.45:845][945]LogModuleManager: Shutting down and abandoning module ActorPickerMode (650)
[2019.11.04-22.09.45:845][945]LogModuleManager: Shutting down and abandoning module GeometryMode (648)
[2019.11.04-22.09.45:845][945]LogModuleManager: Shutting down and abandoning module TextureAlignMode (646)
[2019.11.04-22.09.45:845][945]LogModuleManager: Shutting down and abandoning module BspMode (644)
[2019.11.04-22.09.45:845][945]LogModuleManager: Shutting down and abandoning module PIEPreviewDeviceProfileSelector (642)
[2019.11.04-22.09.45:845][945]LogModuleManager: Shutting down and abandoning module SequenceRecorderSections (640)
[2019.11.04-22.09.45:845][945]LogModuleManager: Shutting down and abandoning module AutomationWorker (638)
[2019.11.04-22.09.45:845][945]LogModuleManager: Shutting down and abandoning module OculusMR (636)
[2019.11.04-22.09.45:845][945]LogModuleManager: Shutting down and abandoning module AudioCaptureEditor (634)
[2019.11.04-22.09.45:845][945]LogModuleManager: Shutting down and abandoning module MatineeToLevelSequence (632)
[2019.11.04-22.09.45:845][945]LogModuleManager: Shutting down and abandoning module LevelSequenceEditor (630)
[2019.11.04-22.09.45:845][945]LogModuleManager: Shutting down and abandoning module PlacementMode (629)
[2019.11.04-22.09.45:845][945]LogModuleManager: Shutting down and abandoning module MaterialEditor (628)
[2019.11.04-22.09.45:845][945]LogModuleManager: Shutting down and abandoning module ActorSequenceEditor (624)
[2019.11.04-22.09.45:845][945]LogModuleManager: Shutting down and abandoning module WmfMediaFactory (622)
[2019.11.04-22.09.45:845][945]LogModuleManager: Shutting down and abandoning module WmfMediaEditor (620)
[2019.11.04-22.09.45:845][945]LogModuleManager: Shutting down and abandoning module WebMMediaFactory (618)
[2019.11.04-22.09.45:845][945]LogModuleManager: Shutting down and abandoning module WebMMediaEditor (616)
[2019.11.04-22.09.45:845][945]LogModuleManager: Shutting down and abandoning module WebMMedia (614)
[2019.11.04-22.09.45:845][945]LogModuleManager: Shutting down and abandoning module MediaPlayerEditor (612)
[2019.11.04-22.09.45:845][945]LogModuleManager: Shutting down and abandoning module MediaCompositingEditor (610)
[2019.11.04-22.09.45:845][945]LogModuleManager: Shutting down and abandoning module SequenceRecorder (609)
[2019.11.04-22.09.45:845][945]LogModuleManager: Shutting down and abandoning module OpenExrWrapper (606)
[2019.11.04-22.09.45:845][945]LogModuleManager: Shutting down and abandoning module ImgMediaFactory (604)
[2019.11.04-22.09.45:845][945]LogModuleManager: Shutting down and abandoning module ImgMediaEditor (602)
[2019.11.04-22.09.45:845][945]LogModuleManager: Shutting down and abandoning module AvfMediaFactory (600)
[2019.11.04-22.09.45:845][945]LogModuleManager: Shutting down and abandoning module AvfMediaEditor (598)
[2019.11.04-22.09.45:845][945]LogModuleManager: Shutting down and abandoning module AndroidMediaFactory (596)
[2019.11.04-22.09.45:845][945]LogModuleManager: Shutting down and abandoning module AndroidMediaEditor (594)
[2019.11.04-22.09.45:845][945]LogModuleManager: Shutting down and abandoning module MagicLeapCameraPreviewFactory (592)
[2019.11.04-22.09.45:845][945]LogModuleManager: Shutting down and abandoning module MagicLeapMediaCodecFactory (590)
[2019.11.04-22.09.45:845][945]LogModuleManager: Shutting down and abandoning module MagicLeapMediaFactory (588)
[2019.11.04-22.09.45:845][945]LogModuleManager: Shutting down and abandoning module MagicLeapMediaEditor (586)
[2019.11.04-22.09.45:845][945]LogModuleManager: Shutting down and abandoning module CharacterAI (584)
[2019.11.04-22.09.45:846][945]LogModuleManager: Shutting down and abandoning module SmartSnapping (582)
[2019.11.04-22.09.45:846][945]LogModuleManager: Shutting down and abandoning module SessionServices (580)
[2019.11.04-22.09.45:846][945]LogModuleManager: Shutting down and abandoning module MeshPaint (578)
[2019.11.04-22.09.45:846][945]LogModuleManager: Shutting down and abandoning module ViewportSnapping (576)
[2019.11.04-22.09.45:846][945]LogModuleManager: Shutting down and abandoning module ViewportInteraction (574)
[2019.11.04-22.09.45:846][945]LogModuleManager: Shutting down and abandoning module ClothPainter (572)
[2019.11.04-22.09.45:846][945]LogModuleManager: Shutting down and abandoning module SkeletalMeshEditor (571)
[2019.11.04-22.09.45:846][945]LogModuleManager: Shutting down and abandoning module LogVisualizer (568)
[2019.11.04-22.09.45:846][945]LogModuleManager: Shutting down and abandoning module IntroTutorials (566)
[2019.11.04-22.09.45:846][945]LogModuleManager: Shutting down and abandoning module GameProjectGeneration (565)
[2019.11.04-22.09.45:846][945]LogModuleManager: Shutting down and abandoning module LuminPlatformEditor (562)
[2019.11.04-22.09.45:846][945]LogModuleManager: Shutting down and abandoning module IOSPlatformEditor (560)
[2019.11.04-22.09.45:846][945]LogModuleManager: Shutting down and abandoning module HTML5PlatformEditor (558)
[2019.11.04-22.09.45:846][945]LogModuleManager: Shutting down and abandoning module AndroidPlatformEditor (556)
[2019.11.04-22.09.45:846][945]LogModuleManager: Shutting down and abandoning module AndroidDeviceDetection (555)
[2019.11.04-22.09.46:967][945]LogModuleManager: Shutting down and abandoning module WindowsPlatformEditor (552)
[2019.11.04-22.09.46:967][945]LogModuleManager: Shutting down and abandoning module LuminRuntimeSettings (550)
[2019.11.04-22.09.46:967][945]LogModuleManager: Shutting down and abandoning module IOSRuntimeSettings (548)
[2019.11.04-22.09.46:967][945]LogModuleManager: Shutting down and abandoning module AndroidRuntimeSettings (546)
[2019.11.04-22.09.46:968][945]LogModuleManager: Shutting down and abandoning module TimeManagementEditor (544)
[2019.11.04-22.09.46:968][945]LogModuleManager: Shutting down and abandoning module InputBindingEditor (542)
[2019.11.04-22.09.46:968][945]LogModuleManager: Shutting down and abandoning module MergeActors (540)
[2019.11.04-22.09.46:968][945]LogModuleManager: Shutting down and abandoning module LocalizationDashboard (538)
[2019.11.04-22.09.46:968][945]LogModuleManager: Shutting down and abandoning module LocalizationService (537)
[2019.11.04-22.09.46:968][945]LogModuleManager: Shutting down and abandoning module HardwareTargeting (534)
[2019.11.04-22.09.46:968][945]LogModuleManager: Shutting down and abandoning module DeviceProfileEditor (532)
[2019.11.04-22.09.46:968][945]LogModuleManager: Shutting down and abandoning module UndoHistory (530)
[2019.11.04-22.09.46:968][945]LogModuleManager: Shutting down and abandoning module XmlParser (528)
[2019.11.04-22.09.46:968][945]LogModuleManager: Shutting down and abandoning module Blutility (526)
[2019.11.04-22.09.46:968][945]LogModuleManager: Shutting down and abandoning module ProjectSettingsViewer (524)
[2019.11.04-22.09.46:968][945]LogModuleManager: Shutting down and abandoning module ProjectTargetPlatformEditor (523)
[2019.11.04-22.09.46:968][945]LogModuleManager: Shutting down and abandoning module EditorSettingsViewer (520)
[2019.11.04-22.09.46:968][945]LogModuleManager: Shutting down and abandoning module SettingsEditor (518)
[2019.11.04-22.09.46:968][945]LogModuleManager: Shutting down and abandoning module ProjectLauncher (516)
[2019.11.04-22.09.46:968][945]LogModuleManager: Shutting down and abandoning module SessionFrontend (514)
[2019.11.04-22.09.46:968][945]LogModuleManager: Shutting down and abandoning module ProfilerClient (512)
[2019.11.04-22.09.46:968][945]LogModuleManager: Shutting down and abandoning module DeviceManager (510)
[2019.11.04-22.09.46:968][945]LogModuleManager: Shutting down and abandoning module TargetDeviceServices (509)
[2019.11.04-22.09.47:012][945]LogModuleManager: Shutting down and abandoning module AutomationController (506)
[2019.11.04-22.09.47:012][945]LogModuleManager: Shutting down and abandoning module AutomationWindow (504)
[2019.11.04-22.09.47:012][945]LogModuleManager: Shutting down and abandoning module Layers (502)
[2019.11.04-22.09.47:012][945]LogModuleManager: Shutting down and abandoning module ComponentVisualizers (500)
[2019.11.04-22.09.47:012][945]LogModuleManager: Shutting down and abandoning module DetailCustomizations (498)
[2019.11.04-22.09.47:012][945]LogModuleManager: Shutting down and abandoning module PackagesDialog (496)
[2019.11.04-22.09.47:012][945]LogModuleManager: Shutting down and abandoning module AnimationBlueprintEditor (494)
[2019.11.04-22.09.47:012][945]LogModuleManager: Shutting down and abandoning module Persona (492)
[2019.11.04-22.09.47:012][945]LogModuleManager: Shutting down and abandoning module AdvancedPreviewScene (491)
[2019.11.04-22.09.47:012][945]LogModuleManager: Shutting down and abandoning module AnimGraph (489)
[2019.11.04-22.09.47:012][945]LogModuleManager: Shutting down and abandoning module Kismet (486)
[2019.11.04-22.09.47:017][945]LogModuleManager: Shutting down and abandoning module KismetWidgets (485)
[2019.11.04-22.09.47:017][945]LogModuleManager: Shutting down and abandoning module GraphEditor (482)
[2019.11.04-22.09.47:017][945]LogModuleManager: Shutting down and abandoning module StructViewer (480)
[2019.11.04-22.09.47:017][945]LogModuleManager: Shutting down and abandoning module ClassViewer (478)
[2019.11.04-22.09.47:017][945]LogModuleManager: Shutting down and abandoning module Toolbox (476)
[2019.11.04-22.09.47:017][945]LogModuleManager: Shutting down and abandoning module DesktopPlatform (475)
[2019.11.04-22.09.47:017][945]LogModuleManager: Shutting down and abandoning module ModuleUI (472)
[2019.11.04-22.09.47:017][945]LogModuleManager: Shutting down and abandoning module MovieSceneTools (470)
[2019.11.04-22.09.47:017][945]LogModuleManager: Shutting down and abandoning module OutputLog (468)
[2019.11.04-22.09.47:017][945]LogModuleManager: Shutting down and abandoning module GammaUI (466)
[2019.11.04-22.09.47:017][945]LogModuleManager: Shutting down and abandoning module Documentation (464)
[2019.11.04-22.09.47:017][945]LogModuleManager: Shutting down and abandoning module LiveCoding (462)
[2019.11.04-22.09.47:017][945]LogModuleManager: Shutting down and abandoning module LevelSequence (460)
[2019.11.04-22.09.47:017][945]LogModuleManager: Shutting down and abandoning module MovieSceneTracks (458)
[2019.11.04-22.09.47:017][945]LogModuleManager: Shutting down and abandoning module MovieScene (456)
[2019.11.04-22.09.47:017][945]LogModuleManager: Shutting down and abandoning module StreamingPauseRendering (454)
[2019.11.04-22.09.47:017][945]LogModuleManager: Shutting down and abandoning module LauncherPlatform (452)
[2019.11.04-22.09.47:017][945]LogModuleManager: Shutting down and abandoning module AnalyticsET (450)
[2019.11.04-22.09.47:017][945]LogModuleManager: Shutting down and abandoning module PortalServices (448)
[2019.11.04-22.09.47:017][945]LogModuleManager: Shutting down and abandoning module PortalRpc (446)
[2019.11.04-22.09.47:017][945]LogModuleManager: Shutting down and abandoning module MessagingRpc (444)
[2019.11.04-22.09.47:017][945]LogModuleManager: Shutting down and abandoning module AIModule (442)
[2019.11.04-22.09.47:017][945]LogModuleManager: Shutting down and abandoning module GameplayDebugger (441)
[2019.11.04-22.09.47:017][945]LogModuleManager: Shutting down and abandoning module AITestSuite (439)
[2019.11.04-22.09.47:017][945]LogModuleManager: Shutting down and abandoning module NavigationSystem (437)
[2019.11.04-22.09.47:017][945]LogModuleManager: Shutting down and abandoning module ImageWriteQueue (434)
[2019.11.04-22.09.47:022][945]LogModuleManager: Shutting down and abandoning module ProfilerService (432)
[2019.11.04-22.09.47:025][945]LogModuleManager: Shutting down and abandoning module TaskGraph (430)
[2019.11.04-22.09.47:026][945]LogModuleManager: Shutting down and abandoning module ScreenshotTools (428)
[2019.11.04-22.09.47:026][945]LogModuleManager: Shutting down and abandoning module SteamVRController (426)
[2019.11.04-22.09.47:026][945]LogModuleManager: Shutting down and abandoning module ProceduralMeshComponentEditor (424)
[2019.11.04-22.09.47:026][945]LogModuleManager: Shutting down and abandoning module ProceduralMeshComponent (422)
[2019.11.04-22.09.47:026][945]LogModuleManager: Shutting down and abandoning module OculusEditor (420)
[2019.11.04-22.09.47:026][945]LogModuleManager: Shutting down and abandoning module OculusInput (418)
[2019.11.04-22.09.47:026][945]LogModuleManager: Shutting down and abandoning module MobilePatchingUtils (416)
[2019.11.04-22.09.47:026][945]LogModuleManager: Shutting down and abandoning module EditableMesh (414)
[2019.11.04-22.09.47:026][945]LogModuleManager: Shutting down and abandoning module CustomMeshComponent (412)
[2019.11.04-22.09.47:026][945]LogModuleManager: Shutting down and abandoning module CableComponent (410)
[2019.11.04-22.09.47:026][945]LogModuleManager: Shutting down and abandoning module AudioCapture (408)
[2019.11.04-22.09.47:026][945]LogModuleManager: Shutting down and abandoning module ArchVisCharacter (406)
[2019.11.04-22.09.47:026][945]LogModuleManager: Shutting down and abandoning module AppleImageUtilsBlueprintSupport (404)
[2019.11.04-22.09.47:026][945]LogModuleManager: Shutting down and abandoning module AppleImageUtils (402)
[2019.11.04-22.09.47:026][945]LogModuleManager: Shutting down and abandoning module AndroidPermission (400)
[2019.11.04-22.09.47:026][945]LogModuleManager: Shutting down and abandoning module NUTUnrealEngine4 (398)
[2019.11.04-22.09.47:026][945]LogModuleManager: Shutting down and abandoning module NetcodeUnitTest (396)
[2019.11.04-22.09.47:026][945]LogModuleManager: Shutting down and abandoning module MediaCompositing (394)
[2019.11.04-22.09.47:026][945]LogModuleManager: Shutting down and abandoning module ImgMedia (392)
[2019.11.04-22.09.47:026][945]LogModuleManager: Shutting down and abandoning module LowEntryExtendedStandardLibraryEditor (390)
[2019.11.04-22.09.47:026][945]LogModuleManager: Shutting down and abandoning module MagicLeapHelperVulkan (388)
[2019.11.04-22.09.47:026][945]LogModuleManager: Shutting down and abandoning module MagicLeapHelperOpenGL (386)
[2019.11.04-22.09.47:026][945]LogModuleManager: Shutting down and abandoning module MagicLeapAudio (384)
[2019.11.04-22.09.47:026][945]LogModuleManager: Shutting down and abandoning module HTML5Networking (382)
[2019.11.04-22.09.47:026][945]LogModuleManager: Shutting down and abandoning module GeometryCacheTracks (380)
[2019.11.04-22.09.47:026][945]LogModuleManager: Shutting down and abandoning module GeometryCacheSequencer (378)
[2019.11.04-22.09.47:026][945]LogModuleManager: Shutting down and abandoning module BackChannel (376)
[2019.11.04-22.09.47:026][945]LogModuleManager: Shutting down and abandoning module AutomationUtilsEditor (374)
[2019.11.04-22.09.47:026][945]LogModuleManager: Shutting down and abandoning module AutomationUtils (372)
[2019.11.04-22.09.47:026][945]LogModuleManager: Shutting down and abandoning module AlembicImporter (370)
[2019.11.04-22.09.47:026][945]LogModuleManager: Shutting down and abandoning module AlembicLibrary (369)
[2019.11.04-22.09.47:026][945]LogModuleManager: Shutting down and abandoning module GeometryCache (368)
[2019.11.04-22.09.47:026][945]LogModuleManager: Shutting down and abandoning module GeometryCacheEd (367)
[2019.11.04-22.09.47:026][945]LogModuleManager: Shutting down and abandoning module VariantManagerContent (362)
[2019.11.04-22.09.47:026][945]LogModuleManager: Shutting down and abandoning module DatasmithContentEditor (360)
[2019.11.04-22.09.47:026][945]LogModuleManager: Shutting down and abandoning module SpeedTreeImporter (358)
[2019.11.04-22.09.47:026][945]LogModuleManager: Shutting down and abandoning module PluginBrowser (356)
[2019.11.04-22.09.47:026][945]LogModuleManager: Shutting down and abandoning module MobileLauncherProfileWizard (354)
[2019.11.04-22.09.47:026][945]LogModuleManager: Shutting down and abandoning module MaterialAnalyzer (352)
[2019.11.04-22.09.47:026][945]LogModuleManager: Shutting down and abandoning module CurveEditorTools (350)
[2019.11.04-22.09.47:026][945]LogModuleManager: Shutting down and abandoning module CurveEditor (349)
[2019.11.04-22.09.47:026][945]LogModuleManager: Shutting down and abandoning module CryptoKeysOpenSSL (346)
[2019.11.04-22.09.47:026][945]LogModuleManager: Shutting down and abandoning module CryptoKeys (344)
[2019.11.04-22.09.47:026][945]LogModuleManager: Shutting down and abandoning module VisualStudioSourceCodeAccess (342)
[2019.11.04-22.09.47:026][945]LogModuleManager: Shutting down and abandoning module VisualStudioCodeSourceCodeAccess (340)
[2019.11.04-22.09.47:026][945]LogModuleManager: Shutting down and abandoning module UObjectPlugin (338)
[2019.11.04-22.09.47:026][945]LogModuleManager: Shutting down and abandoning module SubversionSourceControl (336)
[2019.11.04-22.09.47:026][945]LogModuleManager: Shutting down and abandoning module PerforceSourceControl (334)
[2019.11.04-22.09.47:026][945]LogModuleManager: Shutting down and abandoning module GitSourceControl (332)
[2019.11.04-22.09.47:026][945]LogModuleManager: Shutting down and abandoning module SourceControl (331)
[2019.11.04-22.09.47:026][945]LogModuleManager: Shutting down and abandoning module CLionSourceCodeAccess (328)
[2019.11.04-22.09.47:026][945]LogModuleManager: Shutting down and abandoning module AnimationSharingEd (326)
[2019.11.04-22.09.47:026][945]LogModuleManager: Shutting down and abandoning module ActorLayerUtilitiesEditor (324)
[2019.11.04-22.09.47:026][945]LogModuleManager: Shutting down and abandoning module ActorLayerUtilities (322)
[2019.11.04-22.09.47:026][945]LogModuleManager: Shutting down and abandoning module LightPropagationVolumeEditor (320)
[2019.11.04-22.09.47:026][945]LogModuleManager: Shutting down and abandoning module PaperTiledImporter (318)
[2019.11.04-22.09.47:026][945]LogModuleManager: Shutting down and abandoning module PaperSpriteSheetImporter (316)
[2019.11.04-22.09.47:027][945]LogModuleManager: Shutting down and abandoning module Paper2DEditor (314)
[2019.11.04-22.09.47:027][945]LogModuleManager: Shutting down and abandoning module ProjectBronze (312)
[2019.11.04-22.09.47:027][945]LogModuleManager: Shutting down and abandoning module SignificanceManager (310)
[2019.11.04-22.09.47:027][945]LogModuleManager: Shutting down and abandoning module RuntimePhysXCooking (308)
[2019.11.04-22.09.47:027][945]LogModuleManager: Shutting down and abandoning module PhysXVehiclesEditor (306)
[2019.11.04-22.09.47:027][945]LogModuleManager: Shutting down and abandoning module LocationServicesBPLibrary (302)
[2019.11.04-22.09.47:027][945]LogModuleManager: Shutting down and abandoning module ActorSequence (300)
[2019.11.04-22.09.47:027][945]LogModuleManager: Shutting down and abandoning module UdpMessaging (298)
[2019.11.04-22.09.47:128][945]LogModuleManager: Shutting down and abandoning module TcpMessaging (296)
[2019.11.04-22.09.47:229][945]LogModuleManager: Shutting down and abandoning module LowEntryExtendedStandardLibrary (294)
[2019.11.04-22.09.47:229][945]LogModuleManager: Shutting down and abandoning module MagicLeapIdentity (292)
[2019.11.04-22.09.47:229][945]LogModuleManager: Shutting down and abandoning module MagicLeapSecureStorage (290)
[2019.11.04-22.09.47:229][945]LogModuleManager: Shutting down and abandoning module MagicLeapHandTracking (288)
[2019.11.04-22.09.47:229][945]LogModuleManager: Shutting down and abandoning module MagicLeapEyeTracker (286)
[2019.11.04-22.09.47:229][945]LogModuleManager: Shutting down and abandoning module MagicLeapController (284)
[2019.11.04-22.09.47:229][945]LogSlate: Slate User Destroyed.  User Index 0, Is Virtual User: 0
[2019.11.04-22.09.47:229][945]LogModuleManager: Shutting down and abandoning module MagicLeapAR (282)
[2019.11.04-22.09.47:229][945]LogModuleManager: Shutting down and abandoning module AugmentedReality (281)
[2019.11.04-22.09.47:229][945]LogModuleManager: Shutting down and abandoning module GameplayTagsEditor (278)
[2019.11.04-22.09.47:229][945]LogModuleManager: Shutting down and abandoning module FacialAnimationEditor (276)
[2019.11.04-22.09.47:229][945]LogModuleManager: Shutting down and abandoning module FacialAnimation (274)
[2019.11.04-22.09.47:229][945]LogModuleManager: Shutting down and abandoning module DataValidation (272)
[2019.11.04-22.09.47:229][945]LogModuleManager: Shutting down and abandoning module AssetManagerEditor (270)
[2019.11.04-22.09.47:229][945]LogModuleManager: Shutting down and abandoning module LevelEditor (269)
[2019.11.04-22.09.47:229][945]LogModuleManager: Shutting down and abandoning module PixelInspectorModule (268)
[2019.11.04-22.09.47:229][945]LogModuleManager: Shutting down and abandoning module CommonMenuExtensions (266)
[2019.11.04-22.09.47:230][945]LogModuleManager: Shutting down and abandoning module MainFrame (264)
[2019.11.04-22.09.47:230][945]LogModuleManager: Shutting down and abandoning module HotReload (263)
[2019.11.04-22.09.47:230][945]LogModuleManager: Shutting down and abandoning module ContentBrowser (259)
[2019.11.04-22.09.47:231][945]LogModuleManager: Shutting down and abandoning module TreeMap (257)
[2019.11.04-22.09.47:231][945]LogModuleManager: Shutting down and abandoning module AnimationSharing (254)
[2019.11.04-22.09.47:231][945]LogModuleManager: Shutting down and abandoning module LightPropagationVolumeRuntime (252)
[2019.11.04-22.09.47:231][945]LogModuleManager: Shutting down and abandoning module Paper2D (250)
[2019.11.04-22.09.47:231][945]LogModuleManager: Shutting down and abandoning module WindowsMoviePlayer (248)
[2019.11.04-22.09.47:231][945]LogModuleManager: Shutting down and abandoning module WebMMoviePlayer (246)
[2019.11.04-22.09.47:231][945]LogModuleManager: Shutting down and abandoning module NetworkReplayStreaming (244)
[2019.11.04-22.09.47:231][945]LogModuleManager: Shutting down and abandoning module PacketHandler (242)
[2019.11.04-22.09.47:231][945]LogModuleManager: Shutting down and abandoning module ClothingSystemEditor (240)
[2019.11.04-22.09.47:231][945]LogModuleManager: Shutting down and abandoning module ClothingSystemRuntime (238)
[2019.11.04-22.09.47:231][945]LogModuleManager: Shutting down and abandoning module MediaAssets (236)
[2019.11.04-22.09.47:231][945]LogModuleManager: Shutting down and abandoning module Overlay (234)
[2019.11.04-22.09.47:231][945]LogModuleManager: Shutting down and abandoning module OverlayEditor (233)
[2019.11.04-22.09.47:231][945]LogModuleManager: Shutting down and abandoning module VREditor (230)
[2019.11.04-22.09.47:231][945]LogModuleManager: Shutting down and abandoning module StringTableEditor (228)
[2019.11.04-22.09.47:231][945]LogModuleManager: Shutting down and abandoning module GameplayTasksEditor (226)
[2019.11.04-22.09.47:231][945]LogModuleManager: Shutting down and abandoning module BehaviorTreeEditor (224)
[2019.11.04-22.09.47:231][945]LogModuleManager: Shutting down and abandoning module FunctionalTesting (222)
[2019.11.04-22.09.47:231][945]LogModuleManager: Shutting down and abandoning module CollisionAnalyzer (220)
[2019.11.04-22.09.47:231][945]LogModuleManager: Shutting down and abandoning module WorkspaceMenuStructure (219)
[2019.11.04-22.09.47:231][945]LogModuleManager: Shutting down and abandoning module UMG (216)
[2019.11.04-22.09.47:231][945]LogModuleManager: Shutting down and abandoning module UMGEditor (215)
[2019.11.04-22.09.47:231][945]LogModuleManager: Shutting down and abandoning module Sequencer (214)
[2019.11.04-22.09.47:232][945]LogModuleManager: Shutting down and abandoning module MessageLog (211)
[2019.11.04-22.09.47:232][945]LogModuleManager: Shutting down and abandoning module SlateReflector (206)
[2019.11.04-22.09.47:232][945]LogModuleManager: Shutting down and abandoning module Slate (204)
[2019.11.04-22.09.47:232][945]LogModuleManager: Shutting down and abandoning module LandscapeEditorUtilities (202)
[2019.11.04-22.09.47:232][945]LogModuleManager: Shutting down and abandoning module EditorStyle (200)
[2019.11.04-22.09.47:232][945]LogModuleManager: Shutting down and abandoning module UnrealEd (198)
[2019.11.04-22.09.47:232][945]LogModuleManager: Shutting down and abandoning module MRMesh (196)
[2019.11.04-22.09.47:232][945]LogModuleManager: Shutting down and abandoning module SourceCodeAccess (194)
[2019.11.04-22.09.47:232][945]LogModuleManager: Shutting down and abandoning module HeadMountedDisplay (192)
[2019.11.04-22.09.47:232][945]LogModuleManager: Shutting down and abandoning module XAudio2 (190)
[2019.11.04-22.09.47:233][945]LogModuleManager: Shutting down and abandoning module Networking (188)
[2019.11.04-22.09.47:233][945]LogModuleManager: Shutting down and abandoning module Core (186)
[2019.11.04-22.09.47:233][945]LogModuleManager: Shutting down and abandoning module KismetCompiler (184)
[2019.11.04-22.09.47:233][945]LogModuleManager: Shutting down and abandoning module MeshUtilities (182)
[2019.11.04-22.09.47:233][945]LogModuleManager: Shutting down and abandoning module MeshMergeUtilities (181)
[2019.11.04-22.09.47:233][945]LogModuleManager: Shutting down and abandoning module MeshReductionInterface (180)
[2019.11.04-22.09.47:233][945]LogModuleManager: Shutting down and abandoning module SkeletalMeshReduction (179)
[2019.11.04-22.09.47:233][945]LogModuleManager: Shutting down and abandoning module ProxyLODMeshReduction (177)
[2019.11.04-22.09.47:233][945]LogModuleManager: Shutting down and abandoning module QuadricMeshReduction (175)
[2019.11.04-22.09.47:233][945]LogModuleManager: Shutting down and abandoning module MaterialBaking (171)
[2019.11.04-22.09.47:233][945]LogModuleManager: Shutting down and abandoning module NullInstallBundleManager (166)
[2019.11.04-22.09.47:233][945]LogModuleManager: Shutting down and abandoning module DerivedDataCache (164)
[2019.11.04-22.09.47:233][945]LogDerivedDataCache: Shutdown
[2019.11.04-22.09.47:233][945]LogModuleManager: Shutting down and abandoning module XGEController (162)
[2019.11.04-22.09.47:233][945]LogModuleManager: Shutting down and abandoning module TargetPlatform (160)
[2019.11.04-22.09.47:233][945]LogModuleManager: Shutting down and abandoning module VulkanShaderFormat (159)
[2019.11.04-22.09.47:233][945]LogModuleManager: Shutting down and abandoning module ShaderFormatVectorVM (157)
[2019.11.04-22.09.47:233][945]LogModuleManager: Shutting down and abandoning module ShaderFormatOpenGL (155)
[2019.11.04-22.09.47:233][945]LogModuleManager: Shutting down and abandoning module ShaderFormatD3D (153)
[2019.11.04-22.09.47:233][945]LogModuleManager: Shutting down and abandoning module MetalShaderFormat (151)
[2019.11.04-22.09.47:233][945]LogModuleManager: Shutting down and abandoning module TextureFormatUncompressed (149)
[2019.11.04-22.09.47:233][945]LogModuleManager: Shutting down and abandoning module TextureFormatPVR (147)
[2019.11.04-22.09.47:233][945]LogModuleManager: Shutting down and abandoning module TextureFormatDXT (145)
[2019.11.04-22.09.47:233][945]LogModuleManager: Shutting down and abandoning module TextureFormatIntelISPCTexComp (143)
[2019.11.04-22.09.47:233][945]LogModuleManager: Shutting down and abandoning module TextureFormatASTC (141)
[2019.11.04-22.09.47:233][945]LogModuleManager: Shutting down and abandoning module ImageWrapper (140)
[2019.11.04-22.09.47:233][945]LogModuleManager: Shutting down and abandoning module TextureFormatAndroid (137)
[2019.11.04-22.09.47:233][945]LogModuleManager: Shutting down and abandoning module AudioFormatOpus (135)
[2019.11.04-22.09.47:233][945]LogModuleManager: Shutting down and abandoning module AudioFormatOgg (133)
[2019.11.04-22.09.47:233][945]LogModuleManager: Shutting down and abandoning module AudioFormatADPCM (131)
[2019.11.04-22.09.47:233][945]LogModuleManager: Shutting down and abandoning module LuminTargetPlatform (129)
[2019.11.04-22.09.47:234][945]LogModuleManager: Shutting down and abandoning module LinuxTargetPlatform (127)
[2019.11.04-22.09.47:234][945]LogModuleManager: Shutting down and abandoning module LinuxServerTargetPlatform (125)
[2019.11.04-22.09.47:234][945]LogModuleManager: Shutting down and abandoning module LinuxNoEditorTargetPlatform (123)
[2019.11.04-22.09.47:234][945]LogModuleManager: Shutting down and abandoning module LinuxClientTargetPlatform (121)
[2019.11.04-22.09.47:234][945]LogModuleManager: Shutting down and abandoning module TVOSTargetPlatform (119)
[2019.11.04-22.09.47:234][945]LogModuleManager: Shutting down and abandoning module Messaging (117)
[2019.11.04-22.09.47:234][945]LogModuleManager: Shutting down and abandoning module IOSTargetPlatform (115)
[2019.11.04-22.09.47:235][945]LogModuleManager: Shutting down and abandoning module HTML5TargetPlatform (113)
[2019.11.04-22.09.47:235][945]LogModuleManager: Shutting down and abandoning module AndroidTargetPlatform (111)
[2019.11.04-22.09.47:239][945]LogModuleManager: Shutting down and abandoning module WindowsTargetPlatform (109)
[2019.11.04-22.09.47:239][945]LogModuleManager: Shutting down and abandoning module WindowsServerTargetPlatform (107)
[2019.11.04-22.09.47:239][945]LogModuleManager: Shutting down and abandoning module WindowsNoEditorTargetPlatform (105)
[2019.11.04-22.09.47:239][945]LogModuleManager: Shutting down and abandoning module WindowsClientTargetPlatform (103)
[2019.11.04-22.09.47:239][945]LogModuleManager: Shutting down and abandoning module MacTargetPlatform (101)
[2019.11.04-22.09.47:239][945]LogModuleManager: Shutting down and abandoning module MacServerTargetPlatform (99)
[2019.11.04-22.09.47:239][945]LogModuleManager: Shutting down and abandoning module MacNoEditorTargetPlatform (97)
[2019.11.04-22.09.47:239][945]LogModuleManager: Shutting down and abandoning module MacClientTargetPlatform (95)
[2019.11.04-22.09.47:239][945]LogModuleManager: Shutting down and abandoning module AllDesktopTargetPlatform (93)
[2019.11.04-22.09.47:239][945]LogModuleManager: Shutting down and abandoning module InputCore (90)
[2019.11.04-22.09.47:239][945]LogModuleManager: Shutting down and abandoning module Settings (88)
[2019.11.04-22.09.47:239][945]LogModuleManager: Shutting down and abandoning module DirectoryWatcher (86)
[2019.11.04-22.09.47:241][945]LogModuleManager: Shutting down and abandoning module PhysXCooking (84)
[2019.11.04-22.09.47:241][945]LogModuleManager: Shutting down and abandoning module WindowsPlatformFeatures (82)
[2019.11.04-22.09.47:241][945]LogModuleManager: Shutting down and abandoning module GameplayMediaEncoder (81)
[2019.11.04-22.09.47:241][945]LogModuleManager: Shutting down and abandoning module SteamVR (78)
[2019.11.04-22.09.47:241][945]LogHMD: Freeing OpenVRDLLHandle.
[2019.11.04-22.09.47:241][945]LogModuleManager: Shutting down and abandoning module OculusHMD (76)
[2019.11.04-22.09.47:241][945]LogModuleManager: Shutting down and abandoning module ExampleDeviceProfileSelector (74)
[2019.11.04-22.09.47:241][945]LogModuleManager: Shutting down and abandoning module LauncherChunkInstaller (72)
[2019.11.04-22.09.47:241][945]LogModuleManager: Shutting down and abandoning module OnlineBlueprintSupport (70)
[2019.11.04-22.09.47:241][945]LogModuleManager: Shutting down and abandoning module OnlineSubsystem (66)
[2019.11.04-22.09.47:242][945]LogModuleManager: Shutting down and abandoning module XMPP (61)
[2019.11.04-22.09.47:242][945]LogModuleManager: Shutting down and abandoning module WebSockets (60)
[2019.11.04-22.09.47:247][945]LogModuleManager: Shutting down and abandoning module HTTP (57)
[2019.11.04-22.09.47:247][945]LogHttp: Display: Http module shutting down, but needs to wait on 1 outstanding Http requests:
[2019.11.04-22.09.47:247][945]LogHttp: Display: 	verb=[POST] url=[https://datarouter.ol.epicgames.com/datarouter/api/v1/public/data?SessionID=%7B8DA262AE-4606-E303-B1AA-C18E2FC5D683%7D&AppID=UEEditor.Rocket.Release&AppVersion=4.23.0-8386587%2B%2B%2BUE4%2BRelease-4.23&UserID=5abcae5e480967fd458b48bfc189a5c6%7C98adff1fe0394c61940536c63b93d1ae%7C7695e8ed-6a5d-497f-bb26-c3c880e3c00b&AppEnvironment=datacollector-binary&UploadType=eteventstream] status=Processing
[2019.11.04-22.09.47:267][945]LogModuleManager: Shutting down and abandoning module SSL (56)
[2019.11.04-22.09.47:267][945]LogModuleManager: Shutting down and abandoning module WmfMedia (52)
[2019.11.04-22.09.47:269][945]LogModuleManager: Shutting down and abandoning module Media (51)
[2019.11.04-22.09.47:269][945]LogModuleManager: Shutting down and abandoning module MagicLeap (48)
[2019.11.04-22.09.47:269][945]LogModuleManager: Shutting down and abandoning module DatasmithContent (46)
[2019.11.04-22.09.47:270][945]LogModuleManager: Shutting down and abandoning module AISupportModule (44)
[2019.11.04-22.09.47:270][945]LogModuleManager: Shutting down and abandoning module PlatformCryptoOpenSSL (42)
[2019.11.04-22.09.47:270][945]LogModuleManager: Shutting down and abandoning module PlatformCrypto (40)
[2019.11.04-22.09.47:270][945]LogModuleManager: Shutting down and abandoning module AnimationModifiers (38)
[2019.11.04-22.09.47:270][945]LogModuleManager: Shutting down and abandoning module PropertyEditor (37)
[2019.11.04-22.09.47:270][945]LogModuleManager: Shutting down and abandoning module AudioEditor (34)
[2019.11.04-22.09.47:270][945]LogModuleManager: Shutting down and abandoning module TextureCompressor (32)
[2019.11.04-22.09.47:270][945]LogModuleManager: Shutting down and abandoning module RenderCore (30)
[2019.11.04-22.09.47:270][945]LogModuleManager: Shutting down and abandoning module Landscape (28)
[2019.11.04-22.09.47:270][945]LogModuleManager: Shutting down and abandoning module SlateRHIRenderer (26)
[2019.11.04-22.09.47:270][945]LogModuleManager: Shutting down and abandoning module OpenGLDrv (24)
[2019.11.04-22.09.47:271][945]LogModuleManager: Shutting down and abandoning module D3D11RHI (22)
[2019.11.04-22.09.47:271][945]LogModuleManager: Shutting down and abandoning module AnimGraphRuntime (20)
[2019.11.04-22.09.47:271][945]LogModuleManager: Shutting down and abandoning module Renderer (18)
[2019.11.04-22.09.47:271][945]LogModuleManager: Shutting down and abandoning module Engine (16)
[2019.11.04-22.09.47:271][945]LogModuleManager: Shutting down and abandoning module CoreUObject (14)
[2019.11.04-22.09.47:271][945]LogModuleManager: Shutting down and abandoning module NetworkFile (12)
[2019.11.04-22.09.47:271][945]LogModuleManager: Shutting down and abandoning module CookedIterativeFile (10)
[2019.11.04-22.09.47:271][945]LogModuleManager: Shutting down and abandoning module StreamingFile (8)
[2019.11.04-22.09.47:271][945]LogModuleManager: Shutting down and abandoning module SandboxFile (6)
[2019.11.04-22.09.47:271][945]LogModuleManager: Shutting down and abandoning module PakFile (4)
[2019.11.04-22.09.47:271][945]LogModuleManager: Shutting down and abandoning module RSA (3)
[2019.11.04-22.09.47:271][945]LogD3D11RHI: Shutdown
[2019.11.04-22.09.47:271][945]LogD3D11RHI: CleanupD3DDevice
[2019.11.04-22.09.47:271][945]LogRendererCore: FGlobalDynamicReadBuffer::Cleanup()
[2019.11.04-22.09.47:271][945]LogRendererCore: FGlobalDynamicReadBuffer::Cleanup()
[2019.11.04-22.09.47:271][945]LogRendererCore: FGlobalDynamicReadBuffer::Cleanup()
[2019.11.04-22.09.47:324][945]LogD3D11RHI: ~FD3D11DynamicRHI
[2019.11.04-22.09.47:340][945]LogExit: Exiting.
[2019.11.04-22.09.47:383][945]Log file closed, 11/04/19 17:09:47
