Log file open, 10/07/19 13:02:14
LogWindows: Failed to load 'aqProf.dll' (GetLastError=126)
LogWindows: File 'aqProf.dll' does not exist
LogWindows: Failed to load 'VtuneApi.dll' (GetLastError=126)
LogWindows: File 'VtuneApi.dll' does not exist
LogWindows: Failed to load 'VtuneApi32e.dll' (GetLastError=126)
LogWindows: File 'VtuneApi32e.dll' does not exist
LogConsoleResponse: Display: Failed to find resolution value strings in scalability ini. Falling back to default.
LogInit: Display: Running engine for game: ProjectBronze
LogPlatformFile: Not using cached read wrapper
LogTaskGraph: Started task graph with 5 named threads and 35 total threads with 3 sets of task threads.
LogStats: Stats thread started at 0.066896
LogD3D11RHI: Loaded GFSDK_Aftermath_Lib.x64.dll
LogICUInternationalization: ICU TimeZone Detection - Raw Offset: -5:00, Platform Override: ''
LogPluginManager: Mounting plugin Paper2D
LogPluginManager: Mounting plugin AISupport
LogPluginManager: Mounting plugin LightPropagationVolume
LogPluginManager: Mounting plugin ActorLayerUtilities
LogPluginManager: Mounting plugin AnimationSharing
LogPluginManager: Mounting plugin CLionSourceCodeAccess
LogPluginManager: Mounting plugin CodeLiteSourceCodeAccess
LogPluginManager: Mounting plugin GitSourceControl
LogPluginManager: Mounting plugin KDevelopSourceCodeAccess
LogPluginManager: Mounting plugin NullSourceCodeAccess
LogPluginManager: Mounting plugin PerforceSourceControl
LogPluginManager: Mounting plugin SubversionSourceControl
LogPluginManager: Mounting plugin UObjectPlugin
LogPluginManager: Mounting plugin VisualStudioCodeSourceCodeAccess
LogPluginManager: Mounting plugin VisualStudioSourceCodeAccess
LogPluginManager: Mounting plugin XCodeSourceCodeAccess
LogPluginManager: Mounting plugin AssetManagerEditor
LogPluginManager: Mounting plugin CryptoKeys
LogPluginManager: Mounting plugin CurveEditorTools
LogPluginManager: Mounting plugin DataValidation
LogPluginManager: Mounting plugin FacialAnimation
LogPluginManager: Mounting plugin GameplayTagsEditor
LogPluginManager: Mounting plugin MacGraphicsSwitching
LogPluginManager: Mounting plugin MaterialAnalyzer
LogPluginManager: Mounting plugin MobileLauncherProfileWizard
LogPluginManager: Mounting plugin PluginBrowser
LogPluginManager: Mounting plugin SpeedTreeImporter
LogPluginManager: Mounting plugin DatasmithContent
LogPluginManager: Mounting plugin VariantManagerContent
LogPluginManager: Mounting plugin AlembicImporter
LogPluginManager: Mounting plugin AutomationUtils
LogPluginManager: Mounting plugin BackChannel
LogPluginManager: Mounting plugin CharacterAI
LogPluginManager: Mounting plugin GeometryCache
LogPluginManager: Mounting plugin HTML5Networking
LogPluginManager: Mounting plugin PlatformCrypto
LogPluginManager: Mounting plugin ProxyLODPlugin
LogPluginManager: Mounting plugin SkeletalReduction
LogPluginManager: Mounting plugin MagicLeap
LogPluginManager: Mounting plugin MagicLeapMedia
LogPluginManager: Mounting plugin LowEntryExtStdLib
LogPluginManager: Mounting plugin AndroidMedia
LogPluginManager: Mounting plugin AvfMedia
LogPluginManager: Mounting plugin ImgMedia
LogPluginManager: Mounting plugin MediaCompositing
LogPluginManager: Mounting plugin MediaPlayerEditor
LogPluginManager: Mounting plugin WebMMedia
LogPluginManager: Mounting plugin WmfMedia
LogPluginManager: Mounting plugin TcpMessaging
LogPluginManager: Mounting plugin UdpMessaging
LogPluginManager: Mounting plugin ActorSequence
LogPluginManager: Mounting plugin LevelSequenceEditor
LogPluginManager: Mounting plugin MatineeToLevelSequence
LogPluginManager: Mounting plugin NetcodeUnitTest
LogPluginManager: Mounting plugin NUTUnrealEngine4
LogPluginManager: Mounting plugin OnlineSubsystemGooglePlay
LogPluginManager: Mounting plugin OnlineSubsystemIOS
LogPluginManager: Mounting plugin OnlineSubsystem
LogPluginManager: Mounting plugin OnlineSubsystemNull
LogPluginManager: Mounting plugin OnlineSubsystemUtils
LogPluginManager: Mounting plugin LauncherChunkInstaller
LogPluginManager: Mounting plugin AndroidDeviceProfileSelector
LogPluginManager: Mounting plugin AndroidMoviePlayer
LogPluginManager: Mounting plugin AndroidPermission
LogPluginManager: Mounting plugin AppleImageUtils
LogPluginManager: Mounting plugin AppleMoviePlayer
LogPluginManager: Mounting plugin ArchVisCharacter
LogPluginManager: Mounting plugin AudioCapture
LogPluginManager: Mounting plugin CableComponent
LogPluginManager: Mounting plugin CustomMeshComponent
LogPluginManager: Mounting plugin EditableMesh
LogPluginManager: Mounting plugin ExampleDeviceProfileSelector
LogPluginManager: Mounting plugin GoogleCloudMessaging
LogPluginManager: Mounting plugin IOSDeviceProfileSelector
LogPluginManager: Mounting plugin LinuxDeviceProfileSelector
LogPluginManager: Mounting plugin LocationServicesBPLibrary
LogPluginManager: Mounting plugin MobilePatchingUtils
LogPluginManager: Mounting plugin OculusVR
LogPluginManager: Mounting plugin PhysXVehicles
LogPluginManager: Mounting plugin ProceduralMeshComponent
LogPluginManager: Mounting plugin RuntimePhysXCooking
LogPluginManager: Mounting plugin SignificanceManager
LogPluginManager: Mounting plugin SteamVR
LogPluginManager: Mounting plugin WebMMoviePlayer
LogPluginManager: Mounting plugin WindowsMoviePlayer
LogPluginManager: Mounting plugin ScreenshotTools
LogInit: Using libcurl 7.55.1-DEV
LogInit:  - built for x86_64-pc-win32
LogInit:  - supports SSL with OpenSSL/1.1.1
LogInit:  - supports HTTP deflate (compression) using libz 1.2.8
LogInit:  - other features:
LogInit:      CURL_VERSION_SSL
LogInit:      CURL_VERSION_LIBZ
LogInit:      CURL_VERSION_IPV6
LogInit:      CURL_VERSION_ASYNCHDNS
LogInit:      CURL_VERSION_LARGEFILE
LogInit:      CURL_VERSION_IDN
LogInit:  CurlRequestOptions (configurable via config and command line):
LogInit:  - bVerifyPeer = true  - Libcurl will verify peer certificate
LogInit:  - bUseHttpProxy = false  - Libcurl will NOT use HTTP proxy
LogInit:  - bDontReuseConnections = false  - Libcurl will reuse connections
LogInit:  - MaxHostConnections = 16  - Libcurl will limit the number of connections to a host
LogInit:  - LocalHostAddr = Default
LogInit:  - BufferSize = 65536
LogOnline: OSS: Creating online subsystem instance for: NULL
LogInit: WinSock: version 1.1 (2.2), MaxSocks=32767, MaxUdp=65467
LogInit: Build: ++UE4+Release-4.23-CL-8386587
LogInit: Engine Version: 4.23.0-8386587+++UE4+Release-4.23
LogInit: Compatible Engine Version: 4.23.0-8386587+++UE4+Release-4.23
LogInit: Net CL: 8386587
LogInit: OS: Windows 10 (Release 1809) (), CPU: Intel(R) Core(TM) i7-8750H CPU @ 2.20GHz, GPU: NVIDIA GeForce GTX 1070
LogInit: Compiled (64-bit): Aug 31 2019 02:04:44
LogInit: Compiled with Visual C++: 19.16.27030.01
LogInit: Build Configuration: Development
LogInit: Branch Name: ++UE4+Release-4.23
LogInit: Command Line: 
LogInit: Base Directory: D:/Epic Games/UE_4.23/Engine/Binaries/Win64/
LogInit: Installed Engine Build: 1
LogDevObjectVersion: Number of dev versions registered: 23
LogDevObjectVersion:   Dev-Blueprints (B0D832E4-1F89-4F0D-ACCF-7EB736FD4AA2): 10
LogDevObjectVersion:   Dev-Build (E1C64328-A22C-4D53-A36C-8E866417BD8C): 0
LogDevObjectVersion:   Dev-Core (375EC13C-06E4-48FB-B500-84F0262A717E): 3
LogDevObjectVersion:   Dev-Editor (E4B068ED-F494-42E9-A231-DA0B2E46BB41): 34
LogDevObjectVersion:   Dev-Framework (CFFC743F-43B0-4480-9391-14DF171D2073): 35
LogDevObjectVersion:   Dev-Mobile (B02B49B5-BB20-44E9-A304-32B752E40360): 2
LogDevObjectVersion:   Dev-Networking (A4E4105C-59A1-49B5-A7C5-40C4547EDFEE): 0
LogDevObjectVersion:   Dev-Online (39C831C9-5AE6-47DC-9A44-9C173E1C8E7C): 0
LogDevObjectVersion:   Dev-Physics (78F01B33-EBEA-4F98-B9B4-84EACCB95AA2): 0
LogDevObjectVersion:   Dev-Platform (6631380F-2D4D-43E0-8009-CF276956A95A): 0
LogDevObjectVersion:   Dev-Rendering (12F88B9F-8875-4AFC-A67C-D90C383ABD29): 31
LogDevObjectVersion:   Dev-Sequencer (7B5AE74C-D270-4C10-A958-57980B212A5A): 11
LogDevObjectVersion:   Dev-VR (D7296918-1DD6-4BDD-9DE2-64A83CC13884): 2
LogDevObjectVersion:   Dev-LoadTimes (C2A15278-BFE7-4AFE-6C17-90FF531DF755): 1
LogDevObjectVersion:   Private-Geometry (6EACA3D4-40EC-4CC1-B786-8BED09428FC5): 3
LogDevObjectVersion:   Dev-AnimPhys (29E575DD-E0A3-4627-9D10-D276232CDCEA): 17
LogDevObjectVersion:   Dev-Anim (AF43A65D-7FD3-4947-9873-3E8ED9C1BB05): 2
LogDevObjectVersion:   Dev-ReflectionCapture (6B266CEC-1EC7-4B8F-A30B-E4D90942FC07): 1
LogDevObjectVersion:   Dev-Automation (0DF73D61-A23F-47EA-B727-89E90C41499A): 1
LogDevObjectVersion:   FortniteMain (601D1886-AC64-4F84-AA16-D3DE0DEAC7D6): 27
LogDevObjectVersion:   Dev-Enterprise (9DFFBCD6-494F-0158-E221-12823C92A888): 6
LogDevObjectVersion:   Dev-Niagara (F2AED0AC-9AFE-416F-8664-AA7FFA26D6FC): 1
LogDevObjectVersion:   Dev-Destruction (174F1F0B-B4C6-45A5-B13F-2EE8D0FB917D): 9
LogInit: Presizing for max 16777216 objects, including 0 objects not considered by GC, pre-allocating 0 bytes for permanent pool.
LogInit: Object subsystem initialized
LogConfig: Setting CVar [[con.DebugEarlyDefault:1]]
LogConfig: Setting CVar [[r.setres:1280x720]]
[2019.10.07-17.02.14:245][  0]LogConfig: Setting CVar [[r.VSync:0]]
[2019.10.07-17.02.14:245][  0]LogConfig: Setting CVar [[r.RHICmdBypass:0]]
[2019.10.07-17.02.14:245][  0]LogConfig: Applying CVar settings from Section [/Script/Engine.RendererSettings] File [D:/REPOS/ProjectBronze/ProjectBronze/Saved/Config/Windows/Engine.ini]
[2019.10.07-17.02.14:245][  0]LogConfig: Setting CVar [[r.GPUCrashDebugging:0]]
[2019.10.07-17.02.14:245][  0]LogConfig: Applying CVar settings from Section [/Script/Engine.RendererOverrideSettings] File [D:/REPOS/ProjectBronze/ProjectBronze/Saved/Config/Windows/Engine.ini]
[2019.10.07-17.02.14:245][  0]LogConfig: Applying CVar settings from Section [/Script/Engine.StreamingSettings] File [D:/REPOS/ProjectBronze/ProjectBronze/Saved/Config/Windows/Engine.ini]
[2019.10.07-17.02.14:245][  0]LogConfig: Setting CVar [[s.MinBulkDataSizeForAsyncLoading:131072]]
[2019.10.07-17.02.14:245][  0]LogConfig: Setting CVar [[s.AsyncLoadingThreadEnabled:0]]
[2019.10.07-17.02.14:245][  0]LogConfig: Setting CVar [[s.EventDrivenLoaderEnabled:1]]
[2019.10.07-17.02.14:245][  0]LogConfig: Setting CVar [[s.WarnIfTimeLimitExceeded:0]]
[2019.10.07-17.02.14:245][  0]LogConfig: Setting CVar [[s.TimeLimitExceededMultiplier:1.5]]
[2019.10.07-17.02.14:245][  0]LogConfig: Setting CVar [[s.TimeLimitExceededMinTime:0.005]]
[2019.10.07-17.02.14:245][  0]LogConfig: Setting CVar [[s.UseBackgroundLevelStreaming:1]]
[2019.10.07-17.02.14:245][  0]LogConfig: Setting CVar [[s.PriorityAsyncLoadingExtraTime:15.0]]
[2019.10.07-17.02.14:245][  0]LogConfig: Setting CVar [[s.LevelStreamingActorsUpdateTimeLimit:5.0]]
[2019.10.07-17.02.14:245][  0]LogConfig: Setting CVar [[s.PriorityLevelStreamingActorsUpdateExtraTime:5.0]]
[2019.10.07-17.02.14:245][  0]LogConfig: Setting CVar [[s.LevelStreamingComponentsRegistrationGranularity:10]]
[2019.10.07-17.02.14:245][  0]LogConfig: Setting CVar [[s.UnregisterComponentsTimeLimit:1.0]]
[2019.10.07-17.02.14:245][  0]LogConfig: Setting CVar [[s.LevelStreamingComponentsUnregistrationGranularity:5]]
[2019.10.07-17.02.14:245][  0]LogConfig: Applying CVar settings from Section [/Script/Engine.GarbageCollectionSettings] File [D:/REPOS/ProjectBronze/ProjectBronze/Saved/Config/Windows/Engine.ini]
[2019.10.07-17.02.14:245][  0]LogConfig: Setting CVar [[gc.MaxObjectsNotConsideredByGC:1]]
[2019.10.07-17.02.14:245][  0]LogConfig: Setting CVar [[gc.SizeOfPermanentObjectPool:0]]
[2019.10.07-17.02.14:245][  0]LogConfig: Setting CVar [[gc.FlushStreamingOnGC:0]]
[2019.10.07-17.02.14:245][  0]LogConfig: Setting CVar [[gc.NumRetriesBeforeForcingGC:10]]
[2019.10.07-17.02.14:245][  0]LogConfig: Setting CVar [[gc.AllowParallelGC:1]]
[2019.10.07-17.02.14:245][  0]LogConfig: Setting CVar [[gc.TimeBetweenPurgingPendingKillObjects:61.1]]
[2019.10.07-17.02.14:245][  0]LogConfig: Setting CVar [[gc.MaxObjectsInEditor:16777216]]
[2019.10.07-17.02.14:246][  0]LogConfig: Setting CVar [[gc.IncrementalBeginDestroyEnabled:1]]
[2019.10.07-17.02.14:246][  0]LogConfig: Setting CVar [[gc.CreateGCClusters:1]]
[2019.10.07-17.02.14:246][  0]LogConfig: Setting CVar [[gc.MinGCClusterSize:5]]
[2019.10.07-17.02.14:246][  0]LogConfig: Setting CVar [[gc.ActorClusteringEnabled:0]]
[2019.10.07-17.02.14:246][  0]LogConfig: Setting CVar [[gc.BlueprintClusteringEnabled:0]]
[2019.10.07-17.02.14:246][  0]LogConfig: Setting CVar [[gc.UseDisregardForGCOnDedicatedServers:0]]
[2019.10.07-17.02.14:246][  0]LogConfig: Applying CVar settings from Section [/Script/Engine.NetworkSettings] File [D:/REPOS/ProjectBronze/ProjectBronze/Saved/Config/Windows/Engine.ini]
[2019.10.07-17.02.14:246][  0]LogConfig: Applying CVar settings from Section [/Script/UnrealEd.CookerSettings] File [D:/REPOS/ProjectBronze/ProjectBronze/Saved/Config/Windows/Engine.ini]
[2019.10.07-17.02.14:248][  0]LogConfig: Applying CVar settings from Section [ViewDistanceQuality@3] File [D:/REPOS/ProjectBronze/ProjectBronze/Saved/Config/Windows/Scalability.ini]
[2019.10.07-17.02.14:248][  0]LogConfig: Setting CVar [[r.SkeletalMeshLODBias:0]]
[2019.10.07-17.02.14:248][  0]LogConfig: Setting CVar [[r.ViewDistanceScale:1.0]]
[2019.10.07-17.02.14:248][  0]LogConfig: Applying CVar settings from Section [AntiAliasingQuality@3] File [D:/REPOS/ProjectBronze/ProjectBronze/Saved/Config/Windows/Scalability.ini]
[2019.10.07-17.02.14:248][  0]LogConfig: Setting CVar [[r.PostProcessAAQuality:4]]
[2019.10.07-17.02.14:248][  0]LogConfig: Applying CVar settings from Section [ShadowQuality@3] File [D:/REPOS/ProjectBronze/ProjectBronze/Saved/Config/Windows/Scalability.ini]
[2019.10.07-17.02.14:248][  0]LogConfig: Setting CVar [[r.LightFunctionQuality:1]]
[2019.10.07-17.02.14:248][  0]LogConfig: Setting CVar [[r.ShadowQuality:5]]
[2019.10.07-17.02.14:248][  0]LogConfig: Setting CVar [[r.Shadow.CSM.MaxCascades:10]]
[2019.10.07-17.02.14:248][  0]LogConfig: Setting CVar [[r.Shadow.MaxResolution:2048]]
[2019.10.07-17.02.14:248][  0]LogConfig: Setting CVar [[r.Shadow.MaxCSMResolution:2048]]
[2019.10.07-17.02.14:248][  0]LogConfig: Setting CVar [[r.Shadow.RadiusThreshold:0.01]]
[2019.10.07-17.02.14:248][  0]LogConfig: Setting CVar [[r.Shadow.DistanceScale:1.0]]
[2019.10.07-17.02.14:248][  0]LogConfig: Setting CVar [[r.Shadow.CSM.TransitionScale:1.0]]
[2019.10.07-17.02.14:248][  0]LogConfig: Setting CVar [[r.Shadow.PreShadowResolutionFactor:1.0]]
[2019.10.07-17.02.14:248][  0]LogConfig: Setting CVar [[r.DistanceFieldShadowing:1]]
[2019.10.07-17.02.14:248][  0]LogConfig: Setting CVar [[r.DistanceFieldAO:1]]
[2019.10.07-17.02.14:248][  0]LogConfig: Setting CVar [[r.AOQuality:2]]
[2019.10.07-17.02.14:248][  0]LogConfig: Setting CVar [[r.VolumetricFog:1]]
[2019.10.07-17.02.14:248][  0]LogConfig: Setting CVar [[r.VolumetricFog.GridPixelSize:8]]
[2019.10.07-17.02.14:248][  0]LogConfig: Setting CVar [[r.VolumetricFog.GridSizeZ:128]]
[2019.10.07-17.02.14:248][  0]LogConfig: Setting CVar [[r.VolumetricFog.HistoryMissSupersampleCount:4]]
[2019.10.07-17.02.14:248][  0]LogConfig: Setting CVar [[r.LightMaxDrawDistanceScale:1]]
[2019.10.07-17.02.14:248][  0]LogConfig: Setting CVar [[r.CapsuleShadows:1]]
[2019.10.07-17.02.14:248][  0]LogConfig: Applying CVar settings from Section [PostProcessQuality@3] File [D:/REPOS/ProjectBronze/ProjectBronze/Saved/Config/Windows/Scalability.ini]
[2019.10.07-17.02.14:248][  0]LogConfig: Setting CVar [[r.MotionBlurQuality:4]]
[2019.10.07-17.02.14:249][  0]LogConfig: Setting CVar [[r.AmbientOcclusionMipLevelFactor:0.4]]
[2019.10.07-17.02.14:249][  0]LogConfig: Setting CVar [[r.AmbientOcclusionMaxQuality:100]]
[2019.10.07-17.02.14:249][  0]LogConfig: Setting CVar [[r.AmbientOcclusionLevels:-1]]
[2019.10.07-17.02.14:249][  0]LogConfig: Setting CVar [[r.AmbientOcclusionRadiusScale:1.0]]
[2019.10.07-17.02.14:249][  0]LogConfig: Setting CVar [[r.DepthOfFieldQuality:2]]
[2019.10.07-17.02.14:249][  0]LogConfig: Setting CVar [[r.RenderTargetPoolMin:400]]
[2019.10.07-17.02.14:249][  0]LogConfig: Setting CVar [[r.LensFlareQuality:2]]
[2019.10.07-17.02.14:249][  0]LogConfig: Setting CVar [[r.SceneColorFringeQuality:1]]
[2019.10.07-17.02.14:249][  0]LogConfig: Setting CVar [[r.EyeAdaptationQuality:2]]
[2019.10.07-17.02.14:249][  0]LogConfig: Setting CVar [[r.BloomQuality:5]]
[2019.10.07-17.02.14:249][  0]LogConfig: Setting CVar [[r.FastBlurThreshold:100]]
[2019.10.07-17.02.14:249][  0]LogConfig: Setting CVar [[r.Upscale.Quality:3]]
[2019.10.07-17.02.14:249][  0]LogConfig: Setting CVar [[r.Tonemapper.GrainQuantization:1]]
[2019.10.07-17.02.14:249][  0]LogConfig: Setting CVar [[r.LightShaftQuality:1]]
[2019.10.07-17.02.14:249][  0]LogConfig: Setting CVar [[r.Filter.SizeScale:1]]
[2019.10.07-17.02.14:249][  0]LogConfig: Setting CVar [[r.Tonemapper.Quality:5]]
[2019.10.07-17.02.14:249][  0]LogConfig: Setting CVar [[r.DOF.Gather.AccumulatorQuality:1        ; higher gathering accumulator quality]]
[2019.10.07-17.02.14:249][  0]LogConfig: Setting CVar [[r.DOF.Gather.PostfilterMethod:1          ; Median3x3 postfilering method]]
[2019.10.07-17.02.14:249][  0]LogConfig: Setting CVar [[r.DOF.Gather.EnableBokehSettings:0       ; no bokeh simulation when gathering]]
[2019.10.07-17.02.14:249][  0]LogConfig: Setting CVar [[r.DOF.Gather.RingCount:4                 ; medium number of samples when gathering]]
[2019.10.07-17.02.14:249][  0]LogConfig: Setting CVar [[r.DOF.Scatter.ForegroundCompositing:1    ; additive foreground scattering]]
[2019.10.07-17.02.14:249][  0]LogConfig: Setting CVar [[r.DOF.Scatter.BackgroundCompositing:2    ; additive background scattering]]
[2019.10.07-17.02.14:249][  0]LogConfig: Setting CVar [[r.DOF.Scatter.EnableBokehSettings:1      ; bokeh simulation when scattering]]
[2019.10.07-17.02.14:249][  0]LogConfig: Setting CVar [[r.DOF.Scatter.MaxSpriteRatio:0.1         ; only a maximum of 10% of scattered bokeh]]
[2019.10.07-17.02.14:249][  0]LogConfig: Setting CVar [[r.DOF.Recombine.Quality:1                ; cheap slight out of focus]]
[2019.10.07-17.02.14:249][  0]LogConfig: Setting CVar [[r.DOF.Recombine.EnableBokehSettings:0    ; no bokeh simulation on slight out of focus]]
[2019.10.07-17.02.14:249][  0]LogConfig: Setting CVar [[r.DOF.TemporalAAQuality:1                ; more stable temporal accumulation]]
[2019.10.07-17.02.14:249][  0]LogConfig: Setting CVar [[r.DOF.Kernel.MaxForegroundRadius:0.025]]
[2019.10.07-17.02.14:249][  0]LogConfig: Setting CVar [[r.DOF.Kernel.MaxBackgroundRadius:0.025]]
[2019.10.07-17.02.14:249][  0]LogConfig: Applying CVar settings from Section [TextureQuality@3] File [D:/REPOS/ProjectBronze/ProjectBronze/Saved/Config/Windows/Scalability.ini]
[2019.10.07-17.02.14:249][  0]LogConfig: Setting CVar [[r.Streaming.MipBias:0]]
[2019.10.07-17.02.14:249][  0]LogConfig: Setting CVar [[r.Streaming.AmortizeCPUToGPUCopy:0]]
[2019.10.07-17.02.14:249][  0]LogConfig: Setting CVar [[r.Streaming.MaxNumTexturesToStreamPerFrame:0]]
[2019.10.07-17.02.14:249][  0]LogConfig: Setting CVar [[r.Streaming.Boost:1]]
[2019.10.07-17.02.14:249][  0]LogConfig: Setting CVar [[r.MaxAnisotropy:8]]
[2019.10.07-17.02.14:249][  0]LogConfig: Setting CVar [[r.Streaming.LimitPoolSizeToVRAM:0]]
[2019.10.07-17.02.14:249][  0]LogConfig: Setting CVar [[r.Streaming.PoolSize:1000]]
[2019.10.07-17.02.14:249][  0]LogConfig: Setting CVar [[r.Streaming.MaxEffectiveScreenSize:0]]
[2019.10.07-17.02.14:249][  0]LogConfig: Applying CVar settings from Section [EffectsQuality@3] File [D:/REPOS/ProjectBronze/ProjectBronze/Saved/Config/Windows/Scalability.ini]
[2019.10.07-17.02.14:249][  0]LogConfig: Setting CVar [[r.TranslucencyLightingVolumeDim:64]]
[2019.10.07-17.02.14:249][  0]LogConfig: Setting CVar [[r.RefractionQuality:2]]
[2019.10.07-17.02.14:249][  0]LogConfig: Setting CVar [[r.SSR.Quality:3]]
[2019.10.07-17.02.14:249][  0]LogConfig: Setting CVar [[r.SceneColorFormat:4]]
[2019.10.07-17.02.14:249][  0]LogConfig: Setting CVar [[r.DetailMode:2]]
[2019.10.07-17.02.14:249][  0]LogConfig: Setting CVar [[r.TranslucencyVolumeBlur:1]]
[2019.10.07-17.02.14:249][  0]LogConfig: Setting CVar [[r.MaterialQualityLevel:1 ; High quality]]
[2019.10.07-17.02.14:249][  0]LogConfig: Setting CVar [[r.SSS.Scale:1]]
[2019.10.07-17.02.14:249][  0]LogConfig: Setting CVar [[r.SSS.SampleSet:2]]
[2019.10.07-17.02.14:249][  0]LogConfig: Setting CVar [[r.SSS.Quality:1]]
[2019.10.07-17.02.14:249][  0]LogConfig: Setting CVar [[r.SSS.HalfRes:1]]
[2019.10.07-17.02.14:249][  0]LogConfig: Setting CVar [[r.EmitterSpawnRateScale:1.0]]
[2019.10.07-17.02.14:249][  0]LogConfig: Setting CVar [[r.ParticleLightQuality:2]]
[2019.10.07-17.02.14:249][  0]LogConfig: Applying CVar settings from Section [FoliageQuality@3] File [D:/REPOS/ProjectBronze/ProjectBronze/Saved/Config/Windows/Scalability.ini]
[2019.10.07-17.02.14:249][  0]LogConfig: Setting CVar [[foliage.DensityScale:1.0]]
[2019.10.07-17.02.14:249][  0]LogConfig: Setting CVar [[grass.DensityScale:1.0]]
[2019.10.07-17.02.14:249][  0]LogInit: Selected Device Profile: [Windows]
[2019.10.07-17.02.14:249][  0]LogInit: Applying CVar settings loaded from the selected device profile: [Windows]
[2019.10.07-17.02.14:251][  0]LogHAL: Display: Platform has ~ 16 GB [17031884800 / 17179869184 / 16], which maps to Larger [LargestMinGB=32, LargerMinGB=12, DefaultMinGB=8, SmallerMinGB=6, SmallestMinGB=0)
[2019.10.07-17.02.14:251][  0]LogInit: Going up to parent DeviceProfile []
[2019.10.07-17.02.14:251][  0]LogConfig: Applying CVar settings from Section [ViewDistanceQuality@3] File [D:/REPOS/ProjectBronze/ProjectBronze/Saved/Config/Windows/Scalability.ini]
[2019.10.07-17.02.14:251][  0]LogConfig: Setting CVar [[r.SkeletalMeshLODBias:0]]
[2019.10.07-17.02.14:251][  0]LogConfig: Setting CVar [[r.ViewDistanceScale:1.0]]
[2019.10.07-17.02.14:251][  0]LogConfig: Applying CVar settings from Section [AntiAliasingQuality@3] File [D:/REPOS/ProjectBronze/ProjectBronze/Saved/Config/Windows/Scalability.ini]
[2019.10.07-17.02.14:251][  0]LogConfig: Setting CVar [[r.PostProcessAAQuality:4]]
[2019.10.07-17.02.14:251][  0]LogConfig: Applying CVar settings from Section [ShadowQuality@3] File [D:/REPOS/ProjectBronze/ProjectBronze/Saved/Config/Windows/Scalability.ini]
[2019.10.07-17.02.14:251][  0]LogConfig: Setting CVar [[r.LightFunctionQuality:1]]
[2019.10.07-17.02.14:251][  0]LogConfig: Setting CVar [[r.ShadowQuality:5]]
[2019.10.07-17.02.14:251][  0]LogConfig: Setting CVar [[r.Shadow.CSM.MaxCascades:10]]
[2019.10.07-17.02.14:251][  0]LogConfig: Setting CVar [[r.Shadow.MaxResolution:2048]]
[2019.10.07-17.02.14:251][  0]LogConfig: Setting CVar [[r.Shadow.MaxCSMResolution:2048]]
[2019.10.07-17.02.14:251][  0]LogConfig: Setting CVar [[r.Shadow.RadiusThreshold:0.01]]
[2019.10.07-17.02.14:252][  0]LogConfig: Setting CVar [[r.Shadow.DistanceScale:1.0]]
[2019.10.07-17.02.14:252][  0]LogConfig: Setting CVar [[r.Shadow.CSM.TransitionScale:1.0]]
[2019.10.07-17.02.14:252][  0]LogConfig: Setting CVar [[r.Shadow.PreShadowResolutionFactor:1.0]]
[2019.10.07-17.02.14:252][  0]LogConfig: Setting CVar [[r.DistanceFieldShadowing:1]]
[2019.10.07-17.02.14:252][  0]LogConfig: Setting CVar [[r.DistanceFieldAO:1]]
[2019.10.07-17.02.14:252][  0]LogConfig: Setting CVar [[r.AOQuality:2]]
[2019.10.07-17.02.14:252][  0]LogConfig: Setting CVar [[r.VolumetricFog:1]]
[2019.10.07-17.02.14:252][  0]LogConfig: Setting CVar [[r.VolumetricFog.GridPixelSize:8]]
[2019.10.07-17.02.14:252][  0]LogConfig: Setting CVar [[r.VolumetricFog.GridSizeZ:128]]
[2019.10.07-17.02.14:252][  0]LogConfig: Setting CVar [[r.VolumetricFog.HistoryMissSupersampleCount:4]]
[2019.10.07-17.02.14:252][  0]LogConfig: Setting CVar [[r.LightMaxDrawDistanceScale:1]]
[2019.10.07-17.02.14:252][  0]LogConfig: Setting CVar [[r.CapsuleShadows:1]]
[2019.10.07-17.02.14:252][  0]LogConfig: Applying CVar settings from Section [PostProcessQuality@3] File [D:/REPOS/ProjectBronze/ProjectBronze/Saved/Config/Windows/Scalability.ini]
[2019.10.07-17.02.14:252][  0]LogConfig: Setting CVar [[r.MotionBlurQuality:4]]
[2019.10.07-17.02.14:252][  0]LogConfig: Setting CVar [[r.AmbientOcclusionMipLevelFactor:0.4]]
[2019.10.07-17.02.14:252][  0]LogConfig: Setting CVar [[r.AmbientOcclusionMaxQuality:100]]
[2019.10.07-17.02.14:252][  0]LogConfig: Setting CVar [[r.AmbientOcclusionLevels:-1]]
[2019.10.07-17.02.14:252][  0]LogConfig: Setting CVar [[r.AmbientOcclusionRadiusScale:1.0]]
[2019.10.07-17.02.14:252][  0]LogConfig: Setting CVar [[r.DepthOfFieldQuality:2]]
[2019.10.07-17.02.14:252][  0]LogConfig: Setting CVar [[r.RenderTargetPoolMin:400]]
[2019.10.07-17.02.14:252][  0]LogConfig: Setting CVar [[r.LensFlareQuality:2]]
[2019.10.07-17.02.14:252][  0]LogConfig: Setting CVar [[r.SceneColorFringeQuality:1]]
[2019.10.07-17.02.14:252][  0]LogConfig: Setting CVar [[r.EyeAdaptationQuality:2]]
[2019.10.07-17.02.14:252][  0]LogConfig: Setting CVar [[r.BloomQuality:5]]
[2019.10.07-17.02.14:252][  0]LogConfig: Setting CVar [[r.FastBlurThreshold:100]]
[2019.10.07-17.02.14:252][  0]LogConfig: Setting CVar [[r.Upscale.Quality:3]]
[2019.10.07-17.02.14:252][  0]LogConfig: Setting CVar [[r.Tonemapper.GrainQuantization:1]]
[2019.10.07-17.02.14:252][  0]LogConfig: Setting CVar [[r.LightShaftQuality:1]]
[2019.10.07-17.02.14:252][  0]LogConfig: Setting CVar [[r.Filter.SizeScale:1]]
[2019.10.07-17.02.14:252][  0]LogConfig: Setting CVar [[r.Tonemapper.Quality:5]]
[2019.10.07-17.02.14:252][  0]LogConfig: Setting CVar [[r.DOF.Gather.AccumulatorQuality:1        ; higher gathering accumulator quality]]
[2019.10.07-17.02.14:252][  0]LogConfig: Setting CVar [[r.DOF.Gather.PostfilterMethod:1          ; Median3x3 postfilering method]]
[2019.10.07-17.02.14:252][  0]LogConfig: Setting CVar [[r.DOF.Gather.EnableBokehSettings:0       ; no bokeh simulation when gathering]]
[2019.10.07-17.02.14:252][  0]LogConfig: Setting CVar [[r.DOF.Gather.RingCount:4                 ; medium number of samples when gathering]]
[2019.10.07-17.02.14:252][  0]LogConfig: Setting CVar [[r.DOF.Scatter.ForegroundCompositing:1    ; additive foreground scattering]]
[2019.10.07-17.02.14:252][  0]LogConfig: Setting CVar [[r.DOF.Scatter.BackgroundCompositing:2    ; additive background scattering]]
[2019.10.07-17.02.14:252][  0]LogConfig: Setting CVar [[r.DOF.Scatter.EnableBokehSettings:1      ; bokeh simulation when scattering]]
[2019.10.07-17.02.14:252][  0]LogConfig: Setting CVar [[r.DOF.Scatter.MaxSpriteRatio:0.1         ; only a maximum of 10% of scattered bokeh]]
[2019.10.07-17.02.14:252][  0]LogConfig: Setting CVar [[r.DOF.Recombine.Quality:1                ; cheap slight out of focus]]
[2019.10.07-17.02.14:252][  0]LogConfig: Setting CVar [[r.DOF.Recombine.EnableBokehSettings:0    ; no bokeh simulation on slight out of focus]]
[2019.10.07-17.02.14:252][  0]LogConfig: Setting CVar [[r.DOF.TemporalAAQuality:1                ; more stable temporal accumulation]]
[2019.10.07-17.02.14:252][  0]LogConfig: Setting CVar [[r.DOF.Kernel.MaxForegroundRadius:0.025]]
[2019.10.07-17.02.14:252][  0]LogConfig: Setting CVar [[r.DOF.Kernel.MaxBackgroundRadius:0.025]]
[2019.10.07-17.02.14:252][  0]LogConfig: Applying CVar settings from Section [TextureQuality@3] File [D:/REPOS/ProjectBronze/ProjectBronze/Saved/Config/Windows/Scalability.ini]
[2019.10.07-17.02.14:252][  0]LogConfig: Setting CVar [[r.Streaming.MipBias:0]]
[2019.10.07-17.02.14:252][  0]LogConfig: Setting CVar [[r.Streaming.AmortizeCPUToGPUCopy:0]]
[2019.10.07-17.02.14:252][  0]LogConfig: Setting CVar [[r.Streaming.MaxNumTexturesToStreamPerFrame:0]]
[2019.10.07-17.02.14:252][  0]LogConfig: Setting CVar [[r.Streaming.Boost:1]]
[2019.10.07-17.02.14:252][  0]LogConfig: Setting CVar [[r.MaxAnisotropy:8]]
[2019.10.07-17.02.14:252][  0]LogConfig: Setting CVar [[r.Streaming.LimitPoolSizeToVRAM:0]]
[2019.10.07-17.02.14:252][  0]LogConfig: Setting CVar [[r.Streaming.PoolSize:1000]]
[2019.10.07-17.02.14:252][  0]LogConfig: Setting CVar [[r.Streaming.MaxEffectiveScreenSize:0]]
[2019.10.07-17.02.14:252][  0]LogConfig: Applying CVar settings from Section [EffectsQuality@3] File [D:/REPOS/ProjectBronze/ProjectBronze/Saved/Config/Windows/Scalability.ini]
[2019.10.07-17.02.14:252][  0]LogConfig: Setting CVar [[r.TranslucencyLightingVolumeDim:64]]
[2019.10.07-17.02.14:252][  0]LogConfig: Setting CVar [[r.RefractionQuality:2]]
[2019.10.07-17.02.14:252][  0]LogConfig: Setting CVar [[r.SSR.Quality:3]]
[2019.10.07-17.02.14:252][  0]LogConfig: Setting CVar [[r.SceneColorFormat:4]]
[2019.10.07-17.02.14:252][  0]LogConfig: Setting CVar [[r.DetailMode:2]]
[2019.10.07-17.02.14:252][  0]LogConfig: Setting CVar [[r.TranslucencyVolumeBlur:1]]
[2019.10.07-17.02.14:252][  0]LogConfig: Setting CVar [[r.MaterialQualityLevel:1 ; High quality]]
[2019.10.07-17.02.14:252][  0]LogConfig: Setting CVar [[r.SSS.Scale:1]]
[2019.10.07-17.02.14:252][  0]LogConfig: Setting CVar [[r.SSS.SampleSet:2]]
[2019.10.07-17.02.14:252][  0]LogConfig: Setting CVar [[r.SSS.Quality:1]]
[2019.10.07-17.02.14:252][  0]LogConfig: Setting CVar [[r.SSS.HalfRes:1]]
[2019.10.07-17.02.14:252][  0]LogConfig: Setting CVar [[r.EmitterSpawnRateScale:1.0]]
[2019.10.07-17.02.14:252][  0]LogConfig: Setting CVar [[r.ParticleLightQuality:2]]
[2019.10.07-17.02.14:252][  0]LogConfig: Applying CVar settings from Section [FoliageQuality@3] File [D:/REPOS/ProjectBronze/ProjectBronze/Saved/Config/Windows/Scalability.ini]
[2019.10.07-17.02.14:252][  0]LogConfig: Setting CVar [[foliage.DensityScale:1.0]]
[2019.10.07-17.02.14:252][  0]LogConfig: Setting CVar [[grass.DensityScale:1.0]]
[2019.10.07-17.02.14:252][  0]LogConfig: Applying CVar settings from Section [Startup] File [../../../Engine/Config/ConsoleVariables.ini]
[2019.10.07-17.02.14:252][  0]LogConfig: Setting CVar [[net.UseAdaptiveNetUpdateFrequency:0]]
[2019.10.07-17.02.14:252][  0]LogConfig: Setting CVar [[p.chaos.AllowCreatePhysxBodies:1]]
[2019.10.07-17.02.14:252][  0]LogConfig: Applying CVar settings from Section [ConsoleVariables] File [D:/REPOS/ProjectBronze/ProjectBronze/Saved/Config/Windows/Engine.ini]
[2019.10.07-17.02.14:253][  0]LogInit: Computer: DESKTOP-J2AS69Q
[2019.10.07-17.02.14:253][  0]LogInit: User: Tiffany
[2019.10.07-17.02.14:253][  0]LogInit: CPU Page size=4096, Cores=6
[2019.10.07-17.02.14:253][  0]LogInit: High frequency timer resolution =10.000000 MHz
[2019.10.07-17.02.14:253][  0]LogMemory: Memory total: Physical=15.9GB (16GB approx)
[2019.10.07-17.02.14:253][  0]LogMemory: Platform Memory Stats for Windows
[2019.10.07-17.02.14:253][  0]LogMemory: Process Physical Memory: 101.49 MB used, 101.49 MB peak
[2019.10.07-17.02.14:253][  0]LogMemory: Process Virtual Memory: 101.90 MB used, 101.90 MB peak
[2019.10.07-17.02.14:253][  0]LogMemory: Physical Memory: 10453.75 MB used,  5789.12 MB free, 16242.87 MB total
[2019.10.07-17.02.14:253][  0]LogMemory: Virtual Memory: 4701.04 MB used,  134213024.00 MB free, 134217728.00 MB total
[2019.10.07-17.02.14:312][  0]LogWindows: WindowsPlatformFeatures enabled
[2019.10.07-17.02.14:328][  0]LogInit: Using OS detected language (en-US).
[2019.10.07-17.02.14:328][  0]LogInit: Using OS detected locale (en-CA).
[2019.10.07-17.02.14:329][  0]LogTextLocalizationManager: No specific localization for 'en-US' exists, so the 'en' localization will be used.
[2019.10.07-17.02.14:506][  0]LogInit: Setting process to per monitor DPI aware
[2019.10.07-17.02.14:538][  0]LogSlate: New Slate User Created.  User Index 0, Is Virtual User: 0
[2019.10.07-17.02.14:538][  0]LogSlate: Slate User Registered.  User Index 0, Is Virtual User: 0
[2019.10.07-17.02.14:665][  0]LogHMD: Failed to initialize OpenVR with code 100
[2019.10.07-17.02.14:665][  0]LogD3D11RHI: D3D11 adapters:
[2019.10.07-17.02.14:734][  0]LogD3D11RHI:    0. 'NVIDIA GeForce GTX 1070' (Feature Level 11_0)
[2019.10.07-17.02.14:734][  0]LogD3D11RHI:       8082/0/8121 MB DedicatedVideo/DedicatedSystem/SharedSystem, Outputs:1, VendorId:0x10de
[2019.10.07-17.02.14:764][  0]LogD3D11RHI:    1. 'Intel(R) UHD Graphics 630' (Feature Level 11_0)
[2019.10.07-17.02.14:764][  0]LogD3D11RHI:       128/0/8121 MB DedicatedVideo/DedicatedSystem/SharedSystem, Outputs:0, VendorId:0x8086
[2019.10.07-17.02.14:765][  0]LogD3D11RHI:    2. 'Microsoft Basic Render Driver' (Feature Level 11_0)
[2019.10.07-17.02.14:765][  0]LogD3D11RHI:       0/0/8121 MB DedicatedVideo/DedicatedSystem/SharedSystem, Outputs:0, VendorId:0x1414
[2019.10.07-17.02.14:765][  0]LogD3D11RHI: Chosen D3D11 Adapter: 0
[2019.10.07-17.02.14:775][  0]LogD3D11RHI: Creating new Direct3DDevice
[2019.10.07-17.02.14:775][  0]LogD3D11RHI:     GPU DeviceId: 0x1ba1 (for the marketing name, search the web for "GPU Device Id")
[2019.10.07-17.02.14:775][  0]LogWindows: EnumDisplayDevices:
[2019.10.07-17.02.14:775][  0]LogWindows:    0. 'NVIDIA GeForce GTX 1070' (P:1 D:1)
[2019.10.07-17.02.14:776][  0]LogWindows:    1. 'NVIDIA GeForce GTX 1070' (P:0 D:0)
[2019.10.07-17.02.14:776][  0]LogWindows:    2. 'NVIDIA GeForce GTX 1070' (P:0 D:0)
[2019.10.07-17.02.14:776][  0]LogWindows:    3. 'NVIDIA GeForce GTX 1070' (P:0 D:0)
[2019.10.07-17.02.14:776][  0]LogWindows:    4. 'Intel(R) UHD Graphics 630' (P:0 D:0)
[2019.10.07-17.02.14:776][  0]LogWindows:    5. 'Intel(R) UHD Graphics 630' (P:0 D:0)
[2019.10.07-17.02.14:777][  0]LogWindows:    6. 'Intel(R) UHD Graphics 630' (P:0 D:0)
[2019.10.07-17.02.14:777][  0]LogWindows: DebugString: PrimaryIsNotTheChoosenAdapter PrimaryIsNotTheChoosenAdapter PrimaryIsNotTheChoosenAdapter FoundDriverCount:4 
[2019.10.07-17.02.14:777][  0]LogD3D11RHI:     Adapter Name: NVIDIA GeForce GTX 1070
[2019.10.07-17.02.14:777][  0]LogD3D11RHI:   Driver Version: 436.30 (internal:26.21.14.3630, unified:436.30)
[2019.10.07-17.02.14:777][  0]LogD3D11RHI:      Driver Date: 9-5-2019
[2019.10.07-17.02.14:777][  0]LogRHI: Texture pool is 5657 MB (70% of 8082 MB)
[2019.10.07-17.02.14:817][  0]LogD3D11RHI: Async texture creation enabled
[2019.10.07-17.02.14:904][  0]LogD3D11RHI: GPU Timing Frequency: 1000.000000 (Debug: 2 1)
[2019.10.07-17.02.15:252][  0]LogTemp: Display: Module 'AllDesktopTargetPlatform' loaded TargetPlatform 'AllDesktop'
[2019.10.07-17.02.15:258][  0]LogTemp: Display: Module 'MacClientTargetPlatform' loaded TargetPlatform 'MacClient'
[2019.10.07-17.02.15:265][  0]LogTemp: Display: Module 'MacNoEditorTargetPlatform' loaded TargetPlatform 'MacNoEditor'
[2019.10.07-17.02.15:271][  0]LogTemp: Display: Module 'MacServerTargetPlatform' loaded TargetPlatform 'MacServer'
[2019.10.07-17.02.15:277][  0]LogTemp: Display: Module 'MacTargetPlatform' loaded TargetPlatform 'Mac'
[2019.10.07-17.02.15:284][  0]LogTemp: Display: Module 'WindowsClientTargetPlatform' loaded TargetPlatform 'WindowsClient'
[2019.10.07-17.02.15:290][  0]LogTemp: Display: Module 'WindowsNoEditorTargetPlatform' loaded TargetPlatform 'WindowsNoEditor'
[2019.10.07-17.02.15:296][  0]LogTemp: Display: Module 'WindowsServerTargetPlatform' loaded TargetPlatform 'WindowsServer'
[2019.10.07-17.02.15:299][  0]LogTemp: Display: Module 'WindowsTargetPlatform' loaded TargetPlatform 'Windows'
[2019.10.07-17.02.15:329][  0]LogTemp: Display: Module 'AndroidTargetPlatform' loaded TargetPlatform 'Android'
[2019.10.07-17.02.15:329][  0]LogTemp: Display: Module 'AndroidTargetPlatform' loaded TargetPlatform 'Android_ASTC'
[2019.10.07-17.02.15:329][  0]LogTemp: Display: Module 'AndroidTargetPlatform' loaded TargetPlatform 'Android_ATC'
[2019.10.07-17.02.15:329][  0]LogTemp: Display: Module 'AndroidTargetPlatform' loaded TargetPlatform 'Android_DXT'
[2019.10.07-17.02.15:329][  0]LogTemp: Display: Module 'AndroidTargetPlatform' loaded TargetPlatform 'Android_ETC1'
[2019.10.07-17.02.15:329][  0]LogTemp: Display: Module 'AndroidTargetPlatform' loaded TargetPlatform 'Android_ETC1a'
[2019.10.07-17.02.15:329][  0]LogTemp: Display: Module 'AndroidTargetPlatform' loaded TargetPlatform 'Android_ETC2'
[2019.10.07-17.02.15:329][  0]LogTemp: Display: Module 'AndroidTargetPlatform' loaded TargetPlatform 'Android_PVRTC'
[2019.10.07-17.02.15:329][  0]LogTemp: Display: Module 'AndroidTargetPlatform' loaded TargetPlatform 'AndroidClient'
[2019.10.07-17.02.15:329][  0]LogTemp: Display: Module 'AndroidTargetPlatform' loaded TargetPlatform 'Android_ASTCClient'
[2019.10.07-17.02.15:329][  0]LogTemp: Display: Module 'AndroidTargetPlatform' loaded TargetPlatform 'Android_ATCClient'
[2019.10.07-17.02.15:329][  0]LogTemp: Display: Module 'AndroidTargetPlatform' loaded TargetPlatform 'Android_DXTClient'
[2019.10.07-17.02.15:329][  0]LogTemp: Display: Module 'AndroidTargetPlatform' loaded TargetPlatform 'Android_ETC1Client'
[2019.10.07-17.02.15:329][  0]LogTemp: Display: Module 'AndroidTargetPlatform' loaded TargetPlatform 'Android_ETC1aClient'
[2019.10.07-17.02.15:329][  0]LogTemp: Display: Module 'AndroidTargetPlatform' loaded TargetPlatform 'Android_ETC2Client'
[2019.10.07-17.02.15:329][  0]LogTemp: Display: Module 'AndroidTargetPlatform' loaded TargetPlatform 'Android_PVRTCClient'
[2019.10.07-17.02.15:329][  0]LogTemp: Display: Module 'AndroidTargetPlatform' loaded TargetPlatform 'Android_Multi'
[2019.10.07-17.02.15:329][  0]LogTemp: Display: Module 'AndroidTargetPlatform' loaded TargetPlatform 'Android_MultiClient'
[2019.10.07-17.02.15:331][  0]LogTemp: Display: Module 'HTML5TargetPlatform' loaded TargetPlatform 'HTML5'
[2019.10.07-17.02.15:344][  0]LogTemp: Display: Module 'IOSTargetPlatform' loaded TargetPlatform 'IOSClient'
[2019.10.07-17.02.15:344][  0]LogTemp: Display: Module 'IOSTargetPlatform' loaded TargetPlatform 'IOS'
[2019.10.07-17.02.15:356][  0]LogTemp: Display: Module 'TVOSTargetPlatform' loaded TargetPlatform 'TVOSClient'
[2019.10.07-17.02.15:356][  0]LogTemp: Display: Module 'TVOSTargetPlatform' loaded TargetPlatform 'TVOS'
[2019.10.07-17.02.15:363][  0]LogTemp: Display: Module 'LinuxClientTargetPlatform' loaded TargetPlatform 'LinuxClient'
[2019.10.07-17.02.15:368][  0]LogTemp: Display: Module 'LinuxNoEditorTargetPlatform' loaded TargetPlatform 'LinuxNoEditor'
[2019.10.07-17.02.15:374][  0]LogTemp: Display: Module 'LinuxServerTargetPlatform' loaded TargetPlatform 'LinuxServer'
[2019.10.07-17.02.15:379][  0]LogTemp: Display: Module 'LinuxTargetPlatform' loaded TargetPlatform 'Linux'
[2019.10.07-17.02.15:397][  0]LogTemp: Display: Module 'LuminTargetPlatform' loaded TargetPlatform 'Lumin'
[2019.10.07-17.02.15:397][  0]LogTemp: Display: Module 'LuminTargetPlatform' loaded TargetPlatform 'LuminClient'
[2019.10.07-17.02.15:398][  0]LogTargetPlatformManager: Display: Building Assets For Windows
[2019.10.07-17.02.15:403][  0]LogAudioDebug: Display: Lib vorbis DLL was dynamically loaded.
[2019.10.07-17.02.15:433][  0]LogShaderCompilers: Guid format shader working directory is -1 characters bigger than the processId version (../../../../../REPOS/ProjectBronze/ProjectBronze/Intermediate/Shaders/WorkingDirectory/25780/).
[2019.10.07-17.02.15:433][  0]LogShaderCompilers: Cleaned the shader compiler working directory 'C:/Users/Tiffany/AppData/Local/Temp/UnrealShaderWorkingDir/6418DB0441E11AAFA87B249D89911EEA/'.
[2019.10.07-17.02.15:434][  0]LogXGEController: Cannot use XGE Controller as Incredibuild is not installed on this machine.
[2019.10.07-17.02.15:434][  0]LogShaderCompilers: Cannot use XGE Shader Compiler as Incredibuild is not installed on this machine.
[2019.10.07-17.02.15:434][  0]LogShaderCompilers: Display: Using Local Shader Compiler.
[2019.10.07-17.02.15:951][  0]LogDerivedDataCache: Display: Max Cache Size: 512 MB
[2019.10.07-17.02.16:010][  0]LogDerivedDataCache: Loaded boot cache 0.06s 73MB C:/Users/Tiffany/AppData/Local/UnrealEngine/4.23/DerivedDataCache/Boot.ddc.
[2019.10.07-17.02.16:010][  0]LogDerivedDataCache: Display: Loaded Boot cache: C:/Users/Tiffany/AppData/Local/UnrealEngine/4.23/DerivedDataCache/Boot.ddc
[2019.10.07-17.02.16:010][  0]LogDerivedDataCache: FDerivedDataBackendGraph:  Pak pak cache file ../../../../../REPOS/ProjectBronze/ProjectBronze/DerivedDataCache/DDC.ddp not found, will not use a pak cache.
[2019.10.07-17.02.16:010][  0]LogDerivedDataCache: Unable to find inner node Pak for hierarchical cache Hierarchy.
[2019.10.07-17.02.16:010][  0]LogDerivedDataCache: FDerivedDataBackendGraph:  CompressedPak pak cache file ../../../../../REPOS/ProjectBronze/ProjectBronze/DerivedDataCache/Compressed.ddp not found, will not use a pak cache.
[2019.10.07-17.02.16:010][  0]LogDerivedDataCache: Unable to find inner node CompressedPak for hierarchical cache Hierarchy.
[2019.10.07-17.02.16:019][  0]LogDerivedDataCache: Display: Pak cache opened for reading ../../../Engine/DerivedDataCache/Compressed.ddp.
[2019.10.07-17.02.16:020][  0]LogDerivedDataCache: FDerivedDataBackendGraph:  EnterprisePak pak cache file ../../../Enterprise/DerivedDataCache/Compressed.ddp not found, will not use a pak cache.
[2019.10.07-17.02.16:020][  0]LogDerivedDataCache: Unable to find inner node EnterprisePak for hierarchical cache Hierarchy.
[2019.10.07-17.02.16:021][  0]LogDerivedDataCache: Using Local data cache path C:/Users/Tiffany/AppData/Local/UnrealEngine/Common/DerivedDataCache: Writable
[2019.10.07-17.02.16:021][  0]LogDerivedDataCache: Shared data cache path not found in *engine.ini, will not use an Shared cache.
[2019.10.07-17.02.16:021][  0]LogDerivedDataCache: Unable to find inner node Shared for hierarchical cache Hierarchy.
[2019.10.07-17.02.16:042][  0]LogMaterial: Verifying Global Shaders for PCD3D_SM5
[2019.10.07-17.02.16:045][  0]LogSlate: Using FreeType 2.6.0
[2019.10.07-17.02.16:045][  0]LogSlate: SlateFontServices - WITH_FREETYPE: 1, WITH_HARFBUZZ: 1
[2019.10.07-17.02.16:097][  0]LogAssetRegistry: FAssetRegistry took 0.0030 seconds to start up
[2019.10.07-17.02.16:376][  0]LogInit: Selected Device Profile: [Windows]
[2019.10.07-17.02.16:499][  0]LogMeshReduction: Using QuadricMeshReduction for automatic static mesh reduction
[2019.10.07-17.02.16:499][  0]LogMeshReduction: Using SimplygonMeshReduction for automatic skeletal mesh reduction
[2019.10.07-17.02.16:499][  0]LogMeshReduction: Using ProxyLODMeshReduction for automatic mesh merging
[2019.10.07-17.02.16:499][  0]LogMeshReduction: No distributed automatic mesh merging module available
[2019.10.07-17.02.16:499][  0]LogMeshMerging: No distributed automatic mesh merging module available
[2019.10.07-17.02.16:507][  0]LogNetVersion: ProjectBronze 1.0.0, NetCL: 8386587, EngineNetVer: 11, GameNetVer: 0 (Checksum: 1510744189)
[2019.10.07-17.02.16:866][  0]LogPackageLocalizationCache: Processed 13 localized package path(s) for 1 prioritized culture(s) in 0.041998 seconds
[2019.10.07-17.02.16:872][  0]LogUObjectArray: 43444 objects as part of root set at end of initial load.
[2019.10.07-17.02.16:872][  0]LogUObjectAllocator: 7548648 out of 0 bytes used by permanent object pool.
[2019.10.07-17.02.16:872][  0]LogUObjectArray: CloseDisregardForGC: 0/0 objects in disregard for GC pool
[2019.10.07-17.02.17:891][  0]LogTcpMessaging: Initializing TcpMessaging bridge
[2019.10.07-17.02.17:893][  0]LogUdpMessaging: Initializing bridge on interface 0.0.0.0:0 to multicast group 230.0.0.1:6666.
[2019.10.07-17.02.17:935][  0]SourceControl: Source control is disabled
[2019.10.07-17.02.17:935][  0]SourceControl: Source control is disabled
[2019.10.07-17.02.17:936][  0]SourceControl: Source control is disabled
[2019.10.07-17.02.17:937][  0]SourceControl: Source control is disabled
[2019.10.07-17.02.18:097][  0]LogAndroidPermission: UAndroidPermissionCallbackProxy::GetInstance
[2019.10.07-17.02.18:536][  0]LogOcInput: OculusInput pre-init called
[2019.10.07-17.02.18:542][  0]LogWindows: Failed to load 'OVRPlugin.dll' (GetLastError=126)
[2019.10.07-17.02.18:542][  0]LogWindows: File 'OVRPlugin.dll' does not exist
[2019.10.07-17.02.18:600][  0]LogEngine: Initializing Engine...
[2019.10.07-17.02.18:600][  0]LogHMD: Failed to initialize OpenVR with code 100
[2019.10.07-17.02.18:601][  0]LogStats: UGameplayTagsManager::InitializeManager -  0.000 s
[2019.10.07-17.02.18:797][  0]LogInit: Initializing FReadOnlyCVARCache
[2019.10.07-17.02.18:813][  0]LogAIModule: Creating AISystem for world Untitled
[2019.10.07-17.02.18:836][  0]LogInit: XAudio2 using 'Speakers/Headphones (Realtek(R) Audio)' : 6 channels at 48 kHz using 32 bits per sample (channel mask 0x3f)
[2019.10.07-17.02.18:854][  0]LogInit: FAudioDevice initialized.
[2019.10.07-17.02.18:855][  0]LogNetVersion: Set ProjectVersion to 1.0.0.0. Version Checksum will be recalculated on next use.
[2019.10.07-17.02.18:926][  0]LogDerivedDataCache: Saved boot cache 0.07s 73MB C:/Users/Tiffany/AppData/Local/UnrealEngine/4.23/DerivedDataCache/Boot.ddc.
[2019.10.07-17.02.18:938][  0]LogInit: Texture streaming: Enabled
[2019.10.07-17.02.18:964][  0]LogEngineSessionManager: EngineSessionManager initialized
[2019.10.07-17.02.19:016][  0]LogInit: Transaction tracking system initialized
[2019.10.07-17.02.19:036][  0]BlueprintLog: New page: Editor Load
[2019.10.07-17.02.19:083][  0]LocalizationService: Localization service is disabled
[2019.10.07-17.02.19:301][  0]LogFileCache: Scanning file cache for directory 'D:/REPOS/ProjectBronze/ProjectBronze/Content/' took 0.00s
[2019.10.07-17.02.19:301][  0]LogCook: Display: Max memory allowance for cook 16384mb min free memory 0mb
[2019.10.07-17.02.19:301][  0]LogCook: Display: Mobile HDR setting 1
[2019.10.07-17.02.19:451][  0]SourceControl: Source control is disabled
[2019.10.07-17.02.19:451][  0]Cmd: MAP LOAD FILE="../../../../../REPOS/ProjectBronze/ProjectBronze/Content/ThirdPersonBP/Maps/ThirdPersonExampleMap.umap" TEMPLATE=0 SHOWPROGRESS=1 FEATURELEVEL=3
[2019.10.07-17.02.19:451][  0]LightingResults: New page: Lighting Build
[2019.10.07-17.02.19:452][  0]LogWorld: UWorld::CleanupWorld for Untitled, bSessionEnded=true, bCleanupResources=true
[2019.10.07-17.02.19:453][  0]MapCheck: New page: Map Check
[2019.10.07-17.02.19:453][  0]LightingResults: New page: Lighting Build
[2019.10.07-17.02.19:486][  0]LogUObjectHash: Compacting FUObjectHashTables data took   1.80ms
[2019.10.07-17.02.19:716][  0]LogAIModule: Creating AISystem for world ThirdPersonExampleMap
[2019.10.07-17.02.19:735][  0]LogEditorServer: Finished looking for orphan Actors (0.000 secs)
[2019.10.07-17.02.19:764][  0]LogUObjectHash: Compacting FUObjectHashTables data took   1.82ms
[2019.10.07-17.02.19:764][  0]Cmd: MAP CHECKDEP NOCLEARLOG
[2019.10.07-17.02.19:765][  0]MapCheck: Map check complete: 0 Error(s), 0 Warning(s), took 0.085ms to complete.
[2019.10.07-17.02.19:765][  0]LogFileHelpers: Loading map 'ThirdPersonExampleMap' took 0.314
[2019.10.07-17.02.19:913][  0]LogCollectionManager: Loaded 0 collections in 0.000870 seconds
[2019.10.07-17.02.19:918][  0]LogFileCache: Scanning file cache for directory 'D:/REPOS/ProjectBronze/ProjectBronze/Saved/Collections/' took 0.00s
[2019.10.07-17.02.19:918][  0]LogFileCache: Scanning file cache for directory 'D:/REPOS/ProjectBronze/ProjectBronze/Content/Developers/Tiffany/Collections/' took 0.00s
[2019.10.07-17.02.19:918][  0]LogFileCache: Scanning file cache for directory 'D:/REPOS/ProjectBronze/ProjectBronze/Content/Collections/' took 0.00s
[2019.10.07-17.02.19:918][  0]LogCollectionManager: Rebuilt the GUID cache for 0 collections in 0.000002 seconds
[2019.10.07-17.02.19:926][  0]LogContentBrowser: Native class hierarchy populated in 0.0075 seconds. Added 2888 classes and 689 folders.
[2019.10.07-17.02.19:930][  0]LogContentBrowser: Native class hierarchy updated for 'WidgetCarousel' in 0.0002 seconds. Added 0 classes and 0 folders.
[2019.10.07-17.02.19:959][  0]LogContentBrowser: Native class hierarchy updated for 'AddContentDialog' in 0.0002 seconds. Added 0 classes and 0 folders.
[2019.10.07-17.02.19:977][  0]LogSlate: Updating window title bar state: overlay mode, drag disabled, window buttons hidden, title bar hidden
[2019.10.07-17.02.19:983][  0]LogSlate: Updating window title bar state: overlay mode, drag disabled, window buttons hidden, title bar hidden
[2019.10.07-17.02.19:989][  0]LogSlate: Updating window title bar state: overlay mode, drag disabled, window buttons hidden, title bar hidden
[2019.10.07-17.02.19:996][  0]LogSlate: Updating window title bar state: overlay mode, drag disabled, window buttons hidden, title bar hidden
[2019.10.07-17.02.20:001][  0]LogContentBrowser: Native class hierarchy updated for 'SceneOutliner' in 0.0003 seconds. Added 1 classes and 2 folders.
[2019.10.07-17.02.20:008][  0]LogContentBrowser: Native class hierarchy updated for 'WorldBrowser' in 0.0003 seconds. Added 2 classes and 3 folders.
[2019.10.07-17.02.20:095][  0]LogSlate: Took 0.000135 seconds to synchronously load lazily loaded font '../../../Engine/Content/Slate/Fonts/Roboto-Regular.ttf' (155K)
[2019.10.07-17.02.20:096][  0]LogSlate: Took 0.000105 seconds to synchronously load lazily loaded font '../../../Engine/Content/Editor/Slate/Fonts/FontAwesome.ttf' (139K)
[2019.10.07-17.02.20:096][  0]LogSlate: Took 0.000087 seconds to synchronously load lazily loaded font '../../../Engine/Content/Slate/Fonts/Roboto-Bold.ttf' (160K)
[2019.10.07-17.02.20:147][  0]LogRenderer: Reallocating scene render targets to support 1212x924 Format 10 NumSamples 1 (Frame:1).
[2019.10.07-17.02.20:254][  0]LogContentBrowser: Native class hierarchy updated for 'HierarchicalLODOutliner' in 0.0003 seconds. Added 0 classes and 0 folders.
[2019.10.07-17.02.20:254][  0]LogLoad: (Engine Initialization) Total time: 6.75 seconds
[2019.10.07-17.02.20:254][  0]LogLoad: (Engine Initialization) Total Blueprint compile time: 0.00 seconds
[2019.10.07-17.02.20:399][  0]LogContentStreaming: Texture pool size now 1000 MB
[2019.10.07-17.02.20:452][  1]LogAssetRegistry: Asset discovery search completed in 4.3562 seconds
[2019.10.07-17.02.20:455][  1]LogCollectionManager: Rebuilt the object cache for 0 collections in 0.000005 seconds (found 0 objects)
[2019.10.07-17.02.20:455][  1]LogCollectionManager: Fixed up redirectors for 0 collections in 0.000059 seconds (updated 0 objects)
[2019.10.07-17.02.21:620][ 10]LogSlate: Took 0.000123 seconds to synchronously load lazily loaded font '../../../Engine/Content/Slate/Fonts/Roboto-Light.ttf' (167K)
[2019.10.07-17.02.24:454][ 50]LogSlate: Took 0.000070 seconds to synchronously load lazily loaded font '../../../Engine/Content/Slate/Fonts/Roboto-Light.ttf' (167K)
[2019.10.07-17.02.24:854][ 56]LogSlate: FSceneViewport::OnFocusLost() reason 0
[2019.10.07-17.06.00:886][732]LogSlate: FSceneViewport::OnFocusLost() reason 5
[2019.10.07-17.06.03:075][763]LogSlate: FSceneViewport::OnFocusLost() reason 0
[2019.10.07-17.06.03:139][764]LogSlate: Window 'Plugins' being destroyed
[2019.10.07-17.06.03:208][764]LogSlate: Window 'Plugins' being destroyed
[2019.10.07-17.06.03:209][764]LogDirectoryWatcher: A directory notification for '../../../Engine/Plugins/' was aborted.
[2019.10.07-17.06.04:703][795]LogSlate: FSceneViewport::OnFocusLost() reason 0
[2019.10.07-17.06.04:751][796]LogSlate: Window 'Find in Blueprints' being destroyed
[2019.10.07-17.06.04:804][796]LogSlate: Window 'Find in Blueprints' being destroyed
[2019.10.07-17.06.06:264][839]LogSlate: FSceneViewport::OnFocusLost() reason 0
[2019.10.07-17.06.09:249][907]LogAIModule: Creating AISystem for world Procedural_Levels_CPP
[2019.10.07-17.06.09:307][907]LogAssetEditorManager: Opening Asset editor for World /Game/Procedural_Levels/Procedural_Levels/Procedural_Levels_CPP.Procedural_Levels_CPP
[2019.10.07-17.06.09:335][907]LogUObjectHash: Compacting FUObjectHashTables data took   1.83ms
[2019.10.07-17.06.09:335][907]Cmd: MAP LOAD FILE="../../../../../REPOS/ProjectBronze/ProjectBronze/Content/Procedural_Levels/Procedural_Levels/Procedural_Levels_CPP.umap" TEMPLATE=0 SHOWPROGRESS=1 FEATURELEVEL=3
[2019.10.07-17.06.09:335][907]LightingResults: New page: Lighting Build
[2019.10.07-17.06.09:335][907]LoadErrors: New page: Loading map: Procedural_Levels_CPP.umap
[2019.10.07-17.06.09:336][907]LogWorld: UWorld::CleanupWorld for ThirdPersonExampleMap, bSessionEnded=true, bCleanupResources=true
[2019.10.07-17.06.09:336][907]MapCheck: New page: Map Check
[2019.10.07-17.06.09:336][907]LightingResults: New page: Lighting Build
[2019.10.07-17.06.09:365][907]LogUObjectHash: Compacting FUObjectHashTables data took   1.79ms
[2019.10.07-17.06.09:367][907]LogStreaming: Display: ULevelStreaming::RequestLevel(/Game/Procedural_Levels/Procedural_Levels/Procedural01) is flushing async loading
[2019.10.07-17.06.09:367][907]LogStreaming: Display: Flushing async loaders.
[2019.10.07-17.06.09:402][907]LogStreaming: Display: ULevelStreaming::RequestLevel(/Game/Procedural_Levels/Procedural_Levels/Procedural02) is flushing async loading
[2019.10.07-17.06.09:461][907]LogStreaming: Display: ULevelStreaming::RequestLevel(/Game/Procedural_Levels/Procedural_Levels/Procedural03) is flushing async loading
[2019.10.07-17.06.09:474][907]LogStreaming: Display: ULevelStreaming::RequestLevel(/Game/Procedural_Levels/Procedural_Levels/Procedural04) is flushing async loading
[2019.10.07-17.06.09:555][907]LogEditorServer: Finished looking for orphan Actors (0.000 secs)
[2019.10.07-17.06.09:582][907]LogUObjectHash: Compacting FUObjectHashTables data took   1.29ms
[2019.10.07-17.06.09:596][907]Cmd: MAP CHECKDEP NOCLEARLOG
[2019.10.07-17.06.09:596][907]MapCheck: Map check complete: 0 Error(s), 0 Warning(s), took 0.166ms to complete.
[2019.10.07-17.06.09:596][907]LogFileHelpers: Loading map 'Procedural_Levels_CPP' took 0.261
[2019.10.07-17.06.11:928][949]LogAssetEditorManager: Opening Asset editor for LevelScriptBlueprint /Game/Procedural_Levels/Procedural_Levels/Procedural_Levels_CPP.Procedural_Levels_CPP:PersistentLevel.Procedural_Levels_CPP
[2019.10.07-17.06.12:219][949]LogContentBrowser: Native class hierarchy updated for 'BlueprintGraph' in 0.0005 seconds. Added 121 classes and 0 folders.
[2019.10.07-17.06.12:901][949]LogSlate: Took 0.000112 seconds to synchronously load lazily loaded font '../../../Engine/Content/Slate/Fonts/Roboto-BoldCondensed.ttf' (158K)
[2019.10.07-17.06.15:826][ 17]LogSlate: Window 'Procedural_Levels_CPP' being destroyed
[2019.10.07-17.06.54:546][421]LogAssetEditorManager: Opening Asset editor for UserDefinedStruct /Game/Procedural_Levels/GeneratorCPP/2DArray.2DArray
[2019.10.07-17.08.13:913][564]LogUObjectHash: Compacting FUObjectHashTables data took   3.31ms
[2019.10.07-17.08.13:975][564]LogUObjectHash: Compacting FUObjectHashTables data took   0.96ms
[2019.10.07-17.08.14:163][564]LogSavePackage: Moving '../../../../../REPOS/ProjectBronze/ProjectBronze/Saved/Procedural_Levels_CPP5FC346584D9CC81300E1E78B6337F9EC.tmp' to '../../../../../REPOS/ProjectBronze/ProjectBronze/Content/Procedural_Levels/Procedural_Levels/Procedural_Levels_CPP.umap'
[2019.10.07-17.08.14:175][564]LogFileHelpers: Saving map 'Procedural_Levels_CPP' took 0.232
[2019.10.07-17.08.14:192][564]Cmd: OBJ SAVEPACKAGE PACKAGE="/Game/Procedural_Levels/GeneratorCPP/2DArray" FILE="../../../../../REPOS/ProjectBronze/ProjectBronze/Content/Procedural_Levels/GeneratorCPP/2DArray.uasset" SILENT=true
[2019.10.07-17.08.14:195][564]LogSavePackage: Moving '../../../../../REPOS/ProjectBronze/ProjectBronze/Saved/2DArray6366F32340BB0662F43C62B005ECB080.tmp' to '../../../../../REPOS/ProjectBronze/ProjectBronze/Content/Procedural_Levels/GeneratorCPP/2DArray.uasset'
[2019.10.07-17.09.20:435][239]LogHttp: Warning: 000001B4A19FFD80: invalid HTTP response code received. URL: https://datarouter.ol.epicgames.com/datarouter/api/v1/public/data?SessionID=%7B22C3D942-4FFA-EBCB-D60C-2B906D999830%7D&AppID=UEEditor.Rocket.Release&AppVersion=4.23.0-8386587%2B%2B%2BUE4%2BRelease-4.23&UserID=5abcae5e480967fd458b48bfc189a5c6%7C98adff1fe0394c61940536c63b93d1ae%7C7695e8ed-6a5d-497f-bb26-c3c880e3c00b&AppEnvironment=datacollector-binary&UploadType=eteventstream, HTTP code: 0, content length: -1, actual payload size: 0
[2019.10.07-17.09.20:435][239]LogHttp: Warning: 000001B4A19FFD80: request failed, libcurl error: 0 (No error)
[2019.10.07-17.09.20:435][239]LogHttp: Warning: 000001B4A19FFD80: libcurl info message cache 0 (Found bundle for host datarouter.ol.epicgames.com: 0x1b4aa7eff70 [can pipeline])
[2019.10.07-17.09.20:435][239]LogHttp: Warning: 000001B4A19FFD80: libcurl info message cache 1 (Re-using existing connection! (#3) with host datarouter.ol.epicgames.com)
[2019.10.07-17.09.20:435][239]LogHttp: Warning: 000001B4A19FFD80: libcurl info message cache 2 (Connected to datarouter.ol.epicgames.com (18.208.48.150) port 443 (#3))
[2019.10.07-17.09.20:435][239]LogHttp: Warning: 000001B4A19FFD80: libcurl info message cache 3 (We are completely uploaded and fine)
[2019.10.07-17.09.20:435][239]LogHttp: Warning: 000001B4A19FFD80: libcurl info message cache 4 (TLSv1.2 (IN), TLS alert, Client hello (1):)
[2019.10.07-17.09.20:435][239]LogHttp: Warning: 000001B4A19FFD80: libcurl info message cache 5 (Connection died, retrying a fresh connect)
[2019.10.07-17.09.20:435][239]LogHttp: Warning: 000001B4A19FFD80: libcurl info message cache 6 (necessary data rewind wasn't possible)
[2019.10.07-17.09.20:435][239]LogHttp: Warning: 000001B4A19FFD80: libcurl info message cache 7 (Closing connection 3)
[2019.10.07-17.09.20:435][239]LogHttp: Warning: 000001B4A19FFD80: libcurl info message cache 8 (TLSv1.2 (OUT), TLS alert, Client hello (1):)
[2019.10.07-17.09.20:484][240]LogHttp: Warning: Retry exhausted on https://datarouter.ol.epicgames.com/datarouter/api/v1/public/data?SessionID=%7B22C3D942-4FFA-EBCB-D60C-2B906D999830%7D&AppID=UEEditor.Rocket.Release&AppVersion=4.23.0-8386587%2B%2B%2BUE4%2BRelease-4.23&UserID=5abcae5e480967fd458b48bfc189a5c6%7C98adff1fe0394c61940536c63b93d1ae%7C7695e8ed-6a5d-497f-bb26-c3c880e3c00b&AppEnvironment=datacollector-binary&UploadType=eteventstream
[2019.10.07-17.11.44:430][688]LogEditorTransaction: Undo Add Node
[2019.10.07-17.12.14:001][751]LogEditorTransaction: Undo Add Node
[2019.10.07-17.13.54:122][ 49]Cmd: TRANSACTION UNDO
[2019.10.07-17.13.54:122][ 49]LogEditorTransaction: Undo Add Variable
[2019.10.07-17.14.27:955][ 40]LogSlate: Window 'Change Variable Type' being destroyed
[2019.10.07-17.14.31:010][110]LogSlate: Window 'Find in Blueprints' being destroyed
[2019.10.07-17.14.31:098][110]LogSlate: Window 'Find in Blueprints' being destroyed
[2019.10.07-17.19.07:558][ 32]LogUObjectHash: Compacting FUObjectHashTables data took   3.57ms
[2019.10.07-17.19.07:744][ 32]LogSavePackage: Moving '../../../../../REPOS/ProjectBronze/ProjectBronze/Saved/Procedural_Levels_CPP_Auto15DD29E1A427E319B6D03798DA98F5264.tmp' to '../../../../../REPOS/ProjectBronze/ProjectBronze/Saved/Autosaves/Game/Procedural_Levels/Procedural_Levels/Procedural_Levels_CPP_Auto1.umap'
[2019.10.07-17.19.07:745][ 32]LogFileHelpers: Editor autosave (incl. sublevels) for '/Game/Procedural_Levels/Procedural_Levels/Procedural_Levels_CPP' took 0.219
[2019.10.07-17.19.07:745][ 32]LogFileHelpers: Editor autosave (incl. sublevels) for all levels took 0.219
[2019.10.07-17.19.07:757][ 32]OBJ SavePackage: Generating thumbnails for [0] asset(s) in package [/Game/Procedural_Levels/GeneratorCPP/2DArray] ([1] browsable assets)...
[2019.10.07-17.19.07:757][ 32]OBJ SavePackage: Finished generating thumbnails for package [/Game/Procedural_Levels/GeneratorCPP/2DArray]
[2019.10.07-17.19.07:760][ 32]LogSavePackage: Moving '../../../../../REPOS/ProjectBronze/ProjectBronze/Saved/2DArray_Auto13F6161824AE7A9E5940AC3B4C1E5A3E4.tmp' to '../../../../../REPOS/ProjectBronze/ProjectBronze/Saved/Autosaves/Game/Procedural_Levels/GeneratorCPP/2DArray_Auto1.uasset'
[2019.10.07-17.19.07:760][ 32]LogFileHelpers: Auto-saving content packages took 0.003
[2019.10.07-17.22.48:278][810]LogSlate: Took 0.000140 seconds to synchronously load lazily loaded font '../../../Engine/Content/Slate/Fonts/Roboto-Italic.ttf' (157K)
[2019.10.07-17.29.48:000][425]LogUObjectHash: Compacting FUObjectHashTables data took   3.07ms
[2019.10.07-17.29.48:188][425]LogSavePackage: Moving '../../../../../REPOS/ProjectBronze/ProjectBronze/Saved/Procedural_Levels_CPP_Auto23D19B43C46FB848CF07DB3A7B70D789F.tmp' to '../../../../../REPOS/ProjectBronze/ProjectBronze/Saved/Autosaves/Game/Procedural_Levels/Procedural_Levels/Procedural_Levels_CPP_Auto2.umap'
[2019.10.07-17.29.48:189][425]LogFileHelpers: Editor autosave (incl. sublevels) for '/Game/Procedural_Levels/Procedural_Levels/Procedural_Levels_CPP' took 0.221
[2019.10.07-17.29.48:189][425]LogFileHelpers: Editor autosave (incl. sublevels) for all levels took 0.221
[2019.10.07-17.33.20:333][412]LogHttp: Warning: 000001B48F19EC00: invalid HTTP response code received. URL: https://datarouter.ol.epicgames.com/datarouter/api/v1/public/data?SessionID=%7B22C3D942-4FFA-EBCB-D60C-2B906D999830%7D&AppID=UEEditor.Rocket.Release&AppVersion=4.23.0-8386587%2B%2B%2BUE4%2BRelease-4.23&UserID=5abcae5e480967fd458b48bfc189a5c6%7C98adff1fe0394c61940536c63b93d1ae%7C7695e8ed-6a5d-497f-bb26-c3c880e3c00b&AppEnvironment=datacollector-binary&UploadType=eteventstream, HTTP code: 0, content length: -1, actual payload size: 0
[2019.10.07-17.33.20:333][412]LogHttp: Warning: 000001B48F19EC00: request failed, libcurl error: 0 (No error)
[2019.10.07-17.33.20:333][412]LogHttp: Warning: 000001B48F19EC00: libcurl info message cache 0 (Found bundle for host datarouter.ol.epicgames.com: 0x1b4aa7eff70 [can pipeline])
[2019.10.07-17.33.20:333][412]LogHttp: Warning: 000001B48F19EC00: libcurl info message cache 1 (Re-using existing connection! (#15) with host datarouter.ol.epicgames.com)
[2019.10.07-17.33.20:333][412]LogHttp: Warning: 000001B48F19EC00: libcurl info message cache 2 (Connected to datarouter.ol.epicgames.com (52.204.243.49) port 443 (#15))
[2019.10.07-17.33.20:333][412]LogHttp: Warning: 000001B48F19EC00: libcurl info message cache 3 (We are completely uploaded and fine)
[2019.10.07-17.33.20:333][412]LogHttp: Warning: 000001B48F19EC00: libcurl info message cache 4 (TLSv1.2 (IN), TLS alert, Client hello (1):)
[2019.10.07-17.33.20:333][412]LogHttp: Warning: 000001B48F19EC00: libcurl info message cache 5 (Connection died, retrying a fresh connect)
[2019.10.07-17.33.20:333][412]LogHttp: Warning: 000001B48F19EC00: libcurl info message cache 6 (necessary data rewind wasn't possible)
[2019.10.07-17.33.20:333][412]LogHttp: Warning: 000001B48F19EC00: libcurl info message cache 7 (Closing connection 15)
[2019.10.07-17.33.20:333][412]LogHttp: Warning: 000001B48F19EC00: libcurl info message cache 8 (TLSv1.2 (OUT), TLS alert, Client hello (1):)
[2019.10.07-17.33.20:333][412]LogHttp: Warning: Retry exhausted on https://datarouter.ol.epicgames.com/datarouter/api/v1/public/data?SessionID=%7B22C3D942-4FFA-EBCB-D60C-2B906D999830%7D&AppID=UEEditor.Rocket.Release&AppVersion=4.23.0-8386587%2B%2B%2BUE4%2BRelease-4.23&UserID=5abcae5e480967fd458b48bfc189a5c6%7C98adff1fe0394c61940536c63b93d1ae%7C7695e8ed-6a5d-497f-bb26-c3c880e3c00b&AppEnvironment=datacollector-binary&UploadType=eteventstream
[2019.10.07-19.00.44:291][389]LogD3D11RHI: Timed out while waiting for GPU to catch up. (500 ms)
[2019.10.07-19.00.46:432][391]LogHttp: Warning: 000001B5004FFB00: invalid HTTP response code received. URL: https://datarouter.ol.epicgames.com/datarouter/api/v1/public/data?SessionID=%7B22C3D942-4FFA-EBCB-D60C-2B906D999830%7D&AppID=UEEditor.Rocket.Release&AppVersion=4.23.0-8386587%2B%2B%2BUE4%2BRelease-4.23&UserID=5abcae5e480967fd458b48bfc189a5c6%7C98adff1fe0394c61940536c63b93d1ae%7C7695e8ed-6a5d-497f-bb26-c3c880e3c00b&AppEnvironment=datacollector-binary&UploadType=eteventstream, HTTP code: 0, content length: -1, actual payload size: 0
[2019.10.07-19.00.46:432][391]LogHttp: Warning: 000001B5004FFB00: request failed, libcurl error: 6 (Couldn't resolve host name)
[2019.10.07-19.00.46:432][391]LogHttp: Warning: 000001B5004FFB00: libcurl info message cache 0 (Connection 17 seems to be dead!)
[2019.10.07-19.00.46:432][391]LogHttp: Warning: 000001B5004FFB00: libcurl info message cache 1 (Closing connection 17)
[2019.10.07-19.00.46:432][391]LogHttp: Warning: 000001B5004FFB00: libcurl info message cache 2 (Could not resolve host: datarouter.ol.epicgames.com)
[2019.10.07-19.00.46:432][391]LogHttp: Warning: 000001B5004FFB00: libcurl info message cache 3 (Closing connection 18)
[2019.10.07-19.00.46:436][392]LogHttp: Warning: Retry exhausted on https://datarouter.ol.epicgames.com/datarouter/api/v1/public/data?SessionID=%7B22C3D942-4FFA-EBCB-D60C-2B906D999830%7D&AppID=UEEditor.Rocket.Release&AppVersion=4.23.0-8386587%2B%2B%2BUE4%2BRelease-4.23&UserID=5abcae5e480967fd458b48bfc189a5c6%7C98adff1fe0394c61940536c63b93d1ae%7C7695e8ed-6a5d-497f-bb26-c3c880e3c00b&AppEnvironment=datacollector-binary&UploadType=eteventstream
[2019.10.07-19.00.54:330][250]LogUObjectHash: Compacting FUObjectHashTables data took   4.51ms
[2019.10.07-19.00.54:617][250]LogSavePackage: Moving '../../../../../REPOS/ProjectBronze/ProjectBronze/Saved/Procedural_Levels_CPP_Auto37C0CAEA34D0286C7CD9D1E9FE0359E3B.tmp' to '../../../../../REPOS/ProjectBronze/ProjectBronze/Saved/Autosaves/Game/Procedural_Levels/Procedural_Levels/Procedural_Levels_CPP_Auto3.umap'
[2019.10.07-19.00.54:619][250]LogFileHelpers: Editor autosave (incl. sublevels) for '/Game/Procedural_Levels/Procedural_Levels/Procedural_Levels_CPP' took 0.331
[2019.10.07-19.00.54:619][250]LogFileHelpers: Editor autosave (incl. sublevels) for all levels took 0.331
[2019.10.07-19.18.21:114][123]LogD3D11RHI: Timed out while waiting for GPU to catch up. (500 ms)
[2019.10.07-19.18.21:440][124]LogHttp: Warning: 000001B4A1F75D00: invalid HTTP response code received. URL: https://datarouter.ol.epicgames.com/datarouter/api/v1/public/data?SessionID=%7B22C3D942-4FFA-EBCB-D60C-2B906D999830%7D&AppID=UEEditor.Rocket.Release&AppVersion=4.23.0-8386587%2B%2B%2BUE4%2BRelease-4.23&UserID=5abcae5e480967fd458b48bfc189a5c6%7C98adff1fe0394c61940536c63b93d1ae%7C7695e8ed-6a5d-497f-bb26-c3c880e3c00b&AppEnvironment=datacollector-binary&UploadType=eteventstream, HTTP code: 0, content length: -1, actual payload size: 0
[2019.10.07-19.18.21:440][124]LogHttp: Warning: 000001B4A1F75D00: request failed, libcurl error: 56 (Failure when receiving data from the peer)
[2019.10.07-19.18.21:440][124]LogHttp: Warning: 000001B4A1F75D00: libcurl info message cache 0 (Found bundle for host datarouter.ol.epicgames.com: 0x1b4aa7eff70 [can pipeline])
[2019.10.07-19.18.21:440][124]LogHttp: Warning: 000001B4A1F75D00: libcurl info message cache 1 (Re-using existing connection! (#24) with host datarouter.ol.epicgames.com)
[2019.10.07-19.18.21:440][124]LogHttp: Warning: 000001B4A1F75D00: libcurl info message cache 2 (Connected to datarouter.ol.epicgames.com (23.20.51.18) port 443 (#24))
[2019.10.07-19.18.21:440][124]LogHttp: Warning: 000001B4A1F75D00: libcurl info message cache 3 (We are completely uploaded and fine)
[2019.10.07-19.18.21:440][124]LogHttp: Warning: 000001B4A1F75D00: libcurl info message cache 4 (OpenSSL SSL_read: SSL_ERROR_SYSCALL, errno 10054)
[2019.10.07-19.18.21:440][124]LogHttp: Warning: 000001B4A1F75D00: libcurl info message cache 5 (Connection died, retrying a fresh connect)
[2019.10.07-19.18.21:440][124]LogHttp: Warning: 000001B4A1F75D00: libcurl info message cache 6 (necessary data rewind wasn't possible)
[2019.10.07-19.18.21:440][124]LogHttp: Warning: 000001B4A1F75D00: libcurl info message cache 7 (Closing connection 24)
[2019.10.07-19.18.21:440][124]LogHttp: Warning: Retry exhausted on https://datarouter.ol.epicgames.com/datarouter/api/v1/public/data?SessionID=%7B22C3D942-4FFA-EBCB-D60C-2B906D999830%7D&AppID=UEEditor.Rocket.Release&AppVersion=4.23.0-8386587%2B%2B%2BUE4%2BRelease-4.23&UserID=5abcae5e480967fd458b48bfc189a5c6%7C98adff1fe0394c61940536c63b93d1ae%7C7695e8ed-6a5d-497f-bb26-c3c880e3c00b&AppEnvironment=datacollector-binary&UploadType=eteventstream
[2019.10.07-19.28.20:709][911]LogHttp: Warning: 000001B4A1F75BC0: invalid HTTP response code received. URL: https://datarouter.ol.epicgames.com/datarouter/api/v1/public/data?SessionID=%7B22C3D942-4FFA-EBCB-D60C-2B906D999830%7D&AppID=UEEditor.Rocket.Release&AppVersion=4.23.0-8386587%2B%2B%2BUE4%2BRelease-4.23&UserID=5abcae5e480967fd458b48bfc189a5c6%7C98adff1fe0394c61940536c63b93d1ae%7C7695e8ed-6a5d-497f-bb26-c3c880e3c00b&AppEnvironment=datacollector-binary&UploadType=eteventstream, HTTP code: 0, content length: -1, actual payload size: 0
[2019.10.07-19.28.20:709][911]LogHttp: Warning: 000001B4A1F75BC0: request failed, libcurl error: 0 (No error)
[2019.10.07-19.28.20:709][911]LogHttp: Warning: 000001B4A1F75BC0: libcurl info message cache 0 (Found bundle for host datarouter.ol.epicgames.com: 0x1b4aa7eff70 [can pipeline])
[2019.10.07-19.28.20:709][911]LogHttp: Warning: 000001B4A1F75BC0: libcurl info message cache 1 (Re-using existing connection! (#28) with host datarouter.ol.epicgames.com)
[2019.10.07-19.28.20:709][911]LogHttp: Warning: 000001B4A1F75BC0: libcurl info message cache 2 (Connected to datarouter.ol.epicgames.com (54.80.69.247) port 443 (#28))
[2019.10.07-19.28.20:709][911]LogHttp: Warning: 000001B4A1F75BC0: libcurl info message cache 3 (We are completely uploaded and fine)
[2019.10.07-19.28.20:709][911]LogHttp: Warning: 000001B4A1F75BC0: libcurl info message cache 4 (TLSv1.2 (IN), TLS alert, Client hello (1):)
[2019.10.07-19.28.20:709][911]LogHttp: Warning: 000001B4A1F75BC0: libcurl info message cache 5 (Connection died, retrying a fresh connect)
[2019.10.07-19.28.20:709][911]LogHttp: Warning: 000001B4A1F75BC0: libcurl info message cache 6 (necessary data rewind wasn't possible)
[2019.10.07-19.28.20:709][911]LogHttp: Warning: 000001B4A1F75BC0: libcurl info message cache 7 (Closing connection 28)
[2019.10.07-19.28.20:709][911]LogHttp: Warning: 000001B4A1F75BC0: libcurl info message cache 8 (TLSv1.2 (OUT), TLS alert, Client hello (1):)
[2019.10.07-19.28.21:043][912]LogHttp: Warning: Retry exhausted on https://datarouter.ol.epicgames.com/datarouter/api/v1/public/data?SessionID=%7B22C3D942-4FFA-EBCB-D60C-2B906D999830%7D&AppID=UEEditor.Rocket.Release&AppVersion=4.23.0-8386587%2B%2B%2BUE4%2BRelease-4.23&UserID=5abcae5e480967fd458b48bfc189a5c6%7C98adff1fe0394c61940536c63b93d1ae%7C7695e8ed-6a5d-497f-bb26-c3c880e3c00b&AppEnvironment=datacollector-binary&UploadType=eteventstream
[2019.10.07-19.35.20:752][165]LogHttp: Warning: 000001B4A1F76340: invalid HTTP response code received. URL: https://datarouter.ol.epicgames.com/datarouter/api/v1/public/data?SessionID=%7B22C3D942-4FFA-EBCB-D60C-2B906D999830%7D&AppID=UEEditor.Rocket.Release&AppVersion=4.23.0-8386587%2B%2B%2BUE4%2BRelease-4.23&UserID=5abcae5e480967fd458b48bfc189a5c6%7C98adff1fe0394c61940536c63b93d1ae%7C7695e8ed-6a5d-497f-bb26-c3c880e3c00b&AppEnvironment=datacollector-binary&UploadType=eteventstream, HTTP code: 0, content length: -1, actual payload size: 0
[2019.10.07-19.35.20:752][165]LogHttp: Warning: 000001B4A1F76340: request failed, libcurl error: 0 (No error)
[2019.10.07-19.35.20:752][165]LogHttp: Warning: 000001B4A1F76340: libcurl info message cache 0 (Found bundle for host datarouter.ol.epicgames.com: 0x1b4aa7eff70 [can pipeline])
[2019.10.07-19.35.20:752][165]LogHttp: Warning: 000001B4A1F76340: libcurl info message cache 1 (Re-using existing connection! (#31) with host datarouter.ol.epicgames.com)
[2019.10.07-19.35.20:752][165]LogHttp: Warning: 000001B4A1F76340: libcurl info message cache 2 (Connected to datarouter.ol.epicgames.com (18.235.42.24) port 443 (#31))
[2019.10.07-19.35.20:752][165]LogHttp: Warning: 000001B4A1F76340: libcurl info message cache 3 (We are completely uploaded and fine)
[2019.10.07-19.35.20:752][165]LogHttp: Warning: 000001B4A1F76340: libcurl info message cache 4 (TLSv1.2 (IN), TLS alert, Client hello (1):)
[2019.10.07-19.35.20:752][165]LogHttp: Warning: 000001B4A1F76340: libcurl info message cache 5 (Connection died, retrying a fresh connect)
[2019.10.07-19.35.20:752][165]LogHttp: Warning: 000001B4A1F76340: libcurl info message cache 6 (necessary data rewind wasn't possible)
[2019.10.07-19.35.20:752][165]LogHttp: Warning: 000001B4A1F76340: libcurl info message cache 7 (Closing connection 31)
[2019.10.07-19.35.20:752][165]LogHttp: Warning: 000001B4A1F76340: libcurl info message cache 8 (TLSv1.2 (OUT), TLS alert, Client hello (1):)
[2019.10.07-19.35.21:086][166]LogHttp: Warning: Retry exhausted on https://datarouter.ol.epicgames.com/datarouter/api/v1/public/data?SessionID=%7B22C3D942-4FFA-EBCB-D60C-2B906D999830%7D&AppID=UEEditor.Rocket.Release&AppVersion=4.23.0-8386587%2B%2B%2BUE4%2BRelease-4.23&UserID=5abcae5e480967fd458b48bfc189a5c6%7C98adff1fe0394c61940536c63b93d1ae%7C7695e8ed-6a5d-497f-bb26-c3c880e3c00b&AppEnvironment=datacollector-binary&UploadType=eteventstream
[2019.10.07-19.56.20:800][925]LogHttp: Warning: 000001B4A1F75E40: invalid HTTP response code received. URL: https://datarouter.ol.epicgames.com/datarouter/api/v1/public/data?SessionID=%7B22C3D942-4FFA-EBCB-D60C-2B906D999830%7D&AppID=UEEditor.Rocket.Release&AppVersion=4.23.0-8386587%2B%2B%2BUE4%2BRelease-4.23&UserID=5abcae5e480967fd458b48bfc189a5c6%7C98adff1fe0394c61940536c63b93d1ae%7C7695e8ed-6a5d-497f-bb26-c3c880e3c00b&AppEnvironment=datacollector-binary&UploadType=eteventstream, HTTP code: 0, content length: -1, actual payload size: 0
[2019.10.07-19.56.20:800][925]LogHttp: Warning: 000001B4A1F75E40: request failed, libcurl error: 0 (No error)
[2019.10.07-19.56.20:800][925]LogHttp: Warning: 000001B4A1F75E40: libcurl info message cache 0 (Found bundle for host datarouter.ol.epicgames.com: 0x1b4aa7eff70 [can pipeline])
[2019.10.07-19.56.20:800][925]LogHttp: Warning: 000001B4A1F75E40: libcurl info message cache 1 (Re-using existing connection! (#42) with host datarouter.ol.epicgames.com)
[2019.10.07-19.56.20:800][925]LogHttp: Warning: 000001B4A1F75E40: libcurl info message cache 2 (Connected to datarouter.ol.epicgames.com (35.169.76.60) port 443 (#42))
[2019.10.07-19.56.20:800][925]LogHttp: Warning: 000001B4A1F75E40: libcurl info message cache 3 (We are completely uploaded and fine)
[2019.10.07-19.56.20:800][925]LogHttp: Warning: 000001B4A1F75E40: libcurl info message cache 4 (TLSv1.2 (IN), TLS alert, Client hello (1):)
[2019.10.07-19.56.20:800][925]LogHttp: Warning: 000001B4A1F75E40: libcurl info message cache 5 (Connection died, retrying a fresh connect)
[2019.10.07-19.56.20:800][925]LogHttp: Warning: 000001B4A1F75E40: libcurl info message cache 6 (necessary data rewind wasn't possible)
[2019.10.07-19.56.20:800][925]LogHttp: Warning: 000001B4A1F75E40: libcurl info message cache 7 (Closing connection 42)
[2019.10.07-19.56.20:800][925]LogHttp: Warning: 000001B4A1F75E40: libcurl info message cache 8 (TLSv1.2 (OUT), TLS alert, Client hello (1):)
[2019.10.07-19.56.21:139][926]LogHttp: Warning: Retry exhausted on https://datarouter.ol.epicgames.com/datarouter/api/v1/public/data?SessionID=%7B22C3D942-4FFA-EBCB-D60C-2B906D999830%7D&AppID=UEEditor.Rocket.Release&AppVersion=4.23.0-8386587%2B%2B%2BUE4%2BRelease-4.23&UserID=5abcae5e480967fd458b48bfc189a5c6%7C98adff1fe0394c61940536c63b93d1ae%7C7695e8ed-6a5d-497f-bb26-c3c880e3c00b&AppEnvironment=datacollector-binary&UploadType=eteventstream
[2019.10.07-20.05.20:762][538]LogHttp: Warning: 000001B4A6F61580: invalid HTTP response code received. URL: https://datarouter.ol.epicgames.com/datarouter/api/v1/public/data?SessionID=%7B22C3D942-4FFA-EBCB-D60C-2B906D999830%7D&AppID=UEEditor.Rocket.Release&AppVersion=4.23.0-8386587%2B%2B%2BUE4%2BRelease-4.23&UserID=5abcae5e480967fd458b48bfc189a5c6%7C98adff1fe0394c61940536c63b93d1ae%7C7695e8ed-6a5d-497f-bb26-c3c880e3c00b&AppEnvironment=datacollector-binary&UploadType=eteventstream, HTTP code: 0, content length: -1, actual payload size: 0
[2019.10.07-20.05.20:762][538]LogHttp: Warning: 000001B4A6F61580: request failed, libcurl error: 0 (No error)
[2019.10.07-20.05.20:762][538]LogHttp: Warning: 000001B4A6F61580: libcurl info message cache 0 (Found bundle for host datarouter.ol.epicgames.com: 0x1b4aa7eff70 [can pipeline])
[2019.10.07-20.05.20:762][538]LogHttp: Warning: 000001B4A6F61580: libcurl info message cache 1 (Re-using existing connection! (#46) with host datarouter.ol.epicgames.com)
[2019.10.07-20.05.20:762][538]LogHttp: Warning: 000001B4A6F61580: libcurl info message cache 2 (Connected to datarouter.ol.epicgames.com (52.73.244.215) port 443 (#46))
[2019.10.07-20.05.20:762][538]LogHttp: Warning: 000001B4A6F61580: libcurl info message cache 3 (We are completely uploaded and fine)
[2019.10.07-20.05.20:762][538]LogHttp: Warning: 000001B4A6F61580: libcurl info message cache 4 (TLSv1.2 (IN), TLS alert, Client hello (1):)
[2019.10.07-20.05.20:762][538]LogHttp: Warning: 000001B4A6F61580: libcurl info message cache 5 (Connection died, retrying a fresh connect)
[2019.10.07-20.05.20:762][538]LogHttp: Warning: 000001B4A6F61580: libcurl info message cache 6 (necessary data rewind wasn't possible)
[2019.10.07-20.05.20:762][538]LogHttp: Warning: 000001B4A6F61580: libcurl info message cache 7 (Closing connection 46)
[2019.10.07-20.05.20:762][538]LogHttp: Warning: 000001B4A6F61580: libcurl info message cache 8 (TLSv1.2 (OUT), TLS alert, Client hello (1):)
[2019.10.07-20.05.20:762][538]LogHttp: Warning: Retry exhausted on https://datarouter.ol.epicgames.com/datarouter/api/v1/public/data?SessionID=%7B22C3D942-4FFA-EBCB-D60C-2B906D999830%7D&AppID=UEEditor.Rocket.Release&AppVersion=4.23.0-8386587%2B%2B%2BUE4%2BRelease-4.23&UserID=5abcae5e480967fd458b48bfc189a5c6%7C98adff1fe0394c61940536c63b93d1ae%7C7695e8ed-6a5d-497f-bb26-c3c880e3c00b&AppEnvironment=datacollector-binary&UploadType=eteventstream
[2019.10.07-20.35.20:859][910]LogHttp: Warning: 000001B4A6F62700: invalid HTTP response code received. URL: https://datarouter.ol.epicgames.com/datarouter/api/v1/public/data?SessionID=%7B22C3D942-4FFA-EBCB-D60C-2B906D999830%7D&AppID=UEEditor.Rocket.Release&AppVersion=4.23.0-8386587%2B%2B%2BUE4%2BRelease-4.23&UserID=5abcae5e480967fd458b48bfc189a5c6%7C98adff1fe0394c61940536c63b93d1ae%7C7695e8ed-6a5d-497f-bb26-c3c880e3c00b&AppEnvironment=datacollector-binary&UploadType=eteventstream, HTTP code: 0, content length: -1, actual payload size: 0
[2019.10.07-20.35.20:859][910]LogHttp: Warning: 000001B4A6F62700: request failed, libcurl error: 0 (No error)
[2019.10.07-20.35.20:859][910]LogHttp: Warning: 000001B4A6F62700: libcurl info message cache 0 (Found bundle for host datarouter.ol.epicgames.com: 0x1b4aa7eff70 [can pipeline])
[2019.10.07-20.35.20:859][910]LogHttp: Warning: 000001B4A6F62700: libcurl info message cache 1 (Re-using existing connection! (#61) with host datarouter.ol.epicgames.com)
[2019.10.07-20.35.20:859][910]LogHttp: Warning: 000001B4A6F62700: libcurl info message cache 2 (Connected to datarouter.ol.epicgames.com (100.24.251.232) port 443 (#61))
[2019.10.07-20.35.20:859][910]LogHttp: Warning: 000001B4A6F62700: libcurl info message cache 3 (We are completely uploaded and fine)
[2019.10.07-20.35.20:859][910]LogHttp: Warning: 000001B4A6F62700: libcurl info message cache 4 (TLSv1.2 (IN), TLS alert, Client hello (1):)
[2019.10.07-20.35.20:859][910]LogHttp: Warning: 000001B4A6F62700: libcurl info message cache 5 (Connection died, retrying a fresh connect)
[2019.10.07-20.35.20:859][910]LogHttp: Warning: 000001B4A6F62700: libcurl info message cache 6 (necessary data rewind wasn't possible)
[2019.10.07-20.35.20:859][910]LogHttp: Warning: 000001B4A6F62700: libcurl info message cache 7 (Closing connection 61)
[2019.10.07-20.35.20:859][910]LogHttp: Warning: 000001B4A6F62700: libcurl info message cache 8 (TLSv1.2 (OUT), TLS alert, Client hello (1):)
[2019.10.07-20.35.20:859][910]LogHttp: Warning: Retry exhausted on https://datarouter.ol.epicgames.com/datarouter/api/v1/public/data?SessionID=%7B22C3D942-4FFA-EBCB-D60C-2B906D999830%7D&AppID=UEEditor.Rocket.Release&AppVersion=4.23.0-8386587%2B%2B%2BUE4%2BRelease-4.23&UserID=5abcae5e480967fd458b48bfc189a5c6%7C98adff1fe0394c61940536c63b93d1ae%7C7695e8ed-6a5d-497f-bb26-c3c880e3c00b&AppEnvironment=datacollector-binary&UploadType=eteventstream
[2019.10.07-21.14.20:719][881]LogHttp: Warning: 000001B4A6F62480: invalid HTTP response code received. URL: https://datarouter.ol.epicgames.com/datarouter/api/v1/public/data?SessionID=%7B22C3D942-4FFA-EBCB-D60C-2B906D999830%7D&AppID=UEEditor.Rocket.Release&AppVersion=4.23.0-8386587%2B%2B%2BUE4%2BRelease-4.23&UserID=5abcae5e480967fd458b48bfc189a5c6%7C98adff1fe0394c61940536c63b93d1ae%7C7695e8ed-6a5d-497f-bb26-c3c880e3c00b&AppEnvironment=datacollector-binary&UploadType=eteventstream, HTTP code: 0, content length: -1, actual payload size: 0
[2019.10.07-21.14.20:719][881]LogHttp: Warning: 000001B4A6F62480: request failed, libcurl error: 0 (No error)
[2019.10.07-21.14.20:719][881]LogHttp: Warning: 000001B4A6F62480: libcurl info message cache 0 (Found bundle for host datarouter.ol.epicgames.com: 0x1b4aa7eff70 [can pipeline])
[2019.10.07-21.14.20:719][881]LogHttp: Warning: 000001B4A6F62480: libcurl info message cache 1 (Re-using existing connection! (#82) with host datarouter.ol.epicgames.com)
[2019.10.07-21.14.20:719][881]LogHttp: Warning: 000001B4A6F62480: libcurl info message cache 2 (Connected to datarouter.ol.epicgames.com (52.54.203.96) port 443 (#82))
[2019.10.07-21.14.20:719][881]LogHttp: Warning: 000001B4A6F62480: libcurl info message cache 3 (We are completely uploaded and fine)
[2019.10.07-21.14.20:719][881]LogHttp: Warning: 000001B4A6F62480: libcurl info message cache 4 (TLSv1.2 (IN), TLS alert, Client hello (1):)
[2019.10.07-21.14.20:719][881]LogHttp: Warning: 000001B4A6F62480: libcurl info message cache 5 (Connection died, retrying a fresh connect)
[2019.10.07-21.14.20:719][881]LogHttp: Warning: 000001B4A6F62480: libcurl info message cache 6 (necessary data rewind wasn't possible)
[2019.10.07-21.14.20:719][881]LogHttp: Warning: 000001B4A6F62480: libcurl info message cache 7 (Closing connection 82)
[2019.10.07-21.14.20:719][881]LogHttp: Warning: 000001B4A6F62480: libcurl info message cache 8 (TLSv1.2 (OUT), TLS alert, Client hello (1):)
[2019.10.07-21.14.21:052][882]LogHttp: Warning: Retry exhausted on https://datarouter.ol.epicgames.com/datarouter/api/v1/public/data?SessionID=%7B22C3D942-4FFA-EBCB-D60C-2B906D999830%7D&AppID=UEEditor.Rocket.Release&AppVersion=4.23.0-8386587%2B%2B%2BUE4%2BRelease-4.23&UserID=5abcae5e480967fd458b48bfc189a5c6%7C98adff1fe0394c61940536c63b93d1ae%7C7695e8ed-6a5d-497f-bb26-c3c880e3c00b&AppEnvironment=datacollector-binary&UploadType=eteventstream
[2019.10.07-21.35.20:773][642]LogHttp: Warning: 000001B4A6F61F80: invalid HTTP response code received. URL: https://datarouter.ol.epicgames.com/datarouter/api/v1/public/data?SessionID=%7B22C3D942-4FFA-EBCB-D60C-2B906D999830%7D&AppID=UEEditor.Rocket.Release&AppVersion=4.23.0-8386587%2B%2B%2BUE4%2BRelease-4.23&UserID=5abcae5e480967fd458b48bfc189a5c6%7C98adff1fe0394c61940536c63b93d1ae%7C7695e8ed-6a5d-497f-bb26-c3c880e3c00b&AppEnvironment=datacollector-binary&UploadType=eteventstream, HTTP code: 0, content length: -1, actual payload size: 0
[2019.10.07-21.35.20:773][642]LogHttp: Warning: 000001B4A6F61F80: request failed, libcurl error: 0 (No error)
[2019.10.07-21.35.20:773][642]LogHttp: Warning: 000001B4A6F61F80: libcurl info message cache 0 (Found bundle for host datarouter.ol.epicgames.com: 0x1b4aa7eff70 [can pipeline])
[2019.10.07-21.35.20:773][642]LogHttp: Warning: 000001B4A6F61F80: libcurl info message cache 1 (Re-using existing connection! (#94) with host datarouter.ol.epicgames.com)
[2019.10.07-21.35.20:773][642]LogHttp: Warning: 000001B4A6F61F80: libcurl info message cache 2 (Connected to datarouter.ol.epicgames.com (52.1.48.131) port 443 (#94))
[2019.10.07-21.35.20:773][642]LogHttp: Warning: 000001B4A6F61F80: libcurl info message cache 3 (We are completely uploaded and fine)
[2019.10.07-21.35.20:773][642]LogHttp: Warning: 000001B4A6F61F80: libcurl info message cache 4 (TLSv1.2 (IN), TLS alert, Client hello (1):)
[2019.10.07-21.35.20:773][642]LogHttp: Warning: 000001B4A6F61F80: libcurl info message cache 5 (Connection died, retrying a fresh connect)
[2019.10.07-21.35.20:773][642]LogHttp: Warning: 000001B4A6F61F80: libcurl info message cache 6 (necessary data rewind wasn't possible)
[2019.10.07-21.35.20:773][642]LogHttp: Warning: 000001B4A6F61F80: libcurl info message cache 7 (Closing connection 94)
[2019.10.07-21.35.20:773][642]LogHttp: Warning: 000001B4A6F61F80: libcurl info message cache 8 (TLSv1.2 (OUT), TLS alert, Client hello (1):)
[2019.10.07-21.35.20:773][642]LogHttp: Warning: Retry exhausted on https://datarouter.ol.epicgames.com/datarouter/api/v1/public/data?SessionID=%7B22C3D942-4FFA-EBCB-D60C-2B906D999830%7D&AppID=UEEditor.Rocket.Release&AppVersion=4.23.0-8386587%2B%2B%2BUE4%2BRelease-4.23&UserID=5abcae5e480967fd458b48bfc189a5c6%7C98adff1fe0394c61940536c63b93d1ae%7C7695e8ed-6a5d-497f-bb26-c3c880e3c00b&AppEnvironment=datacollector-binary&UploadType=eteventstream
